[0.165s] Invoking command in '/home/barenbo/Desktop/Code/robot/lab2/build/ros_gz_app': CMAKE_PREFIX_PATH=${CMAKE_PREFIX_PATH}:/opt/ros/jazzy PS1=<ROS2-Jazzy>[\u@\h \W]$ /usr/bin/cmake --build /home/barenbo/Desktop/Code/robot/lab2/build/ros_gz_app -- -j24 -l24
[0.193s] Invoked command in '/home/barenbo/Desktop/Code/robot/lab2/build/ros_gz_app' returned '0': CMAKE_PREFIX_PATH=${CMAKE_PREFIX_PATH}:/opt/ros/jazzy PS1=<ROS2-Jazzy>[\u@\h \W]$ /usr/bin/cmake --build /home/barenbo/Desktop/Code/robot/lab2/build/ros_gz_app -- -j24 -l24
[0.194s] Invoking command in '/home/barenbo/Desktop/Code/robot/lab2/build/ros_gz_app': CMAKE_PREFIX_PATH=${CMAKE_PREFIX_PATH}:/opt/ros/jazzy PS1=<ROS2-Jazzy>[\u@\h \W]$ /usr/bin/cmake --install /home/barenbo/Desktop/Code/robot/lab2/build/ros_gz_app
[0.202s] -- Install configuration: ""
[0.203s] -- Up-to-date: /home/barenbo/Desktop/Code/robot/lab2/install/ros_gz_app/share/ament_index/resource_index/package_run_dependencies/ros_gz_app
[0.204s] -- Up-to-date: /home/barenbo/Desktop/Code/robot/lab2/install/ros_gz_app/share/ament_index/resource_index/parent_prefix_path/ros_gz_app
[0.205s] -- Up-to-date: /home/barenbo/Desktop/Code/robot/lab2/install/ros_gz_app/share/ros_gz_app/environment/ament_prefix_path.sh
[0.206s] -- Up-to-date: /home/barenbo/Desktop/Code/robot/lab2/install/ros_gz_app/share/ros_gz_app/environment/ament_prefix_path.dsv
[0.206s] -- Up-to-date: /home/barenbo/Desktop/Code/robot/lab2/install/ros_gz_app/share/ros_gz_app/environment/path.sh
[0.207s] -- Up-to-date: /home/barenbo/Desktop/Code/robot/lab2/install/ros_gz_app/share/ros_gz_app/environment/path.dsv
[0.208s] -- Up-to-date: /home/barenbo/Desktop/Code/robot/lab2/install/ros_gz_app/share/ros_gz_app/local_setup.bash
[0.208s] -- Up-to-date: /home/barenbo/Desktop/Code/robot/lab2/install/ros_gz_app/share/ros_gz_app/local_setup.sh
[0.209s] -- Up-to-date: /home/barenbo/Desktop/Code/robot/lab2/install/ros_gz_app/share/ros_gz_app/local_setup.zsh
[0.210s] -- Up-to-date: /home/barenbo/Desktop/Code/robot/lab2/install/ros_gz_app/share/ros_gz_app/local_setup.dsv
[0.210s] -- Installing: /home/barenbo/Desktop/Code/robot/lab2/install/ros_gz_app/share/ros_gz_app/package.dsv
[0.216s] -- Up-to-date: /home/barenbo/Desktop/Code/robot/lab2/install/ros_gz_app/share/ament_index/resource_index/packages/ros_gz_app
[0.216s] -- Up-to-date: /home/barenbo/Desktop/Code/robot/lab2/install/ros_gz_app/share/ros_gz_app/cmake/ros_gz_appConfig.cmake
[0.217s] -- Up-to-date: /home/barenbo/Desktop/Code/robot/lab2/install/ros_gz_app/share/ros_gz_app/cmake/ros_gz_appConfig-version.cmake
[0.218s] -- Up-to-date: /home/barenbo/Desktop/Code/robot/lab2/install/ros_gz_app/share/ros_gz_app/package.xml
[0.271s] Invoked command in '/home/barenbo/Desktop/Code/robot/lab2/build/ros_gz_app' returned '0': CMAKE_PREFIX_PATH=${CMAKE_PREFIX_PATH}:/opt/ros/jazzy PS1=<ROS2-Jazzy>[\u@\h \W]$ /usr/bin/cmake --install /home/barenbo/Desktop/Code/robot/lab2/build/ros_gz_app
