[0.512s] Invoking command in '/home/barenbo/Desktop/Code/robot/lab2/py_pubsub': PS1=<ROS2-Jazzy>[\u@\h \W]$ PYTHONPATH=/home/barenbo/Desktop/Code/robot/lab2/py_pubsub/build/py_pubsub/prefix_override:/usr/lib/python3/dist-packages/colcon_core/task/python/colcon_distutils_commands:/home/barenbo/Desktop/Code/robot/lab2/py_pubsub/install/py_pubsub/lib/python3.12/site-packages:${PYTHONPATH} /usr/bin/python3 -W ignore:setup.py install is deprecated -W ignore:easy_install command is deprecated setup.py egg_info --egg-base build/py_pubsub build --build-base /home/barenbo/Desktop/Code/robot/lab2/py_pubsub/build/py_pubsub/build install --record /home/barenbo/Desktop/Code/robot/lab2/py_pubsub/build/py_pubsub/install.log --single-version-externally-managed install_data
[0.648s] running egg_info
[0.657s] writing build/py_pubsub/py_pubsub.egg-info/PKG-INFO
[0.660s] writing dependency_links to build/py_pubsub/py_pubsub.egg-info/dependency_links.txt
[0.662s] writing entry points to build/py_pubsub/py_pubsub.egg-info/entry_points.txt
[0.664s] writing requirements to build/py_pubsub/py_pubsub.egg-info/requires.txt
[0.665s] writing top-level names to build/py_pubsub/py_pubsub.egg-info/top_level.txt
[0.693s] reading manifest file 'build/py_pubsub/py_pubsub.egg-info/SOURCES.txt'
[0.693s] adding license file 'LICENSE'
[0.694s] writing manifest file 'build/py_pubsub/py_pubsub.egg-info/SOURCES.txt'
[0.695s] running build
[0.695s] running build_py
[0.696s] copying py_pubsub/publisher_member_function.py -> /home/barenbo/Desktop/Code/robot/lab2/py_pubsub/build/py_pubsub/build/lib/py_pubsub
[0.699s] running install
[0.702s] running install_lib
[0.711s] copying /home/barenbo/Desktop/Code/robot/lab2/py_pubsub/build/py_pubsub/build/lib/py_pubsub/publisher_member_function.py -> /home/barenbo/Desktop/Code/robot/lab2/py_pubsub/install/py_pubsub/lib/python3.12/site-packages/py_pubsub
[0.715s] byte-compiling /home/barenbo/Desktop/Code/robot/lab2/py_pubsub/install/py_pubsub/lib/python3.12/site-packages/py_pubsub/publisher_member_function.py to publisher_member_function.cpython-312.pyc
[0.719s] running install_data
[0.720s] running install_egg_info
[0.737s] removing '/home/barenbo/Desktop/Code/robot/lab2/py_pubsub/install/py_pubsub/lib/python3.12/site-packages/py_pubsub-0.0.0-py3.12.egg-info' (and everything under it)
[0.743s] Copying build/py_pubsub/py_pubsub.egg-info to /home/barenbo/Desktop/Code/robot/lab2/py_pubsub/install/py_pubsub/lib/python3.12/site-packages/py_pubsub-0.0.0-py3.12.egg-info
[0.774s] running install_scripts
[0.878s] Installing talker script to /home/barenbo/Desktop/Code/robot/lab2/py_pubsub/install/py_pubsub/lib/py_pubsub
[0.881s] writing list of installed files to '/home/barenbo/Desktop/Code/robot/lab2/py_pubsub/build/py_pubsub/install.log'
[0.896s] Invoked command in '/home/barenbo/Desktop/Code/robot/lab2/py_pubsub' returned '0': PS1=<ROS2-Jazzy>[\u@\h \W]$ PYTHONPATH=/home/barenbo/Desktop/Code/robot/lab2/py_pubsub/build/py_pubsub/prefix_override:/usr/lib/python3/dist-packages/colcon_core/task/python/colcon_distutils_commands:/home/barenbo/Desktop/Code/robot/lab2/py_pubsub/install/py_pubsub/lib/python3.12/site-packages:${PYTHONPATH} /usr/bin/python3 -W ignore:setup.py install is deprecated -W ignore:easy_install command is deprecated setup.py egg_info --egg-base build/py_pubsub build --build-base /home/barenbo/Desktop/Code/robot/lab2/py_pubsub/build/py_pubsub/build install --record /home/barenbo/Desktop/Code/robot/lab2/py_pubsub/build/py_pubsub/install.log --single-version-externally-managed install_data
