[0.155s] Invoking command in '/home/barenbo/Desktop/Code/robot/lab2/build/ros_gz_app': CMAKE_PREFIX_PATH=${CMAKE_PREFIX_PATH}:/opt/ros/jazzy PS1=<ROS2-Jazzy>[\u@\h \W]$ /usr/bin/cmake --build /home/barenbo/Desktop/Code/robot/lab2/build/ros_gz_app -- -j24 -l24
[0.225s] Invoked command in '/home/barenbo/Desktop/Code/robot/lab2/build/ros_gz_app' returned '0': CMAKE_PREFIX_PATH=${CMAKE_PREFIX_PATH}:/opt/ros/jazzy PS1=<ROS2-Jazzy>[\u@\h \W]$ /usr/bin/cmake --build /home/barenbo/Desktop/Code/robot/lab2/build/ros_gz_app -- -j24 -l24
[0.227s] Invoking command in '/home/barenbo/Desktop/Code/robot/lab2/build/ros_gz_app': CMAKE_PREFIX_PATH=${CMAKE_PREFIX_PATH}:/opt/ros/jazzy PS1=<ROS2-Jazzy>[\u@\h \W]$ /usr/bin/cmake --install /home/barenbo/Desktop/Code/robot/lab2/build/ros_gz_app
[0.239s] -- Install configuration: ""
[0.239s] -- Up-to-date: /home/barenbo/Desktop/Code/robot/lab2/install/ros_gz_app/share/ament_index/resource_index/package_run_dependencies/ros_gz_app
[0.239s] -- Up-to-date: /home/barenbo/Desktop/Code/robot/lab2/install/ros_gz_app/share/ament_index/resource_index/parent_prefix_path/ros_gz_app
[0.239s] -- Up-to-date: /home/barenbo/Desktop/Code/robot/lab2/install/ros_gz_app/share/ros_gz_app/environment/ament_prefix_path.sh
[0.239s] -- Up-to-date: /home/barenbo/Desktop/Code/robot/lab2/install/ros_gz_app/share/ros_gz_app/environment/ament_prefix_path.dsv
[0.239s] -- Up-to-date: /home/barenbo/Desktop/Code/robot/lab2/install/ros_gz_app/share/ros_gz_app/environment/path.sh
[0.239s] -- Up-to-date: /home/barenbo/Desktop/Code/robot/lab2/install/ros_gz_app/share/ros_gz_app/environment/path.dsv
[0.240s] -- Up-to-date: /home/barenbo/Desktop/Code/robot/lab2/install/ros_gz_app/share/ros_gz_app/local_setup.bash
[0.241s] -- Up-to-date: /home/barenbo/Desktop/Code/robot/lab2/install/ros_gz_app/share/ros_gz_app/local_setup.sh
[0.242s] -- Up-to-date: /home/barenbo/Desktop/Code/robot/lab2/install/ros_gz_app/share/ros_gz_app/local_setup.zsh
[0.243s] -- Up-to-date: /home/barenbo/Desktop/Code/robot/lab2/install/ros_gz_app/share/ros_gz_app/local_setup.dsv
[0.244s] -- Up-to-date: /home/barenbo/Desktop/Code/robot/lab2/install/ros_gz_app/share/ros_gz_app/package.dsv
[0.245s] -- Up-to-date: /home/barenbo/Desktop/Code/robot/lab2/install/ros_gz_app/share/ament_index/resource_index/packages/ros_gz_app
[0.246s] -- Up-to-date: /home/barenbo/Desktop/Code/robot/lab2/install/ros_gz_app/share/ros_gz_app/cmake/ros_gz_appConfig.cmake
[0.246s] -- Up-to-date: /home/barenbo/Desktop/Code/robot/lab2/install/ros_gz_app/share/ros_gz_app/cmake/ros_gz_appConfig-version.cmake
[0.247s] -- Up-to-date: /home/barenbo/Desktop/Code/robot/lab2/install/ros_gz_app/share/ros_gz_app/package.xml
[0.250s] Invoked command in '/home/barenbo/Desktop/Code/robot/lab2/build/ros_gz_app' returned '0': CMAKE_PREFIX_PATH=${CMAKE_PREFIX_PATH}:/opt/ros/jazzy PS1=<ROS2-Jazzy>[\u@\h \W]$ /usr/bin/cmake --install /home/barenbo/Desktop/Code/robot/lab2/build/ros_gz_app
