[0.495s] Invoking command in '/home/barenbo/Desktop/Code/robot/lab2/py_pubsub': PS1=<ROS2-Jazzy>[\u@\h \W]$ PYTHONPATH=/home/barenbo/Desktop/Code/robot/lab2/py_pubsub/build/py_pubsub/prefix_override:/usr/lib/python3/dist-packages/colcon_core/task/python/colcon_distutils_commands:/home/barenbo/Desktop/Code/robot/lab2/py_pubsub/install/py_pubsub/lib/python3.12/site-packages:${PYTHONPATH} /usr/bin/python3 -W ignore:setup.py install is deprecated -W ignore:easy_install command is deprecated setup.py egg_info --egg-base build/py_pubsub build --build-base /home/barenbo/Desktop/Code/robot/lab2/py_pubsub/build/py_pubsub/build install --record /home/barenbo/Desktop/Code/robot/lab2/py_pubsub/build/py_pubsub/install.log --single-version-externally-managed install_data
[0.641s] running egg_info
[0.651s] writing build/py_pubsub/py_pubsub.egg-info/PKG-INFO
[0.654s] writing dependency_links to build/py_pubsub/py_pubsub.egg-info/dependency_links.txt
[0.657s] writing entry points to build/py_pubsub/py_pubsub.egg-info/entry_points.txt
[0.659s] writing requirements to build/py_pubsub/py_pubsub.egg-info/requires.txt
[0.661s] writing top-level names to build/py_pubsub/py_pubsub.egg-info/top_level.txt
[0.683s] reading manifest file 'build/py_pubsub/py_pubsub.egg-info/SOURCES.txt'
[0.684s] adding license file 'LICENSE'
[0.684s] writing manifest file 'build/py_pubsub/py_pubsub.egg-info/SOURCES.txt'
[0.686s] running build
[0.687s] running build_py
[0.687s] copying py_pubsub/publisher_member_function.py -> /home/barenbo/Desktop/Code/robot/lab2/py_pubsub/build/py_pubsub/build/lib/py_pubsub
[0.692s] running install
[0.695s] running install_lib
[0.706s] copying /home/barenbo/Desktop/Code/robot/lab2/py_pubsub/build/py_pubsub/build/lib/py_pubsub/publisher_member_function.py -> /home/barenbo/Desktop/Code/robot/lab2/py_pubsub/install/py_pubsub/lib/python3.12/site-packages/py_pubsub
[0.712s] byte-compiling /home/barenbo/Desktop/Code/robot/lab2/py_pubsub/install/py_pubsub/lib/python3.12/site-packages/py_pubsub/publisher_member_function.py to publisher_member_function.cpython-312.pyc
[0.716s] running install_data
[0.717s] running install_egg_info
[0.729s] removing '/home/barenbo/Desktop/Code/robot/lab2/py_pubsub/install/py_pubsub/lib/python3.12/site-packages/py_pubsub-0.0.0-py3.12.egg-info' (and everything under it)
[0.736s] Copying build/py_pubsub/py_pubsub.egg-info to /home/barenbo/Desktop/Code/robot/lab2/py_pubsub/install/py_pubsub/lib/python3.12/site-packages/py_pubsub-0.0.0-py3.12.egg-info
[0.771s] running install_scripts
[1.054s] Installing talker script to /home/barenbo/Desktop/Code/robot/lab2/py_pubsub/install/py_pubsub/lib/py_pubsub
[1.058s] writing list of installed files to '/home/barenbo/Desktop/Code/robot/lab2/py_pubsub/build/py_pubsub/install.log'
[1.082s] Invoked command in '/home/barenbo/Desktop/Code/robot/lab2/py_pubsub' returned '0': PS1=<ROS2-Jazzy>[\u@\h \W]$ PYTHONPATH=/home/barenbo/Desktop/Code/robot/lab2/py_pubsub/build/py_pubsub/prefix_override:/usr/lib/python3/dist-packages/colcon_core/task/python/colcon_distutils_commands:/home/barenbo/Desktop/Code/robot/lab2/py_pubsub/install/py_pubsub/lib/python3.12/site-packages:${PYTHONPATH} /usr/bin/python3 -W ignore:setup.py install is deprecated -W ignore:easy_install command is deprecated setup.py egg_info --egg-base build/py_pubsub build --build-base /home/barenbo/Desktop/Code/robot/lab2/py_pubsub/build/py_pubsub/build install --record /home/barenbo/Desktop/Code/robot/lab2/py_pubsub/build/py_pubsub/install.log --single-version-externally-managed install_data
