[0.070s] DEBUG:colcon:Command line arguments: ['/usr/bin/colcon', 'build', '--packages-select', 'py_pubsub']
[0.070s] DEBUG:colcon:Parsed command line arguments: Namespace(log_base=None, log_level=None, verb_name='build', build_base='build', install_base='install', merge_install=False, symlink_install=False, test_result_base=None, continue_on_error=False, executor='parallel', parallel_workers=28, event_handlers=None, ignore_user_meta=False, metas=['./colcon.meta'], base_paths=['.'], packages_ignore=None, packages_ignore_regex=None, paths=None, packages_up_to=None, packages_up_to_regex=None, packages_above=None, packages_above_and_dependencies=None, packages_above_depth=None, packages_select_by_dep=None, packages_skip_by_dep=None, packages_skip_up_to=None, packages_select_build_failed=False, packages_skip_build_finished=False, packages_select_test_failures=False, packages_skip_test_passed=False, packages_select=['py_pubsub'], packages_skip=None, packages_select_regex=None, packages_skip_regex=None, packages_start=None, packages_end=None, allow_overriding=[], cmake_args=None, cmake_target=None, cmake_target_skip_unavailable=False, cmake_clean_cache=False, cmake_clean_first=False, cmake_force_configure=False, ament_cmake_args=None, catkin_cmake_args=None, catkin_skip_building_tests=False, mixin_files=None, mixin=None, verb_parser=<colcon_mixin.mixin.mixin_argument.MixinArgumentDecorator object at 0x7f4571c1b170>, verb_extension=<colcon_core.verb.build.BuildVerb object at 0x7f4571daf890>, main=<bound method BuildVerb.main of <colcon_core.verb.build.BuildVerb object at 0x7f4571daf890>>, mixin_verb=('build',))
[0.092s] Level 1:colcon.colcon_core.package_discovery:discover_packages(colcon_meta) check parameters
[0.092s] Level 1:colcon.colcon_core.package_discovery:discover_packages(recursive) check parameters
[0.092s] Level 1:colcon.colcon_core.package_discovery:discover_packages(ignore) check parameters
[0.092s] Level 1:colcon.colcon_core.package_discovery:discover_packages(path) check parameters
[0.092s] Level 1:colcon.colcon_core.package_discovery:discover_packages(colcon_meta) discover
[0.092s] Level 1:colcon.colcon_core.package_discovery:discover_packages(recursive) discover
[0.092s] INFO:colcon.colcon_core.package_discovery:Crawling recursively for packages in '/home/barenbo/Desktop/Code/robot/lab2'
[0.093s] Level 1:colcon.colcon_core.package_identification:_identify(.) by extensions ['ignore', 'ignore_ament_install']
[0.093s] Level 1:colcon.colcon_core.package_identification:_identify(.) by extension 'ignore'
[0.093s] Level 1:colcon.colcon_core.package_identification:_identify(.) by extension 'ignore_ament_install'
[0.093s] Level 1:colcon.colcon_core.package_identification:_identify(.) by extensions ['colcon_pkg']
[0.093s] Level 1:colcon.colcon_core.package_identification:_identify(.) by extension 'colcon_pkg'
[0.093s] Level 1:colcon.colcon_core.package_identification:_identify(.) by extensions ['colcon_meta']
[0.093s] Level 1:colcon.colcon_core.package_identification:_identify(.) by extension 'colcon_meta'
[0.093s] Level 1:colcon.colcon_core.package_identification:_identify(.) by extensions ['ros']
[0.093s] Level 1:colcon.colcon_core.package_identification:_identify(.) by extension 'ros'
[0.106s] Level 1:colcon.colcon_core.package_identification:_identify(.) by extensions ['cmake', 'python']
[0.106s] Level 1:colcon.colcon_core.package_identification:_identify(.) by extension 'cmake'
[0.106s] Level 1:colcon.colcon_core.package_identification:_identify(.) by extension 'python'
[0.106s] Level 1:colcon.colcon_core.package_identification:_identify(.) by extensions ['python_setup_py']
[0.106s] Level 1:colcon.colcon_core.package_identification:_identify(.) by extension 'python_setup_py'
[0.106s] Level 1:colcon.colcon_core.package_identification:_identify(build) by extensions ['ignore', 'ignore_ament_install']
[0.106s] Level 1:colcon.colcon_core.package_identification:_identify(build) by extension 'ignore'
[0.106s] Level 1:colcon.colcon_core.package_identification:_identify(build) ignored
[0.107s] Level 1:colcon.colcon_core.package_identification:_identify(install) by extensions ['ignore', 'ignore_ament_install']
[0.107s] Level 1:colcon.colcon_core.package_identification:_identify(install) by extension 'ignore'
[0.107s] Level 1:colcon.colcon_core.package_identification:_identify(install) ignored
[0.108s] Level 1:colcon.colcon_core.package_identification:_identify(log) by extensions ['ignore', 'ignore_ament_install']
[0.108s] Level 1:colcon.colcon_core.package_identification:_identify(log) by extension 'ignore'
[0.108s] Level 1:colcon.colcon_core.package_identification:_identify(log) ignored
[0.108s] Level 1:colcon.colcon_core.package_identification:_identify(py_pubsub) by extensions ['ignore', 'ignore_ament_install']
[0.108s] Level 1:colcon.colcon_core.package_identification:_identify(py_pubsub) by extension 'ignore'
[0.108s] Level 1:colcon.colcon_core.package_identification:_identify(py_pubsub) by extension 'ignore_ament_install'
[0.108s] Level 1:colcon.colcon_core.package_identification:_identify(py_pubsub) by extensions ['colcon_pkg']
[0.108s] Level 1:colcon.colcon_core.package_identification:_identify(py_pubsub) by extension 'colcon_pkg'
[0.108s] Level 1:colcon.colcon_core.package_identification:_identify(py_pubsub) by extensions ['colcon_meta']
[0.108s] Level 1:colcon.colcon_core.package_identification:_identify(py_pubsub) by extension 'colcon_meta'
[0.108s] Level 1:colcon.colcon_core.package_identification:_identify(py_pubsub) by extensions ['ros']
[0.108s] Level 1:colcon.colcon_core.package_identification:_identify(py_pubsub) by extension 'ros'
[0.110s] DEBUG:colcon.colcon_core.package_identification:Package 'py_pubsub' with type 'ros.ament_python' and name 'py_pubsub'
[0.111s] Level 1:colcon.colcon_core.package_identification:_identify(ros-lab-2) by extensions ['ignore', 'ignore_ament_install']
[0.111s] Level 1:colcon.colcon_core.package_identification:_identify(ros-lab-2) by extension 'ignore'
[0.111s] Level 1:colcon.colcon_core.package_identification:_identify(ros-lab-2) by extension 'ignore_ament_install'
[0.111s] Level 1:colcon.colcon_core.package_identification:_identify(ros-lab-2) by extensions ['colcon_pkg']
[0.111s] Level 1:colcon.colcon_core.package_identification:_identify(ros-lab-2) by extension 'colcon_pkg'
[0.111s] Level 1:colcon.colcon_core.package_identification:_identify(ros-lab-2) by extensions ['colcon_meta']
[0.111s] Level 1:colcon.colcon_core.package_identification:_identify(ros-lab-2) by extension 'colcon_meta'
[0.111s] Level 1:colcon.colcon_core.package_identification:_identify(ros-lab-2) by extensions ['ros']
[0.111s] Level 1:colcon.colcon_core.package_identification:_identify(ros-lab-2) by extension 'ros'
[0.111s] Level 1:colcon.colcon_core.package_identification:_identify(ros-lab-2) by extensions ['cmake', 'python']
[0.111s] Level 1:colcon.colcon_core.package_identification:_identify(ros-lab-2) by extension 'cmake'
[0.111s] Level 1:colcon.colcon_core.package_identification:_identify(ros-lab-2) by extension 'python'
[0.111s] Level 1:colcon.colcon_core.package_identification:_identify(ros-lab-2) by extensions ['python_setup_py']
[0.111s] Level 1:colcon.colcon_core.package_identification:_identify(ros-lab-2) by extension 'python_setup_py'
[0.111s] Level 1:colcon.colcon_core.package_identification:_identify(ros-lab-2/build) by extensions ['ignore', 'ignore_ament_install']
[0.111s] Level 1:colcon.colcon_core.package_identification:_identify(ros-lab-2/build) by extension 'ignore'
[0.112s] Level 1:colcon.colcon_core.package_identification:_identify(ros-lab-2/build) ignored
[0.112s] Level 1:colcon.colcon_core.package_identification:_identify(ros-lab-2/figs) by extensions ['ignore', 'ignore_ament_install']
[0.112s] Level 1:colcon.colcon_core.package_identification:_identify(ros-lab-2/figs) by extension 'ignore'
[0.112s] Level 1:colcon.colcon_core.package_identification:_identify(ros-lab-2/figs) by extension 'ignore_ament_install'
[0.112s] Level 1:colcon.colcon_core.package_identification:_identify(ros-lab-2/figs) by extensions ['colcon_pkg']
[0.112s] Level 1:colcon.colcon_core.package_identification:_identify(ros-lab-2/figs) by extension 'colcon_pkg'
[0.112s] Level 1:colcon.colcon_core.package_identification:_identify(ros-lab-2/figs) by extensions ['colcon_meta']
[0.112s] Level 1:colcon.colcon_core.package_identification:_identify(ros-lab-2/figs) by extension 'colcon_meta'
[0.112s] Level 1:colcon.colcon_core.package_identification:_identify(ros-lab-2/figs) by extensions ['ros']
[0.112s] Level 1:colcon.colcon_core.package_identification:_identify(ros-lab-2/figs) by extension 'ros'
[0.112s] Level 1:colcon.colcon_core.package_identification:_identify(ros-lab-2/figs) by extensions ['cmake', 'python']
[0.112s] Level 1:colcon.colcon_core.package_identification:_identify(ros-lab-2/figs) by extension 'cmake'
[0.112s] Level 1:colcon.colcon_core.package_identification:_identify(ros-lab-2/figs) by extension 'python'
[0.112s] Level 1:colcon.colcon_core.package_identification:_identify(ros-lab-2/figs) by extensions ['python_setup_py']
[0.112s] Level 1:colcon.colcon_core.package_identification:_identify(ros-lab-2/figs) by extension 'python_setup_py'
[0.112s] Level 1:colcon.colcon_core.package_identification:_identify(ros-lab-2/install) by extensions ['ignore', 'ignore_ament_install']
[0.112s] Level 1:colcon.colcon_core.package_identification:_identify(ros-lab-2/install) by extension 'ignore'
[0.113s] Level 1:colcon.colcon_core.package_identification:_identify(ros-lab-2/install) ignored
[0.114s] Level 1:colcon.colcon_core.package_identification:_identify(ros-lab-2/log) by extensions ['ignore', 'ignore_ament_install']
[0.114s] Level 1:colcon.colcon_core.package_identification:_identify(ros-lab-2/log) by extension 'ignore'
[0.114s] Level 1:colcon.colcon_core.package_identification:_identify(ros-lab-2/log) ignored
[0.114s] Level 1:colcon.colcon_core.package_identification:_identify(ros-lab-2/ros_gz_app) by extensions ['ignore', 'ignore_ament_install']
[0.114s] Level 1:colcon.colcon_core.package_identification:_identify(ros-lab-2/ros_gz_app) by extension 'ignore'
[0.114s] Level 1:colcon.colcon_core.package_identification:_identify(ros-lab-2/ros_gz_app) by extension 'ignore_ament_install'
[0.114s] Level 1:colcon.colcon_core.package_identification:_identify(ros-lab-2/ros_gz_app) by extensions ['colcon_pkg']
[0.114s] Level 1:colcon.colcon_core.package_identification:_identify(ros-lab-2/ros_gz_app) by extension 'colcon_pkg'
[0.114s] Level 1:colcon.colcon_core.package_identification:_identify(ros-lab-2/ros_gz_app) by extensions ['colcon_meta']
[0.114s] Level 1:colcon.colcon_core.package_identification:_identify(ros-lab-2/ros_gz_app) by extension 'colcon_meta'
[0.114s] Level 1:colcon.colcon_core.package_identification:_identify(ros-lab-2/ros_gz_app) by extensions ['ros']
[0.114s] Level 1:colcon.colcon_core.package_identification:_identify(ros-lab-2/ros_gz_app) by extension 'ros'
[0.116s] DEBUG:colcon.colcon_core.package_identification:Package 'ros-lab-2/ros_gz_app' with type 'ros.ament_cmake' and name 'ros_gz_app'
[0.116s] Level 1:colcon.colcon_core.package_identification:_identify(ros-lab-2/ros_gz_bringup) by extensions ['ignore', 'ignore_ament_install']
[0.116s] Level 1:colcon.colcon_core.package_identification:_identify(ros-lab-2/ros_gz_bringup) by extension 'ignore'
[0.116s] Level 1:colcon.colcon_core.package_identification:_identify(ros-lab-2/ros_gz_bringup) by extension 'ignore_ament_install'
[0.116s] Level 1:colcon.colcon_core.package_identification:_identify(ros-lab-2/ros_gz_bringup) by extensions ['colcon_pkg']
[0.116s] Level 1:colcon.colcon_core.package_identification:_identify(ros-lab-2/ros_gz_bringup) by extension 'colcon_pkg'
[0.116s] Level 1:colcon.colcon_core.package_identification:_identify(ros-lab-2/ros_gz_bringup) by extensions ['colcon_meta']
[0.116s] Level 1:colcon.colcon_core.package_identification:_identify(ros-lab-2/ros_gz_bringup) by extension 'colcon_meta'
[0.116s] Level 1:colcon.colcon_core.package_identification:_identify(ros-lab-2/ros_gz_bringup) by extensions ['ros']
[0.116s] Level 1:colcon.colcon_core.package_identification:_identify(ros-lab-2/ros_gz_bringup) by extension 'ros'
[0.117s] DEBUG:colcon.colcon_core.package_identification:Package 'ros-lab-2/ros_gz_bringup' with type 'ros.ament_cmake' and name 'ros_gz_bringup'
[0.117s] Level 1:colcon.colcon_core.package_identification:_identify(ros-lab-2/ros_gz_description) by extensions ['ignore', 'ignore_ament_install']
[0.117s] Level 1:colcon.colcon_core.package_identification:_identify(ros-lab-2/ros_gz_description) by extension 'ignore'
[0.117s] Level 1:colcon.colcon_core.package_identification:_identify(ros-lab-2/ros_gz_description) by extension 'ignore_ament_install'
[0.117s] Level 1:colcon.colcon_core.package_identification:_identify(ros-lab-2/ros_gz_description) by extensions ['colcon_pkg']
[0.117s] Level 1:colcon.colcon_core.package_identification:_identify(ros-lab-2/ros_gz_description) by extension 'colcon_pkg'
[0.117s] Level 1:colcon.colcon_core.package_identification:_identify(ros-lab-2/ros_gz_description) by extensions ['colcon_meta']
[0.117s] Level 1:colcon.colcon_core.package_identification:_identify(ros-lab-2/ros_gz_description) by extension 'colcon_meta'
[0.117s] Level 1:colcon.colcon_core.package_identification:_identify(ros-lab-2/ros_gz_description) by extensions ['ros']
[0.117s] Level 1:colcon.colcon_core.package_identification:_identify(ros-lab-2/ros_gz_description) by extension 'ros'
[0.119s] DEBUG:colcon.colcon_core.package_identification:Package 'ros-lab-2/ros_gz_description' with type 'ros.ament_cmake' and name 'ros_gz_description'
[0.119s] Level 1:colcon.colcon_core.package_identification:_identify(ros-lab-2/ros_gz_gazebo) by extensions ['ignore', 'ignore_ament_install']
[0.119s] Level 1:colcon.colcon_core.package_identification:_identify(ros-lab-2/ros_gz_gazebo) by extension 'ignore'
[0.119s] Level 1:colcon.colcon_core.package_identification:_identify(ros-lab-2/ros_gz_gazebo) by extension 'ignore_ament_install'
[0.119s] Level 1:colcon.colcon_core.package_identification:_identify(ros-lab-2/ros_gz_gazebo) by extensions ['colcon_pkg']
[0.119s] Level 1:colcon.colcon_core.package_identification:_identify(ros-lab-2/ros_gz_gazebo) by extension 'colcon_pkg'
[0.119s] Level 1:colcon.colcon_core.package_identification:_identify(ros-lab-2/ros_gz_gazebo) by extensions ['colcon_meta']
[0.119s] Level 1:colcon.colcon_core.package_identification:_identify(ros-lab-2/ros_gz_gazebo) by extension 'colcon_meta'
[0.119s] Level 1:colcon.colcon_core.package_identification:_identify(ros-lab-2/ros_gz_gazebo) by extensions ['ros']
[0.119s] Level 1:colcon.colcon_core.package_identification:_identify(ros-lab-2/ros_gz_gazebo) by extension 'ros'
[0.120s] DEBUG:colcon.colcon_core.package_identification:Package 'ros-lab-2/ros_gz_gazebo' with type 'ros.ament_cmake' and name 'ros_gz_gazebo'
[0.120s] Level 1:colcon.colcon_core.package_discovery:discover_packages(recursive) using defaults
[0.120s] Level 1:colcon.colcon_core.package_discovery:discover_packages(ignore) discover
[0.120s] Level 1:colcon.colcon_core.package_discovery:discover_packages(ignore) using defaults
[0.120s] Level 1:colcon.colcon_core.package_discovery:discover_packages(path) discover
[0.120s] Level 1:colcon.colcon_core.package_discovery:discover_packages(path) using defaults
[0.135s] INFO:colcon.colcon_core.package_selection:Skipping not selected package 'ros_gz_app' in 'ros-lab-2/ros_gz_app'
[0.135s] INFO:colcon.colcon_core.package_selection:Skipping not selected package 'ros_gz_description' in 'ros-lab-2/ros_gz_description'
[0.135s] INFO:colcon.colcon_core.package_selection:Skipping not selected package 'ros_gz_gazebo' in 'ros-lab-2/ros_gz_gazebo'
[0.135s] INFO:colcon.colcon_core.package_selection:Skipping not selected package 'ros_gz_bringup' in 'ros-lab-2/ros_gz_bringup'
[0.135s] Level 1:colcon.colcon_core.package_discovery:discover_packages(prefix_path) check parameters
[0.135s] Level 1:colcon.colcon_core.package_discovery:discover_packages(prefix_path) discover
[0.141s] DEBUG:colcon.colcon_installed_package_information.package_discovery:Found 1 installed packages in /home/barenbo/Desktop/Code/robot/lab2/install
[0.144s] DEBUG:colcon.colcon_installed_package_information.package_discovery:Found 317 installed packages in /opt/ros/jazzy
[0.146s] Level 1:colcon.colcon_core.package_discovery:discover_packages(prefix_path) using defaults
[0.182s] Level 5:colcon.colcon_core.verb:set package 'py_pubsub' build argument 'cmake_args' from command line to 'None'
[0.182s] Level 5:colcon.colcon_core.verb:set package 'py_pubsub' build argument 'cmake_target' from command line to 'None'
[0.182s] Level 5:colcon.colcon_core.verb:set package 'py_pubsub' build argument 'cmake_target_skip_unavailable' from command line to 'False'
[0.182s] Level 5:colcon.colcon_core.verb:set package 'py_pubsub' build argument 'cmake_clean_cache' from command line to 'False'
[0.182s] Level 5:colcon.colcon_core.verb:set package 'py_pubsub' build argument 'cmake_clean_first' from command line to 'False'
[0.182s] Level 5:colcon.colcon_core.verb:set package 'py_pubsub' build argument 'cmake_force_configure' from command line to 'False'
[0.182s] Level 5:colcon.colcon_core.verb:set package 'py_pubsub' build argument 'ament_cmake_args' from command line to 'None'
[0.182s] Level 5:colcon.colcon_core.verb:set package 'py_pubsub' build argument 'catkin_cmake_args' from command line to 'None'
[0.182s] Level 5:colcon.colcon_core.verb:set package 'py_pubsub' build argument 'catkin_skip_building_tests' from command line to 'False'
[0.182s] DEBUG:colcon.colcon_core.verb:Building package 'py_pubsub' with the following arguments: {'ament_cmake_args': None, 'build_base': '/home/barenbo/Desktop/Code/robot/lab2/build/py_pubsub', 'catkin_cmake_args': None, 'catkin_skip_building_tests': False, 'cmake_args': None, 'cmake_clean_cache': False, 'cmake_clean_first': False, 'cmake_force_configure': False, 'cmake_target': None, 'cmake_target_skip_unavailable': False, 'install_base': '/home/barenbo/Desktop/Code/robot/lab2/install/py_pubsub', 'merge_install': False, 'path': '/home/barenbo/Desktop/Code/robot/lab2/py_pubsub', 'symlink_install': False, 'test_result_base': None}
[0.182s] INFO:colcon.colcon_core.executor:Executing jobs using 'parallel' executor
[0.182s] DEBUG:colcon.colcon_parallel_executor.executor.parallel:run_until_complete
[0.182s] INFO:colcon.colcon_ros.task.ament_python.build:Building ROS package in '/home/barenbo/Desktop/Code/robot/lab2/py_pubsub' with build type 'ament_python'
[0.183s] Level 1:colcon.colcon_core.shell:create_environment_hook('py_pubsub', 'ament_prefix_path')
[0.184s] INFO:colcon.colcon_core.plugin_system:Skipping extension 'colcon_core.shell.bat': Not used on non-Windows systems
[0.184s] INFO:colcon.colcon_core.shell:Creating environment hook '/home/barenbo/Desktop/Code/robot/lab2/install/py_pubsub/share/py_pubsub/hook/ament_prefix_path.ps1'
[0.186s] INFO:colcon.colcon_core.shell:Creating environment descriptor '/home/barenbo/Desktop/Code/robot/lab2/install/py_pubsub/share/py_pubsub/hook/ament_prefix_path.dsv'
[0.189s] INFO:colcon.colcon_core.shell:Creating environment hook '/home/barenbo/Desktop/Code/robot/lab2/install/py_pubsub/share/py_pubsub/hook/ament_prefix_path.sh'
[0.191s] INFO:colcon.colcon_core.shell:Skip shell extension 'powershell' for command environment: Not usable outside of PowerShell
[0.191s] DEBUG:colcon.colcon_core.shell:Skip shell extension 'dsv' for command environment
[0.346s] INFO:colcon.colcon_core.task.python.build:Building Python package in '/home/barenbo/Desktop/Code/robot/lab2/py_pubsub'
[0.346s] INFO:colcon.colcon_core.shell:Skip shell extension 'powershell' for command environment: Not usable outside of PowerShell
[0.346s] DEBUG:colcon.colcon_core.shell:Skip shell extension 'dsv' for command environment
[0.776s] DEBUG:colcon.colcon_core.event_handler.log_command:Invoking command in '/home/barenbo/Desktop/Code/robot/lab2/py_pubsub': PS1=<ROS2-Jazzy>[\u@\h \W]$ PYTHONPATH=/home/barenbo/Desktop/Code/robot/lab2/build/py_pubsub/prefix_override:/usr/lib/python3/dist-packages/colcon_core/task/python/colcon_distutils_commands:/home/barenbo/Desktop/Code/robot/lab2/install/py_pubsub/lib/python3.12/site-packages:${PYTHONPATH} /usr/bin/python3 -W ignore:setup.py install is deprecated -W ignore:easy_install command is deprecated setup.py egg_info --egg-base ../build/py_pubsub build --build-base /home/barenbo/Desktop/Code/robot/lab2/build/py_pubsub/build install --record /home/barenbo/Desktop/Code/robot/lab2/build/py_pubsub/install.log --single-version-externally-managed install_data
[1.359s] DEBUG:colcon.colcon_core.event_handler.log_command:Invoked command in '/home/barenbo/Desktop/Code/robot/lab2/py_pubsub' returned '0': PS1=<ROS2-Jazzy>[\u@\h \W]$ PYTHONPATH=/home/barenbo/Desktop/Code/robot/lab2/build/py_pubsub/prefix_override:/usr/lib/python3/dist-packages/colcon_core/task/python/colcon_distutils_commands:/home/barenbo/Desktop/Code/robot/lab2/install/py_pubsub/lib/python3.12/site-packages:${PYTHONPATH} /usr/bin/python3 -W ignore:setup.py install is deprecated -W ignore:easy_install command is deprecated setup.py egg_info --egg-base ../build/py_pubsub build --build-base /home/barenbo/Desktop/Code/robot/lab2/build/py_pubsub/build install --record /home/barenbo/Desktop/Code/robot/lab2/build/py_pubsub/install.log --single-version-externally-managed install_data
[1.360s] Level 1:colcon.colcon_core.environment:checking '/home/barenbo/Desktop/Code/robot/lab2/install/py_pubsub' for CMake module files
[1.362s] Level 1:colcon.colcon_core.environment:checking '/home/barenbo/Desktop/Code/robot/lab2/install/py_pubsub' for CMake config files
[1.367s] Level 1:colcon.colcon_core.environment:checking '/home/barenbo/Desktop/Code/robot/lab2/install/py_pubsub/lib'
[1.367s] Level 1:colcon.colcon_core.environment:checking '/home/barenbo/Desktop/Code/robot/lab2/install/py_pubsub/bin'
[1.367s] Level 1:colcon.colcon_core.environment:checking '/home/barenbo/Desktop/Code/robot/lab2/install/py_pubsub/lib/pkgconfig/py_pubsub.pc'
[1.367s] Level 1:colcon.colcon_core.environment:checking '/home/barenbo/Desktop/Code/robot/lab2/install/py_pubsub/lib/python3.12/site-packages'
[1.367s] Level 1:colcon.colcon_core.shell:create_environment_hook('py_pubsub', 'pythonpath')
[1.367s] INFO:colcon.colcon_core.shell:Creating environment hook '/home/barenbo/Desktop/Code/robot/lab2/install/py_pubsub/share/py_pubsub/hook/pythonpath.ps1'
[1.370s] INFO:colcon.colcon_core.shell:Creating environment descriptor '/home/barenbo/Desktop/Code/robot/lab2/install/py_pubsub/share/py_pubsub/hook/pythonpath.dsv'
[1.373s] INFO:colcon.colcon_core.shell:Creating environment hook '/home/barenbo/Desktop/Code/robot/lab2/install/py_pubsub/share/py_pubsub/hook/pythonpath.sh'
[1.377s] Level 1:colcon.colcon_core.environment:checking '/home/barenbo/Desktop/Code/robot/lab2/install/py_pubsub/bin'
[1.377s] Level 1:colcon.colcon_core.environment:create_environment_scripts_only(py_pubsub)
[1.378s] INFO:colcon.colcon_core.shell:Creating package script '/home/barenbo/Desktop/Code/robot/lab2/install/py_pubsub/share/py_pubsub/package.ps1'
[1.382s] INFO:colcon.colcon_core.shell:Creating package descriptor '/home/barenbo/Desktop/Code/robot/lab2/install/py_pubsub/share/py_pubsub/package.dsv'
[1.386s] INFO:colcon.colcon_core.shell:Creating package script '/home/barenbo/Desktop/Code/robot/lab2/install/py_pubsub/share/py_pubsub/package.sh'
[1.390s] INFO:colcon.colcon_core.shell:Creating package script '/home/barenbo/Desktop/Code/robot/lab2/install/py_pubsub/share/py_pubsub/package.bash'
[1.395s] INFO:colcon.colcon_core.shell:Creating package script '/home/barenbo/Desktop/Code/robot/lab2/install/py_pubsub/share/py_pubsub/package.zsh'
[1.399s] Level 1:colcon.colcon_core.environment:create_file_with_runtime_dependencies(/home/barenbo/Desktop/Code/robot/lab2/install/py_pubsub/share/colcon-core/packages/py_pubsub)
[1.402s] DEBUG:colcon.colcon_parallel_executor.executor.parallel:closing loop
[1.403s] DEBUG:colcon.colcon_parallel_executor.executor.parallel:loop closed
[1.403s] DEBUG:colcon.colcon_parallel_executor.executor.parallel:run_until_complete finished with '0'
[1.403s] DEBUG:colcon.colcon_core.event_reactor:joining thread
[1.423s] INFO:colcon.colcon_core.plugin_system:Skipping extension 'colcon_notification.desktop_notification.notify_send': Could not find 'notify-send'
[1.423s] INFO:colcon.colcon_core.plugin_system:Skipping extension 'colcon_notification.desktop_notification.terminal_notifier': Not used on non-Darwin systems
[1.423s] INFO:colcon.colcon_core.plugin_system:Skipping extension 'colcon_notification.desktop_notification.win32': Not used on non-Windows systems
[1.423s] INFO:colcon.colcon_notification.desktop_notification:Sending desktop notification using 'notify2'
[1.437s] DEBUG:colcon.colcon_core.event_reactor:joined thread
[1.437s] INFO:colcon.colcon_core.shell:Creating prefix script '/home/barenbo/Desktop/Code/robot/lab2/install/local_setup.ps1'
[1.441s] INFO:colcon.colcon_core.shell:Creating prefix util module '/home/barenbo/Desktop/Code/robot/lab2/install/_local_setup_util_ps1.py'
[1.446s] INFO:colcon.colcon_core.shell:Creating prefix chain script '/home/barenbo/Desktop/Code/robot/lab2/install/setup.ps1'
[1.450s] INFO:colcon.colcon_core.shell:Creating prefix script '/home/barenbo/Desktop/Code/robot/lab2/install/local_setup.sh'
[1.453s] INFO:colcon.colcon_core.shell:Creating prefix util module '/home/barenbo/Desktop/Code/robot/lab2/install/_local_setup_util_sh.py'
[1.457s] INFO:colcon.colcon_core.shell:Creating prefix chain script '/home/barenbo/Desktop/Code/robot/lab2/install/setup.sh'
[1.462s] INFO:colcon.colcon_core.shell:Creating prefix script '/home/barenbo/Desktop/Code/robot/lab2/install/local_setup.bash'
[1.466s] INFO:colcon.colcon_core.shell:Creating prefix chain script '/home/barenbo/Desktop/Code/robot/lab2/install/setup.bash'
[1.471s] INFO:colcon.colcon_core.shell:Creating prefix script '/home/barenbo/Desktop/Code/robot/lab2/install/local_setup.zsh'
[1.475s] INFO:colcon.colcon_core.shell:Creating prefix chain script '/home/barenbo/Desktop/Code/robot/lab2/install/setup.zsh'
