[0.031s] Invoking command in '/home/barenbo/Desktop/Code/robot/lab2/build/ros_gz_description': CMAKE_PREFIX_PATH=${CMAKE_PREFIX_PATH}:/opt/ros/jazzy PS1=<ROS2-Jazzy>[\u@\h \W]$ /usr/bin/cmake --build /home/barenbo/Desktop/Code/robot/lab2/build/ros_gz_description -- -j24 -l24
[0.153s] Invoked command in '/home/barenbo/Desktop/Code/robot/lab2/build/ros_gz_description' returned '0': CMAKE_PREFIX_PATH=${CMAKE_PREFIX_PATH}:/opt/ros/jazzy PS1=<ROS2-Jazzy>[\u@\h \W]$ /usr/bin/cmake --build /home/barenbo/Desktop/Code/robot/lab2/build/ros_gz_description -- -j24 -l24
[0.162s] Invoking command in '/home/barenbo/Desktop/Code/robot/lab2/build/ros_gz_description': CMAKE_PREFIX_PATH=${CMAKE_PREFIX_PATH}:/opt/ros/jazzy PS1=<ROS2-Jazzy>[\u@\h \W]$ /usr/bin/cmake --install /home/barenbo/Desktop/Code/robot/lab2/build/ros_gz_description
[0.173s] -- Install configuration: ""
[0.173s] -- Up-to-date: /home/barenbo/Desktop/Code/robot/lab2/install/ros_gz_description/share/ros_gz_description/models
[0.173s] -- Up-to-date: /home/barenbo/Desktop/Code/robot/lab2/install/ros_gz_description/share/ros_gz_description/models/diff_drive
[0.173s] -- Up-to-date: /home/barenbo/Desktop/Code/robot/lab2/install/ros_gz_description/share/ros_gz_description/models/diff_drive/model.config
[0.174s] -- Up-to-date: /home/barenbo/Desktop/Code/robot/lab2/install/ros_gz_description/share/ros_gz_description/models/diff_drive/model.sdf
[0.175s] -- Up-to-date: /home/barenbo/Desktop/Code/robot/lab2/install/ros_gz_description/share/ros_gz_description/environment/ros_gz_description.dsv
[0.175s] -- Up-to-date: /home/barenbo/Desktop/Code/robot/lab2/install/ros_gz_description/share/ros_gz_description/environment/ros_gz_description.sh
[0.177s] -- Up-to-date: /home/barenbo/Desktop/Code/robot/lab2/install/ros_gz_description/share/ament_index/resource_index/package_run_dependencies/ros_gz_description
[0.178s] -- Up-to-date: /home/barenbo/Desktop/Code/robot/lab2/install/ros_gz_description/share/ament_index/resource_index/parent_prefix_path/ros_gz_description
[0.178s] -- Up-to-date: /home/barenbo/Desktop/Code/robot/lab2/install/ros_gz_description/share/ros_gz_description/environment/ament_prefix_path.sh
[0.179s] -- Up-to-date: /home/barenbo/Desktop/Code/robot/lab2/install/ros_gz_description/share/ros_gz_description/environment/ament_prefix_path.dsv
[0.180s] -- Up-to-date: /home/barenbo/Desktop/Code/robot/lab2/install/ros_gz_description/share/ros_gz_description/environment/path.sh
[0.181s] -- Up-to-date: /home/barenbo/Desktop/Code/robot/lab2/install/ros_gz_description/share/ros_gz_description/environment/path.dsv
[0.182s] -- Up-to-date: /home/barenbo/Desktop/Code/robot/lab2/install/ros_gz_description/share/ros_gz_description/local_setup.bash
[0.182s] -- Up-to-date: /home/barenbo/Desktop/Code/robot/lab2/install/ros_gz_description/share/ros_gz_description/local_setup.sh
[0.183s] -- Up-to-date: /home/barenbo/Desktop/Code/robot/lab2/install/ros_gz_description/share/ros_gz_description/local_setup.zsh
[0.184s] -- Up-to-date: /home/barenbo/Desktop/Code/robot/lab2/install/ros_gz_description/share/ros_gz_description/local_setup.dsv
[0.185s] -- Up-to-date: /home/barenbo/Desktop/Code/robot/lab2/install/ros_gz_description/share/ros_gz_description/package.dsv
[0.186s] -- Up-to-date: /home/barenbo/Desktop/Code/robot/lab2/install/ros_gz_description/share/ament_index/resource_index/packages/ros_gz_description
[0.186s] -- Up-to-date: /home/barenbo/Desktop/Code/robot/lab2/install/ros_gz_description/share/ros_gz_description/cmake/ros_gz_descriptionConfig.cmake
[0.187s] -- Up-to-date: /home/barenbo/Desktop/Code/robot/lab2/install/ros_gz_description/share/ros_gz_description/cmake/ros_gz_descriptionConfig-version.cmake
[0.189s] -- Up-to-date: /home/barenbo/Desktop/Code/robot/lab2/install/ros_gz_description/share/ros_gz_description/package.xml
[0.192s] Invoked command in '/home/barenbo/Desktop/Code/robot/lab2/build/ros_gz_description' returned '0': CMAKE_PREFIX_PATH=${CMAKE_PREFIX_PATH}:/opt/ros/jazzy PS1=<ROS2-Jazzy>[\u@\h \W]$ /usr/bin/cmake --install /home/barenbo/Desktop/Code/robot/lab2/build/ros_gz_description
