[0.552s] Invoking command in '/home/barenbo/Desktop/Code/robot/lab2/py_pubsub': PS1=<ROS2-Jazzy>[\u@\h \W]$ PYTHONPATH=/home/barenbo/Desktop/Code/robot/lab2/build/py_pubsub/prefix_override:/usr/lib/python3/dist-packages/colcon_core/task/python/colcon_distutils_commands:/home/barenbo/Desktop/Code/robot/lab2/install/py_pubsub/lib/python3.12/site-packages:${PYTHONPATH} /usr/bin/python3 -W ignore:setup.py install is deprecated -W ignore:easy_install command is deprecated setup.py egg_info --egg-base ../build/py_pubsub build --build-base /home/barenbo/Desktop/Code/robot/lab2/build/py_pubsub/build install --record /home/barenbo/Desktop/Code/robot/lab2/build/py_pubsub/install.log --single-version-externally-managed install_data
[0.702s] running egg_info
[0.712s] writing ../build/py_pubsub/py_pubsub.egg-info/PKG-INFO
[0.715s] writing dependency_links to ../build/py_pubsub/py_pubsub.egg-info/dependency_links.txt
[0.718s] writing entry points to ../build/py_pubsub/py_pubsub.egg-info/entry_points.txt
[0.720s] writing requirements to ../build/py_pubsub/py_pubsub.egg-info/requires.txt
[0.723s] writing top-level names to ../build/py_pubsub/py_pubsub.egg-info/top_level.txt
[0.747s] reading manifest file '../build/py_pubsub/py_pubsub.egg-info/SOURCES.txt'
[0.749s] adding license file 'LICENSE'
[0.749s] writing manifest file '../build/py_pubsub/py_pubsub.egg-info/SOURCES.txt'
[0.752s] running build
[0.752s] running build_py
[0.753s] copying py_pubsub/publisher_member_function.py -> /home/barenbo/Desktop/Code/robot/lab2/build/py_pubsub/build/lib/py_pubsub
[0.758s] running install
[0.762s] running install_lib
[0.777s] copying /home/barenbo/Desktop/Code/robot/lab2/build/py_pubsub/build/lib/py_pubsub/publisher_member_function.py -> /home/barenbo/Desktop/Code/robot/lab2/install/py_pubsub/lib/python3.12/site-packages/py_pubsub
[0.783s] byte-compiling /home/barenbo/Desktop/Code/robot/lab2/install/py_pubsub/lib/python3.12/site-packages/py_pubsub/publisher_member_function.py to publisher_member_function.cpython-312.pyc
[0.789s] running install_data
[0.789s] running install_egg_info
[0.811s] removing '/home/barenbo/Desktop/Code/robot/lab2/install/py_pubsub/lib/python3.12/site-packages/py_pubsub-0.0.0-py3.12.egg-info' (and everything under it)
[0.822s] Copying ../build/py_pubsub/py_pubsub.egg-info to /home/barenbo/Desktop/Code/robot/lab2/install/py_pubsub/lib/python3.12/site-packages/py_pubsub-0.0.0-py3.12.egg-info
[0.869s] running install_scripts
[1.026s] Installing talker script to /home/barenbo/Desktop/Code/robot/lab2/install/py_pubsub/lib/py_pubsub
[1.029s] writing list of installed files to '/home/barenbo/Desktop/Code/robot/lab2/build/py_pubsub/install.log'
[1.047s] Invoked command in '/home/barenbo/Desktop/Code/robot/lab2/py_pubsub' returned '0': PS1=<ROS2-Jazzy>[\u@\h \W]$ PYTHONPATH=/home/barenbo/Desktop/Code/robot/lab2/build/py_pubsub/prefix_override:/usr/lib/python3/dist-packages/colcon_core/task/python/colcon_distutils_commands:/home/barenbo/Desktop/Code/robot/lab2/install/py_pubsub/lib/python3.12/site-packages:${PYTHONPATH} /usr/bin/python3 -W ignore:setup.py install is deprecated -W ignore:easy_install command is deprecated setup.py egg_info --egg-base ../build/py_pubsub build --build-base /home/barenbo/Desktop/Code/robot/lab2/build/py_pubsub/build install --record /home/barenbo/Desktop/Code/robot/lab2/build/py_pubsub/install.log --single-version-externally-managed install_data
