[0.242s] Invoking command in '/home/barenbo/Desktop/Code/robot/lab2/build/ros_gz_app': CMAKE_PREFIX_PATH=${CMAKE_PREFIX_PATH}:/opt/ros/jazzy PS1=<ROS2-Jazzy>[\u@\h \W]$ /usr/bin/cmake --build /home/barenbo/Desktop/Code/robot/lab2/build/ros_gz_app -- -j24 -l24
[0.366s] Invoked command in '/home/barenbo/Desktop/Code/robot/lab2/build/ros_gz_app' returned '0': CMAKE_PREFIX_PATH=${CMAKE_PREFIX_PATH}:/opt/ros/jazzy PS1=<ROS2-Jazzy>[\u@\h \W]$ /usr/bin/cmake --build /home/barenbo/Desktop/Code/robot/lab2/build/ros_gz_app -- -j24 -l24
[0.381s] Invoking command in '/home/barenbo/Desktop/Code/robot/lab2/build/ros_gz_app': CMAKE_PREFIX_PATH=${CMAKE_PREFIX_PATH}:/opt/ros/jazzy PS1=<ROS2-Jazzy>[\u@\h \W]$ /usr/bin/cmake --install /home/barenbo/Desktop/Code/robot/lab2/build/ros_gz_app
[0.388s] -- Install configuration: ""
[0.393s] -- Up-to-date: /home/barenbo/Desktop/Code/robot/lab2/install/ros_gz_app/share/ament_index/resource_index/package_run_dependencies/ros_gz_app
[0.394s] -- Up-to-date: /home/barenbo/Desktop/Code/robot/lab2/install/ros_gz_app/share/ament_index/resource_index/parent_prefix_path/ros_gz_app
[0.399s] -- Up-to-date: /home/barenbo/Desktop/Code/robot/lab2/install/ros_gz_app/share/ros_gz_app/environment/ament_prefix_path.sh
[0.400s] -- Up-to-date: /home/barenbo/Desktop/Code/robot/lab2/install/ros_gz_app/share/ros_gz_app/environment/ament_prefix_path.dsv
[0.401s] -- Up-to-date: /home/barenbo/Desktop/Code/robot/lab2/install/ros_gz_app/share/ros_gz_app/environment/path.sh
[0.403s] -- Up-to-date: /home/barenbo/Desktop/Code/robot/lab2/install/ros_gz_app/share/ros_gz_app/environment/path.dsv
[0.404s] -- Up-to-date: /home/barenbo/Desktop/Code/robot/lab2/install/ros_gz_app/share/ros_gz_app/local_setup.bash
[0.406s] -- Up-to-date: /home/barenbo/Desktop/Code/robot/lab2/install/ros_gz_app/share/ros_gz_app/local_setup.sh
[0.408s] -- Up-to-date: /home/barenbo/Desktop/Code/robot/lab2/install/ros_gz_app/share/ros_gz_app/local_setup.zsh
[0.409s] -- Up-to-date: /home/barenbo/Desktop/Code/robot/lab2/install/ros_gz_app/share/ros_gz_app/local_setup.dsv
[0.410s] -- Up-to-date: /home/barenbo/Desktop/Code/robot/lab2/install/ros_gz_app/share/ros_gz_app/package.dsv
[0.411s] -- Up-to-date: /home/barenbo/Desktop/Code/robot/lab2/install/ros_gz_app/share/ament_index/resource_index/packages/ros_gz_app
[0.412s] -- Up-to-date: /home/barenbo/Desktop/Code/robot/lab2/install/ros_gz_app/share/ros_gz_app/cmake/ros_gz_appConfig.cmake
[0.414s] -- Up-to-date: /home/barenbo/Desktop/Code/robot/lab2/install/ros_gz_app/share/ros_gz_app/cmake/ros_gz_appConfig-version.cmake
[0.414s] -- Up-to-date: /home/barenbo/Desktop/Code/robot/lab2/install/ros_gz_app/share/ros_gz_app/package.xml
[0.418s] Invoked command in '/home/barenbo/Desktop/Code/robot/lab2/build/ros_gz_app' returned '0': CMAKE_PREFIX_PATH=${CMAKE_PREFIX_PATH}:/opt/ros/jazzy PS1=<ROS2-Jazzy>[\u@\h \W]$ /usr/bin/cmake --install /home/barenbo/Desktop/Code/robot/lab2/build/ros_gz_app
