[0.028s] Invoking command in '/home/barenbo/Desktop/Code/robot/lab2/build/ros_gz_gazebo': CMAKE_PREFIX_PATH=/home/barenbo/Desktop/Code/robot/lab2/install/ros_gz_description:/opt/ros/jazzy/opt/gz_sim_vendor:/opt/ros/jazzy/opt/gz_sensors_vendor:/opt/ros/jazzy/opt/gz_physics_vendor:/opt/ros/jazzy/opt/sdformat_vendor:/opt/ros/jazzy/opt/gz_gui_vendor:/opt/ros/jazzy/opt/gz_transport_vendor:/opt/ros/jazzy/opt/gz_rendering_vendor:/opt/ros/jazzy/opt/gz_plugin_vendor:/opt/ros/jazzy/opt/gz_fuel_tools_vendor:/opt/ros/jazzy/opt/gz_msgs_vendor:/opt/ros/jazzy/opt/gz_common_vendor:/opt/ros/jazzy/opt/gz_math_vendor:/opt/ros/jazzy/opt/gz_utils_vendor:/opt/ros/jazzy/opt/gz_tools_vendor:/opt/ros/jazzy/opt/gz_ogre_next_vendor:/opt/ros/jazzy/opt/gz_dartsim_vendor:/opt/ros/jazzy/opt/gz_cmake_vendor:/opt/ros/jazzy PS1=<ROS2-Jazzy>[\u@\h \W]$ /usr/bin/cmake /home/barenbo/Desktop/Code/robot/lab2/ros-lab-2/ros_gz_gazebo -DBUILD_TESTING=ON -DCMAKE_INSTALL_PREFIX=/home/barenbo/Desktop/Code/robot/lab2/install/ros_gz_gazebo
[0.170s] -- The C compiler identification is GNU 13.3.0
[0.277s] -- The CXX compiler identification is GNU 13.3.0
[0.319s] -- Detecting C compiler ABI info
[0.613s] -- Detecting C compiler ABI info - done
[0.628s] -- Check for working C compiler: /usr/bin/cc - skipped
[0.629s] -- Detecting C compile features
[0.629s] -- Detecting C compile features - done
[0.656s] -- Detecting CXX compiler ABI info
[0.956s] -- Detecting CXX compiler ABI info - done
[0.973s] -- Check for working CXX compiler: /usr/bin/c++ - skipped
[0.973s] -- Detecting CXX compile features
[0.973s] -- Detecting CXX compile features - done
[1.015s] -- Found ament_cmake: 2.5.3 (/opt/ros/jazzy/share/ament_cmake/cmake)
[1.230s] -- Found Python3: /usr/bin/python3 (found version "3.12.3") found components: Interpreter 
[1.668s] -- Found ros_gz_description: 0.0.0 (/home/barenbo/Desktop/Code/robot/lab2/install/ros_gz_description/share/ros_gz_description/cmake)
[1.729s] -- Looking for gz-plugin2 -- found version 2.0.4
[1.732s] -- Searching for dependencies of gz-plugin2
[1.753s] -- Looking for gz-utils2 -- found version 2.2.1
[1.753s] -- Searching for dependencies of gz-utils2
[1.754s] -- Searching for <gz-utils2> component [cli]
[1.773s] -- Looking for gz-utils2-cli -- found version 2.2.1
[1.773s] -- Searching for dependencies of gz-utils2-cli
[1.775s] -- Searching for <gz-plugin2> component [register]
[1.789s] -- Looking for gz-plugin2-register -- found version 2.0.4
[1.789s] -- Searching for dependencies of gz-plugin2-register
[1.809s] -- Looking for gz-common5 -- found version 5.7.1
[1.810s] -- Searching for dependencies of gz-common5
[1.810s] -- Looking for gz-utils2 -- found version 2.2.1
[1.816s] -- Looking for dlfcn.h - found
[1.834s] -- Looking for libdl - found
[1.837s] -- Found DL: TRUE  
[1.861s] -- Checking for module 'uuid'
[1.891s] --   Found uuid, version 2.39.3
[1.940s] -- Found UUID: TRUE  
[1.941s] -- Searching for <gz-common5> component [profiler]
[1.959s] -- Looking for gz-common5-profiler -- found version 5.7.1
[1.959s] -- Searching for dependencies of gz-common5-profiler
[1.977s] -- Looking for gz-sim8 -- found version 8.9.0
[1.977s] -- Searching for dependencies of gz-sim8
[1.991s] -- Looking for sdformat14 -- found version 14.7.0
[1.991s] -- Searching for dependencies of sdformat14
[2.001s] -- Checking for module 'tinyxml2'
[2.026s] --   Found tinyxml2, version 10.0.0
[2.099s] -- Looking for gz-math7 -- found version 7.5.2
[2.099s] -- Searching for dependencies of gz-math7
[2.100s] -- Looking for gz-utils2 -- found version 2.2.1
[2.102s] -- Looking for gz-utils2 -- found version 2.2.1
[2.105s] -- Looking for gz-plugin2 -- found version 2.0.4
[2.105s] -- Searching for dependencies of gz-plugin2
[2.106s] -- Looking for gz-utils2 -- found version 2.2.1
[2.106s] -- Searching for <gz-plugin2> component [loader]
[2.123s] -- Looking for gz-plugin2-loader -- found version 2.0.4
[2.123s] -- Searching for dependencies of gz-plugin2-loader
[2.124s] -- Searching for <gz-plugin2> component [register]
[2.140s] -- Looking for gz-transport13 -- found version 13.4.1
[2.140s] -- Searching for dependencies of gz-transport13
[2.678s] -- Found Protobuf: /usr/lib/x86_64-linux-gnu/libprotobuf.so (found version "3.21.12") 
[2.732s] -- Config-file not installed for ZeroMQ -- checking for pkg-config
[2.740s] -- Checking for module 'libzmq >= 4'
[2.764s] --   Found libzmq, version 4.3.5
[2.849s] -- Found ZeroMQ: TRUE (Required is at least version "4") 
[2.869s] -- Looking for gz-utils2 -- found version 2.2.1
[2.885s] -- Looking for gz-msgs10 -- found version 10.3.2
[2.885s] -- Searching for dependencies of gz-msgs10
[2.938s] -- Looking for gz-utils2 -- found version 2.2.1
[2.938s] -- Looking for gz-math7 -- found version 7.5.2
[2.947s] -- Searching for <gz-transport13> component [log]
[2.956s] -- Looking for gz-transport13-log -- found version 13.4.1
[2.956s] -- Searching for dependencies of gz-transport13-log
[2.956s] -- Searching for <gz-transport13> component [parameters]
[2.965s] -- Looking for gz-transport13-parameters -- found version 13.4.1
[2.965s] -- Searching for dependencies of gz-transport13-parameters
[2.966s] -- Looking for gz-msgs10 -- found version 10.3.2
[2.967s] -- Looking for gz-common5 -- found version 5.7.1
[2.967s] -- Searching for dependencies of gz-common5
[2.967s] -- Looking for gz-utils2 -- found version 2.2.1
[2.968s] -- Looking for dlfcn.h - found
[2.968s] -- Looking for libdl - found
[2.973s] -- Searching for <gz-common5> component [av]
[2.983s] -- Looking for gz-common5-av -- found version 5.7.1
[2.983s] -- Searching for dependencies of gz-common5-av
[2.987s] -- Checking for module 'libswscale'
[2.999s] --   Found libswscale, version 7.5.100
[3.041s] -- Found SWSCALE: TRUE  
[3.051s] -- Checking for module 'libavdevice >= 56.4.100'
[3.079s] --   Found libavdevice, version 60.3.100
[3.164s] -- Found AVDEVICE: TRUE (Required is at least version "56.4.100") 
[3.173s] -- Checking for module 'libavformat'
[3.194s] --   Found libavformat, version 60.16.100
[3.255s] -- Found AVFORMAT: TRUE  
[3.265s] -- Checking for module 'libavcodec'
[3.287s] --   Found libavcodec, version 60.31.102
[3.345s] -- Found AVCODEC: TRUE  
[3.355s] -- Checking for module 'libavutil'
[3.376s] --   Found libavutil, version 58.29.100
[3.429s] -- Found AVUTIL: TRUE  
[3.430s] -- Searching for <gz-common5> component [events]
[3.448s] -- Looking for gz-common5-events -- found version 5.7.1
[3.448s] -- Searching for dependencies of gz-common5-events
[3.449s] -- Looking for gz-math7 -- found version 7.5.2
[3.450s] -- Searching for <gz-common5> component [graphics]
[3.468s] -- Looking for gz-common5-graphics -- found version 5.7.1
[3.468s] -- Searching for dependencies of gz-common5-graphics
[3.469s] -- Looking for gz-math7 -- found version 7.5.2
[3.501s] -- Found GzAssimp: TRUE (found version "5.3.0") 
[3.503s] -- Searching for <gz-common5> component [io]
[3.520s] -- Looking for gz-common5-io -- found version 5.7.1
[3.520s] -- Searching for dependencies of gz-common5-io
[3.521s] -- Searching for <gz-common5> component [profiler]
[3.539s] -- Looking for gz-fuel_tools9 -- found version 9.1.1
[3.540s] -- Searching for dependencies of gz-fuel_tools9
[3.719s] -- Found CURL: /usr/lib/x86_64-linux-gnu/libcurl.so (found version "8.5.0")  
[3.761s] -- Checking for module 'jsoncpp'
[3.783s] --   Found jsoncpp, version 1.9.5
[3.836s] -- Found JSONCPP: TRUE  
[3.894s] -- Checking for module 'yaml-0.1'
[3.920s] --   Found yaml-0.1, version 0.2.5
[3.973s] -- Found YAML: TRUE  
[3.983s] -- Checking for module 'libzip'
[4.007s] --   Found libzip, version 1.7.3
[4.059s] -- Found ZIP: TRUE  
[4.060s] -- Looking for gz-utils2 -- found version 2.2.1
[4.061s] -- Looking for gz-common5 -- found version 5.7.1
[4.061s] -- Searching for dependencies of gz-common5
[4.062s] -- Looking for gz-utils2 -- found version 2.2.1
[4.062s] -- Looking for dlfcn.h - found
[4.062s] -- Looking for libdl - found
[4.074s] -- Searching for <gz-common5> component [testing]
[4.092s] -- Looking for gz-common5-testing -- found version 5.7.1
[4.093s] -- Searching for dependencies of gz-common5-testing
[4.095s] -- Looking for gz-math7 -- found version 7.5.2
[4.095s] -- Looking for gz-msgs10 -- found version 10.3.2
[4.110s] -- Looking for gz-gui8 -- found version 8.4.0
[4.110s] -- Searching for dependencies of gz-gui8
[4.178s] -- Looking for gz-utils2 -- found version 2.2.1
[4.179s] -- Looking for gz-math7 -- found version 7.5.2
[4.180s] -- Looking for gz-common5 -- found version 5.7.1
[4.181s] -- Looking for gz-plugin2 -- found version 2.0.4
[4.182s] -- Looking for gz-transport13 -- found version 13.4.1
[4.200s] -- Looking for gz-rendering8 -- found version 8.2.2
[4.200s] -- Searching for dependencies of gz-rendering8
[4.201s] -- Looking for gz-math7 -- found version 7.5.2
[4.201s] -- Searching for dependencies of gz-math7
[4.202s] -- Looking for gz-utils2 -- found version 2.2.1
[4.202s] -- Searching for <gz-math7> component [eigen3]
[4.221s] -- Looking for gz-math7-eigen3 -- found version 7.5.2
[4.221s] -- Searching for dependencies of gz-math7-eigen3
[4.263s] -- Looking for gz-common5 -- found version 5.7.1
[4.263s] -- Searching for dependencies of gz-common5
[4.263s] -- Looking for gz-utils2 -- found version 2.2.1
[4.263s] -- Looking for dlfcn.h - found
[4.263s] -- Looking for libdl - found
[4.270s] -- Searching for <gz-common5> component [graphics]
[4.271s] -- Searching for <gz-common5> component [events]
[4.271s] -- Searching for <gz-common5> component [geospatial]
[4.281s] -- Looking for gz-common5-geospatial -- found version 5.7.1
[4.281s] -- Searching for dependencies of gz-common5-geospatial
[4.282s] -- Looking for gz-math7 -- found version 7.5.2
[4.282s] -- Looking for gz-common5 -- found version 5.7.1
[4.283s] -- Looking for gz-plugin2 -- found version 2.0.4
[4.283s] -- Searching for dependencies of gz-plugin2
[4.284s] -- Looking for gz-utils2 -- found version 2.2.1
[4.284s] -- Searching for <gz-plugin2> component [all]
[4.292s] -- Looking for all libraries of gz-plugin2 -- found version 2.0.4
[4.293s] -- Looking for gz-plugin2 -- found version 2.0.4
[4.294s] -- Looking for gz-utils2 -- found version 2.2.1
[4.314s] -- Found OpenGL: /usr/lib/x86_64-linux-gnu/libOpenGL.so  found components: OpenGL 
[4.317s] -- Looking for gz-msgs10 -- found version 10.3.2
[4.385s] -- Looking for gz-physics7 -- found version 7.5.0
[4.385s] -- Searching for dependencies of gz-physics7
[4.385s] -- Looking for gz-common5 -- found version 5.7.1
[4.386s] -- Looking for gz-math7 -- found version 7.5.2
[4.386s] -- Looking for gz-plugin2 -- found version 2.0.4
[4.386s] -- Looking for gz-utils2 -- found version 2.2.1
[4.387s] -- Searching for <gz-physics7> component [heightmap]
[4.395s] -- Looking for gz-physics7-heightmap -- found version 7.5.0
[4.395s] -- Searching for dependencies of gz-physics7-heightmap
[4.395s] -- Looking for gz-common5 -- found version 5.7.1
[4.396s] -- Searching for <gz-physics7> component [mesh]
[4.403s] -- Looking for gz-physics7-mesh -- found version 7.5.0
[4.403s] -- Searching for dependencies of gz-physics7-mesh
[4.403s] -- Looking for gz-common5 -- found version 5.7.1
[4.404s] -- Searching for <gz-physics7> component [sdf]
[4.412s] -- Looking for gz-physics7-sdf -- found version 7.5.0
[4.412s] -- Searching for dependencies of gz-physics7-sdf
[4.412s] -- Looking for sdformat14 -- found version 14.7.0
[4.422s] -- Looking for gz-sensors8 -- found version 8.2.2
[4.422s] -- Searching for dependencies of gz-sensors8
[4.465s] -- Looking for gz-math7 -- found version 7.5.2
[4.466s] -- Looking for gz-common5 -- found version 5.7.1
[4.467s] -- Looking for gz-transport13 -- found version 13.4.1
[4.467s] -- Looking for gz-rendering8 -- found version 8.2.2
[4.468s] -- Looking for gz-msgs10 -- found version 10.3.2
[4.468s] -- Looking for sdformat14 -- found version 14.7.0
[4.469s] -- Searching for <gz-sensors8> component [air_pressure]
[4.478s] -- Looking for gz-sensors8-air_pressure -- found version 8.2.2
[4.478s] -- Searching for dependencies of gz-sensors8-air_pressure
[4.479s] -- Searching for <gz-sensors8> component [air_speed]
[4.488s] -- Looking for gz-sensors8-air_speed -- found version 8.2.2
[4.488s] -- Searching for dependencies of gz-sensors8-air_speed
[4.491s] -- Searching for <gz-sensors8> component [altimeter]
[4.500s] -- Looking for gz-sensors8-altimeter -- found version 8.2.2
[4.500s] -- Searching for dependencies of gz-sensors8-altimeter
[4.501s] -- Searching for <gz-sensors8> component [imu]
[4.511s] -- Looking for gz-sensors8-imu -- found version 8.2.2
[4.511s] -- Searching for dependencies of gz-sensors8-imu
[4.512s] -- Searching for <gz-sensors8> component [force_torque]
[4.522s] -- Looking for gz-sensors8-force_torque -- found version 8.2.2
[4.522s] -- Searching for dependencies of gz-sensors8-force_torque
[4.523s] -- Searching for <gz-sensors8> component [logical_camera]
[4.533s] -- Looking for gz-sensors8-logical_camera -- found version 8.2.2
[4.533s] -- Searching for dependencies of gz-sensors8-logical_camera
[4.534s] -- Searching for <gz-sensors8> component [magnetometer]
[4.545s] -- Looking for gz-sensors8-magnetometer -- found version 8.2.2
[4.545s] -- Searching for dependencies of gz-sensors8-magnetometer
[4.546s] -- Searching for <gz-sensors8> component [navsat]
[4.556s] -- Looking for gz-sensors8-navsat -- found version 8.2.2
[4.556s] -- Searching for dependencies of gz-sensors8-navsat
[4.557s] -- Searching for <gz-sensors8> component [dvl]
[4.567s] -- Looking for gz-sensors8-dvl -- found version 8.2.2
[4.567s] -- Searching for dependencies of gz-sensors8-dvl
[4.568s] -- Looking for gz-sensors8 -- found version 8.2.2
[4.568s] -- Searching for dependencies of gz-sensors8
[4.628s] -- Looking for gz-math7 -- found version 7.5.2
[4.629s] -- Looking for gz-common5 -- found version 5.7.1
[4.630s] -- Looking for gz-transport13 -- found version 13.4.1
[4.631s] -- Looking for gz-rendering8 -- found version 8.2.2
[4.632s] -- Looking for gz-msgs10 -- found version 10.3.2
[4.632s] -- Looking for sdformat14 -- found version 14.7.0
[4.633s] -- Searching for <gz-sensors8> component [rendering]
[4.643s] -- Looking for gz-sensors8-rendering -- found version 8.2.2
[4.643s] -- Searching for dependencies of gz-sensors8-rendering
[4.645s] -- Searching for <gz-sensors8> component [rendering]
[4.645s] -- Searching for <gz-sensors8> component [lidar]
[4.655s] -- Looking for gz-sensors8-lidar -- found version 8.2.2
[4.655s] -- Searching for dependencies of gz-sensors8-lidar
[4.656s] -- Looking for gz-sensors8 -- found version 8.2.2
[4.657s] -- Searching for <gz-sensors8> component [gpu_lidar]
[4.667s] -- Looking for gz-sensors8-gpu_lidar -- found version 8.2.2
[4.667s] -- Searching for dependencies of gz-sensors8-gpu_lidar
[4.668s] -- Looking for gz-sensors8 -- found version 8.2.2
[4.669s] -- Searching for <gz-sensors8> component [camera]
[4.678s] -- Looking for gz-sensors8-camera -- found version 8.2.2
[4.679s] -- Searching for dependencies of gz-sensors8-camera
[4.679s] -- Looking for gz-sensors8 -- found version 8.2.2
[4.681s] -- Searching for <gz-sensors8> component [boundingbox_camera]
[4.690s] -- Looking for gz-sensors8-boundingbox_camera -- found version 8.2.2
[4.691s] -- Searching for dependencies of gz-sensors8-boundingbox_camera
[4.692s] -- Searching for <gz-sensors8> component [segmentation_camera]
[4.702s] -- Looking for gz-sensors8-segmentation_camera -- found version 8.2.2
[4.702s] -- Searching for dependencies of gz-sensors8-segmentation_camera
[4.703s] -- Searching for <gz-sensors8> component [depth_camera]
[4.713s] -- Looking for gz-sensors8-depth_camera -- found version 8.2.2
[4.713s] -- Searching for dependencies of gz-sensors8-depth_camera
[4.714s] -- Looking for gz-sensors8 -- found version 8.2.2
[4.715s] -- Searching for <gz-sensors8> component [rgbd_camera]
[4.725s] -- Looking for gz-sensors8-rgbd_camera -- found version 8.2.2
[4.725s] -- Searching for dependencies of gz-sensors8-rgbd_camera
[4.726s] -- Looking for gz-sensors8 -- found version 8.2.2
[4.727s] -- Searching for <gz-sensors8> component [thermal_camera]
[4.738s] -- Looking for gz-sensors8-thermal_camera -- found version 8.2.2
[4.738s] -- Searching for dependencies of gz-sensors8-thermal_camera
[4.739s] -- Looking for gz-sensors8 -- found version 8.2.2
[4.740s] -- Searching for <gz-sensors8> component [wide_angle_camera]
[4.750s] -- Looking for gz-sensors8-wide_angle_camera -- found version 8.2.2
[4.750s] -- Searching for dependencies of gz-sensors8-wide_angle_camera
[4.752s] -- Looking for gz-rendering8 -- found version 8.2.2
[4.753s] -- Looking for gz-math7 -- found version 7.5.2
[4.754s] -- Looking for gz-utils2 -- found version 2.2.1
[4.802s] -- Compiling against Gazebo Harmonic
[4.823s] -- Found ament_lint_auto: 0.17.2 (/opt/ros/jazzy/share/ament_lint_auto/cmake)
[5.002s] -- Configuring done (4.9s)
[5.271s] -- Generating done (0.2s)
[5.338s] -- Build files have been written to: /home/barenbo/Desktop/Code/robot/lab2/build/ros_gz_gazebo
[5.355s] Invoked command in '/home/barenbo/Desktop/Code/robot/lab2/build/ros_gz_gazebo' returned '0': CMAKE_PREFIX_PATH=/home/barenbo/Desktop/Code/robot/lab2/install/ros_gz_description:/opt/ros/jazzy/opt/gz_sim_vendor:/opt/ros/jazzy/opt/gz_sensors_vendor:/opt/ros/jazzy/opt/gz_physics_vendor:/opt/ros/jazzy/opt/sdformat_vendor:/opt/ros/jazzy/opt/gz_gui_vendor:/opt/ros/jazzy/opt/gz_transport_vendor:/opt/ros/jazzy/opt/gz_rendering_vendor:/opt/ros/jazzy/opt/gz_plugin_vendor:/opt/ros/jazzy/opt/gz_fuel_tools_vendor:/opt/ros/jazzy/opt/gz_msgs_vendor:/opt/ros/jazzy/opt/gz_common_vendor:/opt/ros/jazzy/opt/gz_math_vendor:/opt/ros/jazzy/opt/gz_utils_vendor:/opt/ros/jazzy/opt/gz_tools_vendor:/opt/ros/jazzy/opt/gz_ogre_next_vendor:/opt/ros/jazzy/opt/gz_dartsim_vendor:/opt/ros/jazzy/opt/gz_cmake_vendor:/opt/ros/jazzy PS1=<ROS2-Jazzy>[\u@\h \W]$ /usr/bin/cmake /home/barenbo/Desktop/Code/robot/lab2/ros-lab-2/ros_gz_gazebo -DBUILD_TESTING=ON -DCMAKE_INSTALL_PREFIX=/home/barenbo/Desktop/Code/robot/lab2/install/ros_gz_gazebo
[5.357s] Invoking command in '/home/barenbo/Desktop/Code/robot/lab2/build/ros_gz_gazebo': CMAKE_PREFIX_PATH=/home/barenbo/Desktop/Code/robot/lab2/install/ros_gz_description:/opt/ros/jazzy/opt/gz_sim_vendor:/opt/ros/jazzy/opt/gz_sensors_vendor:/opt/ros/jazzy/opt/gz_physics_vendor:/opt/ros/jazzy/opt/sdformat_vendor:/opt/ros/jazzy/opt/gz_gui_vendor:/opt/ros/jazzy/opt/gz_transport_vendor:/opt/ros/jazzy/opt/gz_rendering_vendor:/opt/ros/jazzy/opt/gz_plugin_vendor:/opt/ros/jazzy/opt/gz_fuel_tools_vendor:/opt/ros/jazzy/opt/gz_msgs_vendor:/opt/ros/jazzy/opt/gz_common_vendor:/opt/ros/jazzy/opt/gz_math_vendor:/opt/ros/jazzy/opt/gz_utils_vendor:/opt/ros/jazzy/opt/gz_tools_vendor:/opt/ros/jazzy/opt/gz_ogre_next_vendor:/opt/ros/jazzy/opt/gz_dartsim_vendor:/opt/ros/jazzy/opt/gz_cmake_vendor:/opt/ros/jazzy PS1=<ROS2-Jazzy>[\u@\h \W]$ /usr/bin/cmake --build /home/barenbo/Desktop/Code/robot/lab2/build/ros_gz_gazebo -- -j24 -l24
[5.483s] [ 50%] [32mBuilding CXX object CMakeFiles/BasicSystem.dir/src/BasicSystem.cc.o[0m
[5.483s] [ 50%] [32mBuilding CXX object CMakeFiles/FullSystem.dir/src/FullSystem.cc.o[0m
[7.011s] [ 75%] [32m[1mLinking CXX shared library libBasicSystem.so[0m
[7.060s] [100%] [32m[1mLinking CXX shared library libFullSystem.so[0m
[7.258s] [100%] Built target BasicSystem
[7.262s] [100%] Built target FullSystem
[7.289s] Invoked command in '/home/barenbo/Desktop/Code/robot/lab2/build/ros_gz_gazebo' returned '0': CMAKE_PREFIX_PATH=/home/barenbo/Desktop/Code/robot/lab2/install/ros_gz_description:/opt/ros/jazzy/opt/gz_sim_vendor:/opt/ros/jazzy/opt/gz_sensors_vendor:/opt/ros/jazzy/opt/gz_physics_vendor:/opt/ros/jazzy/opt/sdformat_vendor:/opt/ros/jazzy/opt/gz_gui_vendor:/opt/ros/jazzy/opt/gz_transport_vendor:/opt/ros/jazzy/opt/gz_rendering_vendor:/opt/ros/jazzy/opt/gz_plugin_vendor:/opt/ros/jazzy/opt/gz_fuel_tools_vendor:/opt/ros/jazzy/opt/gz_msgs_vendor:/opt/ros/jazzy/opt/gz_common_vendor:/opt/ros/jazzy/opt/gz_math_vendor:/opt/ros/jazzy/opt/gz_utils_vendor:/opt/ros/jazzy/opt/gz_tools_vendor:/opt/ros/jazzy/opt/gz_ogre_next_vendor:/opt/ros/jazzy/opt/gz_dartsim_vendor:/opt/ros/jazzy/opt/gz_cmake_vendor:/opt/ros/jazzy PS1=<ROS2-Jazzy>[\u@\h \W]$ /usr/bin/cmake --build /home/barenbo/Desktop/Code/robot/lab2/build/ros_gz_gazebo -- -j24 -l24
[7.293s] Invoking command in '/home/barenbo/Desktop/Code/robot/lab2/build/ros_gz_gazebo': CMAKE_PREFIX_PATH=/home/barenbo/Desktop/Code/robot/lab2/install/ros_gz_description:/opt/ros/jazzy/opt/gz_sim_vendor:/opt/ros/jazzy/opt/gz_sensors_vendor:/opt/ros/jazzy/opt/gz_physics_vendor:/opt/ros/jazzy/opt/sdformat_vendor:/opt/ros/jazzy/opt/gz_gui_vendor:/opt/ros/jazzy/opt/gz_transport_vendor:/opt/ros/jazzy/opt/gz_rendering_vendor:/opt/ros/jazzy/opt/gz_plugin_vendor:/opt/ros/jazzy/opt/gz_fuel_tools_vendor:/opt/ros/jazzy/opt/gz_msgs_vendor:/opt/ros/jazzy/opt/gz_common_vendor:/opt/ros/jazzy/opt/gz_math_vendor:/opt/ros/jazzy/opt/gz_utils_vendor:/opt/ros/jazzy/opt/gz_tools_vendor:/opt/ros/jazzy/opt/gz_ogre_next_vendor:/opt/ros/jazzy/opt/gz_dartsim_vendor:/opt/ros/jazzy/opt/gz_cmake_vendor:/opt/ros/jazzy PS1=<ROS2-Jazzy>[\u@\h \W]$ /usr/bin/cmake --install /home/barenbo/Desktop/Code/robot/lab2/build/ros_gz_gazebo
[7.314s] -- Install configuration: ""
[7.320s] -- Installing: /home/barenbo/Desktop/Code/robot/lab2/install/ros_gz_gazebo/lib/ros_gz_gazebo/libBasicSystem.so
[7.340s] -- Set non-toolchain portion of runtime path of "/home/barenbo/Desktop/Code/robot/lab2/install/ros_gz_gazebo/lib/ros_gz_gazebo/libBasicSystem.so" to ""
[7.342s] -- Installing: /home/barenbo/Desktop/Code/robot/lab2/install/ros_gz_gazebo/lib/ros_gz_gazebo/libFullSystem.so
[7.366s] -- Set non-toolchain portion of runtime path of "/home/barenbo/Desktop/Code/robot/lab2/install/ros_gz_gazebo/lib/ros_gz_gazebo/libFullSystem.so" to ""
[7.367s] -- Installing: /home/barenbo/Desktop/Code/robot/lab2/install/ros_gz_gazebo/share/ros_gz_gazebo/worlds
[7.374s] -- Installing: /home/barenbo/Desktop/Code/robot/lab2/install/ros_gz_gazebo/share/ros_gz_gazebo/worlds/diff_drive.sdf
[7.380s] -- Installing: /home/barenbo/Desktop/Code/robot/lab2/install/ros_gz_gazebo/share/ros_gz_gazebo/worlds/maze.sdf
[7.391s] -- Installing: /home/barenbo/Desktop/Code/robot/lab2/install/ros_gz_gazebo/share/ros_gz_gazebo/environment/ros_gz_gazebo.dsv
[7.397s] -- Installing: /home/barenbo/Desktop/Code/robot/lab2/install/ros_gz_gazebo/share/ros_gz_gazebo/environment/ros_gz_gazebo.sh
[7.411s] -- Installing: /home/barenbo/Desktop/Code/robot/lab2/install/ros_gz_gazebo/share/ament_index/resource_index/package_run_dependencies/ros_gz_gazebo
[7.422s] -- Installing: /home/barenbo/Desktop/Code/robot/lab2/install/ros_gz_gazebo/share/ament_index/resource_index/parent_prefix_path/ros_gz_gazebo
[7.428s] -- Installing: /home/barenbo/Desktop/Code/robot/lab2/install/ros_gz_gazebo/share/ros_gz_gazebo/environment/ament_prefix_path.sh
[7.436s] -- Installing: /home/barenbo/Desktop/Code/robot/lab2/install/ros_gz_gazebo/share/ros_gz_gazebo/environment/ament_prefix_path.dsv
[7.442s] -- Installing: /home/barenbo/Desktop/Code/robot/lab2/install/ros_gz_gazebo/share/ros_gz_gazebo/environment/path.sh
[7.449s] -- Installing: /home/barenbo/Desktop/Code/robot/lab2/install/ros_gz_gazebo/share/ros_gz_gazebo/environment/path.dsv
[7.456s] -- Installing: /home/barenbo/Desktop/Code/robot/lab2/install/ros_gz_gazebo/share/ros_gz_gazebo/local_setup.bash
[7.463s] -- Installing: /home/barenbo/Desktop/Code/robot/lab2/install/ros_gz_gazebo/share/ros_gz_gazebo/local_setup.sh
[7.470s] -- Installing: /home/barenbo/Desktop/Code/robot/lab2/install/ros_gz_gazebo/share/ros_gz_gazebo/local_setup.zsh
[7.478s] -- Installing: /home/barenbo/Desktop/Code/robot/lab2/install/ros_gz_gazebo/share/ros_gz_gazebo/local_setup.dsv
[7.485s] -- Installing: /home/barenbo/Desktop/Code/robot/lab2/install/ros_gz_gazebo/share/ros_gz_gazebo/package.dsv
[7.496s] -- Installing: /home/barenbo/Desktop/Code/robot/lab2/install/ros_gz_gazebo/share/ament_index/resource_index/packages/ros_gz_gazebo
[7.506s] -- Installing: /home/barenbo/Desktop/Code/robot/lab2/install/ros_gz_gazebo/share/ros_gz_gazebo/cmake/ros_gz_gazeboConfig.cmake
[7.512s] -- Installing: /home/barenbo/Desktop/Code/robot/lab2/install/ros_gz_gazebo/share/ros_gz_gazebo/cmake/ros_gz_gazeboConfig-version.cmake
[7.520s] -- Installing: /home/barenbo/Desktop/Code/robot/lab2/install/ros_gz_gazebo/share/ros_gz_gazebo/package.xml
[7.530s] Invoked command in '/home/barenbo/Desktop/Code/robot/lab2/build/ros_gz_gazebo' returned '0': CMAKE_PREFIX_PATH=/home/barenbo/Desktop/Code/robot/lab2/install/ros_gz_description:/opt/ros/jazzy/opt/gz_sim_vendor:/opt/ros/jazzy/opt/gz_sensors_vendor:/opt/ros/jazzy/opt/gz_physics_vendor:/opt/ros/jazzy/opt/sdformat_vendor:/opt/ros/jazzy/opt/gz_gui_vendor:/opt/ros/jazzy/opt/gz_transport_vendor:/opt/ros/jazzy/opt/gz_rendering_vendor:/opt/ros/jazzy/opt/gz_plugin_vendor:/opt/ros/jazzy/opt/gz_fuel_tools_vendor:/opt/ros/jazzy/opt/gz_msgs_vendor:/opt/ros/jazzy/opt/gz_common_vendor:/opt/ros/jazzy/opt/gz_math_vendor:/opt/ros/jazzy/opt/gz_utils_vendor:/opt/ros/jazzy/opt/gz_tools_vendor:/opt/ros/jazzy/opt/gz_ogre_next_vendor:/opt/ros/jazzy/opt/gz_dartsim_vendor:/opt/ros/jazzy/opt/gz_cmake_vendor:/opt/ros/jazzy PS1=<ROS2-Jazzy>[\u@\h \W]$ /usr/bin/cmake --install /home/barenbo/Desktop/Code/robot/lab2/build/ros_gz_gazebo
