[0.172s] DEBUG:colcon:Command line arguments: ['/usr/bin/colcon', 'build', '--cmake-args', '-DBUILD_TESTING=ON']
[0.172s] DEBUG:colcon:Parsed command line arguments: Namespace(log_base=None, log_level=None, verb_name='build', build_base='build', install_base='install', merge_install=False, symlink_install=False, test_result_base=None, continue_on_error=False, executor='parallel', parallel_workers=24, event_handlers=None, ignore_user_meta=False, metas=['./colcon.meta'], base_paths=['.'], packages_ignore=None, packages_ignore_regex=None, paths=None, packages_up_to=None, packages_up_to_regex=None, packages_above=None, packages_above_and_dependencies=None, packages_above_depth=None, packages_select_by_dep=None, packages_skip_by_dep=None, packages_skip_up_to=None, packages_select_build_failed=False, packages_skip_build_finished=False, packages_select_test_failures=False, packages_skip_test_passed=False, packages_select=None, packages_skip=None, packages_select_regex=None, packages_skip_regex=None, packages_start=None, packages_end=None, allow_overriding=[], cmake_args=['-DBUILD_TESTING=ON'], cmake_target=None, cmake_target_skip_unavailable=False, cmake_clean_cache=False, cmake_clean_first=False, cmake_force_configure=False, ament_cmake_args=None, catkin_cmake_args=None, catkin_skip_building_tests=False, mixin_files=None, mixin=None, verb_parser=<colcon_mixin.mixin.mixin_argument.MixinArgumentDecorator object at 0x7f1a8c38ad80>, verb_extension=<colcon_core.verb.build.BuildVerb object at 0x7f1a8c507350>, main=<bound method BuildVerb.main of <colcon_core.verb.build.BuildVerb object at 0x7f1a8c507350>>, mixin_verb=('build',))
[0.205s] Level 1:colcon.colcon_core.package_discovery:discover_packages(colcon_meta) check parameters
[0.205s] Level 1:colcon.colcon_core.package_discovery:discover_packages(recursive) check parameters
[0.205s] Level 1:colcon.colcon_core.package_discovery:discover_packages(ignore) check parameters
[0.205s] Level 1:colcon.colcon_core.package_discovery:discover_packages(path) check parameters
[0.205s] Level 1:colcon.colcon_core.package_discovery:discover_packages(colcon_meta) discover
[0.205s] Level 1:colcon.colcon_core.package_discovery:discover_packages(recursive) discover
[0.205s] INFO:colcon.colcon_core.package_discovery:Crawling recursively for packages in '/home/barenbo/Desktop/Code/robot/lab2'
[0.206s] Level 1:colcon.colcon_core.package_identification:_identify(.) by extensions ['ignore', 'ignore_ament_install']
[0.206s] Level 1:colcon.colcon_core.package_identification:_identify(.) by extension 'ignore'
[0.206s] Level 1:colcon.colcon_core.package_identification:_identify(.) by extension 'ignore_ament_install'
[0.206s] Level 1:colcon.colcon_core.package_identification:_identify(.) by extensions ['colcon_pkg']
[0.206s] Level 1:colcon.colcon_core.package_identification:_identify(.) by extension 'colcon_pkg'
[0.206s] Level 1:colcon.colcon_core.package_identification:_identify(.) by extensions ['colcon_meta']
[0.206s] Level 1:colcon.colcon_core.package_identification:_identify(.) by extension 'colcon_meta'
[0.206s] Level 1:colcon.colcon_core.package_identification:_identify(.) by extensions ['ros']
[0.206s] Level 1:colcon.colcon_core.package_identification:_identify(.) by extension 'ros'
[0.224s] Level 1:colcon.colcon_core.package_identification:_identify(.) by extensions ['cmake', 'python']
[0.224s] Level 1:colcon.colcon_core.package_identification:_identify(.) by extension 'cmake'
[0.224s] Level 1:colcon.colcon_core.package_identification:_identify(.) by extension 'python'
[0.224s] Level 1:colcon.colcon_core.package_identification:_identify(.) by extensions ['python_setup_py']
[0.224s] Level 1:colcon.colcon_core.package_identification:_identify(.) by extension 'python_setup_py'
[0.224s] Level 1:colcon.colcon_core.package_identification:_identify(build) by extensions ['ignore', 'ignore_ament_install']
[0.224s] Level 1:colcon.colcon_core.package_identification:_identify(build) by extension 'ignore'
[0.225s] Level 1:colcon.colcon_core.package_identification:_identify(build) ignored
[0.225s] Level 1:colcon.colcon_core.package_identification:_identify(install) by extensions ['ignore', 'ignore_ament_install']
[0.225s] Level 1:colcon.colcon_core.package_identification:_identify(install) by extension 'ignore'
[0.225s] Level 1:colcon.colcon_core.package_identification:_identify(install) ignored
[0.226s] Level 1:colcon.colcon_core.package_identification:_identify(log) by extensions ['ignore', 'ignore_ament_install']
[0.226s] Level 1:colcon.colcon_core.package_identification:_identify(log) by extension 'ignore'
[0.226s] Level 1:colcon.colcon_core.package_identification:_identify(log) ignored
[0.226s] Level 1:colcon.colcon_core.package_identification:_identify(py_pubsub) by extensions ['ignore', 'ignore_ament_install']
[0.226s] Level 1:colcon.colcon_core.package_identification:_identify(py_pubsub) by extension 'ignore'
[0.226s] Level 1:colcon.colcon_core.package_identification:_identify(py_pubsub) by extension 'ignore_ament_install'
[0.226s] Level 1:colcon.colcon_core.package_identification:_identify(py_pubsub) by extensions ['colcon_pkg']
[0.226s] Level 1:colcon.colcon_core.package_identification:_identify(py_pubsub) by extension 'colcon_pkg'
[0.226s] Level 1:colcon.colcon_core.package_identification:_identify(py_pubsub) by extensions ['colcon_meta']
[0.226s] Level 1:colcon.colcon_core.package_identification:_identify(py_pubsub) by extension 'colcon_meta'
[0.226s] Level 1:colcon.colcon_core.package_identification:_identify(py_pubsub) by extensions ['ros']
[0.226s] Level 1:colcon.colcon_core.package_identification:_identify(py_pubsub) by extension 'ros'
[0.228s] DEBUG:colcon.colcon_core.package_identification:Package 'py_pubsub' with type 'ros.ament_python' and name 'py_pubsub'
[0.229s] Level 1:colcon.colcon_core.package_identification:_identify(ros-lab-2) by extensions ['ignore', 'ignore_ament_install']
[0.229s] Level 1:colcon.colcon_core.package_identification:_identify(ros-lab-2) by extension 'ignore'
[0.229s] Level 1:colcon.colcon_core.package_identification:_identify(ros-lab-2) by extension 'ignore_ament_install'
[0.229s] Level 1:colcon.colcon_core.package_identification:_identify(ros-lab-2) by extensions ['colcon_pkg']
[0.229s] Level 1:colcon.colcon_core.package_identification:_identify(ros-lab-2) by extension 'colcon_pkg'
[0.229s] Level 1:colcon.colcon_core.package_identification:_identify(ros-lab-2) by extensions ['colcon_meta']
[0.229s] Level 1:colcon.colcon_core.package_identification:_identify(ros-lab-2) by extension 'colcon_meta'
[0.229s] Level 1:colcon.colcon_core.package_identification:_identify(ros-lab-2) by extensions ['ros']
[0.229s] Level 1:colcon.colcon_core.package_identification:_identify(ros-lab-2) by extension 'ros'
[0.229s] Level 1:colcon.colcon_core.package_identification:_identify(ros-lab-2) by extensions ['cmake', 'python']
[0.229s] Level 1:colcon.colcon_core.package_identification:_identify(ros-lab-2) by extension 'cmake'
[0.229s] Level 1:colcon.colcon_core.package_identification:_identify(ros-lab-2) by extension 'python'
[0.229s] Level 1:colcon.colcon_core.package_identification:_identify(ros-lab-2) by extensions ['python_setup_py']
[0.229s] Level 1:colcon.colcon_core.package_identification:_identify(ros-lab-2) by extension 'python_setup_py'
[0.229s] Level 1:colcon.colcon_core.package_identification:_identify(ros-lab-2/build) by extensions ['ignore', 'ignore_ament_install']
[0.229s] Level 1:colcon.colcon_core.package_identification:_identify(ros-lab-2/build) by extension 'ignore'
[0.229s] Level 1:colcon.colcon_core.package_identification:_identify(ros-lab-2/build) ignored
[0.230s] Level 1:colcon.colcon_core.package_identification:_identify(ros-lab-2/figs) by extensions ['ignore', 'ignore_ament_install']
[0.230s] Level 1:colcon.colcon_core.package_identification:_identify(ros-lab-2/figs) by extension 'ignore'
[0.230s] Level 1:colcon.colcon_core.package_identification:_identify(ros-lab-2/figs) by extension 'ignore_ament_install'
[0.230s] Level 1:colcon.colcon_core.package_identification:_identify(ros-lab-2/figs) by extensions ['colcon_pkg']
[0.230s] Level 1:colcon.colcon_core.package_identification:_identify(ros-lab-2/figs) by extension 'colcon_pkg'
[0.230s] Level 1:colcon.colcon_core.package_identification:_identify(ros-lab-2/figs) by extensions ['colcon_meta']
[0.230s] Level 1:colcon.colcon_core.package_identification:_identify(ros-lab-2/figs) by extension 'colcon_meta'
[0.230s] Level 1:colcon.colcon_core.package_identification:_identify(ros-lab-2/figs) by extensions ['ros']
[0.230s] Level 1:colcon.colcon_core.package_identification:_identify(ros-lab-2/figs) by extension 'ros'
[0.230s] Level 1:colcon.colcon_core.package_identification:_identify(ros-lab-2/figs) by extensions ['cmake', 'python']
[0.230s] Level 1:colcon.colcon_core.package_identification:_identify(ros-lab-2/figs) by extension 'cmake'
[0.230s] Level 1:colcon.colcon_core.package_identification:_identify(ros-lab-2/figs) by extension 'python'
[0.230s] Level 1:colcon.colcon_core.package_identification:_identify(ros-lab-2/figs) by extensions ['python_setup_py']
[0.230s] Level 1:colcon.colcon_core.package_identification:_identify(ros-lab-2/figs) by extension 'python_setup_py'
[0.230s] Level 1:colcon.colcon_core.package_identification:_identify(ros-lab-2/install) by extensions ['ignore', 'ignore_ament_install']
[0.230s] Level 1:colcon.colcon_core.package_identification:_identify(ros-lab-2/install) by extension 'ignore'
[0.230s] Level 1:colcon.colcon_core.package_identification:_identify(ros-lab-2/install) ignored
[0.231s] Level 1:colcon.colcon_core.package_identification:_identify(ros-lab-2/log) by extensions ['ignore', 'ignore_ament_install']
[0.231s] Level 1:colcon.colcon_core.package_identification:_identify(ros-lab-2/log) by extension 'ignore'
[0.231s] Level 1:colcon.colcon_core.package_identification:_identify(ros-lab-2/log) ignored
[0.231s] Level 1:colcon.colcon_core.package_identification:_identify(ros-lab-2/ros_gz_app) by extensions ['ignore', 'ignore_ament_install']
[0.231s] Level 1:colcon.colcon_core.package_identification:_identify(ros-lab-2/ros_gz_app) by extension 'ignore'
[0.232s] Level 1:colcon.colcon_core.package_identification:_identify(ros-lab-2/ros_gz_app) by extension 'ignore_ament_install'
[0.232s] Level 1:colcon.colcon_core.package_identification:_identify(ros-lab-2/ros_gz_app) by extensions ['colcon_pkg']
[0.232s] Level 1:colcon.colcon_core.package_identification:_identify(ros-lab-2/ros_gz_app) by extension 'colcon_pkg'
[0.232s] Level 1:colcon.colcon_core.package_identification:_identify(ros-lab-2/ros_gz_app) by extensions ['colcon_meta']
[0.232s] Level 1:colcon.colcon_core.package_identification:_identify(ros-lab-2/ros_gz_app) by extension 'colcon_meta'
[0.232s] Level 1:colcon.colcon_core.package_identification:_identify(ros-lab-2/ros_gz_app) by extensions ['ros']
[0.232s] Level 1:colcon.colcon_core.package_identification:_identify(ros-lab-2/ros_gz_app) by extension 'ros'
[0.232s] DEBUG:colcon.colcon_core.package_identification:Package 'ros-lab-2/ros_gz_app' with type 'ros.ament_cmake' and name 'ros_gz_app'
[0.232s] Level 1:colcon.colcon_core.package_identification:_identify(ros-lab-2/ros_gz_bringup) by extensions ['ignore', 'ignore_ament_install']
[0.233s] Level 1:colcon.colcon_core.package_identification:_identify(ros-lab-2/ros_gz_bringup) by extension 'ignore'
[0.233s] Level 1:colcon.colcon_core.package_identification:_identify(ros-lab-2/ros_gz_bringup) by extension 'ignore_ament_install'
[0.233s] Level 1:colcon.colcon_core.package_identification:_identify(ros-lab-2/ros_gz_bringup) by extensions ['colcon_pkg']
[0.233s] Level 1:colcon.colcon_core.package_identification:_identify(ros-lab-2/ros_gz_bringup) by extension 'colcon_pkg'
[0.233s] Level 1:colcon.colcon_core.package_identification:_identify(ros-lab-2/ros_gz_bringup) by extensions ['colcon_meta']
[0.233s] Level 1:colcon.colcon_core.package_identification:_identify(ros-lab-2/ros_gz_bringup) by extension 'colcon_meta'
[0.233s] Level 1:colcon.colcon_core.package_identification:_identify(ros-lab-2/ros_gz_bringup) by extensions ['ros']
[0.233s] Level 1:colcon.colcon_core.package_identification:_identify(ros-lab-2/ros_gz_bringup) by extension 'ros'
[0.233s] DEBUG:colcon.colcon_core.package_identification:Package 'ros-lab-2/ros_gz_bringup' with type 'ros.ament_cmake' and name 'ros_gz_bringup'
[0.234s] Level 1:colcon.colcon_core.package_identification:_identify(ros-lab-2/ros_gz_description) by extensions ['ignore', 'ignore_ament_install']
[0.234s] Level 1:colcon.colcon_core.package_identification:_identify(ros-lab-2/ros_gz_description) by extension 'ignore'
[0.234s] Level 1:colcon.colcon_core.package_identification:_identify(ros-lab-2/ros_gz_description) by extension 'ignore_ament_install'
[0.234s] Level 1:colcon.colcon_core.package_identification:_identify(ros-lab-2/ros_gz_description) by extensions ['colcon_pkg']
[0.234s] Level 1:colcon.colcon_core.package_identification:_identify(ros-lab-2/ros_gz_description) by extension 'colcon_pkg'
[0.234s] Level 1:colcon.colcon_core.package_identification:_identify(ros-lab-2/ros_gz_description) by extensions ['colcon_meta']
[0.234s] Level 1:colcon.colcon_core.package_identification:_identify(ros-lab-2/ros_gz_description) by extension 'colcon_meta'
[0.234s] Level 1:colcon.colcon_core.package_identification:_identify(ros-lab-2/ros_gz_description) by extensions ['ros']
[0.234s] Level 1:colcon.colcon_core.package_identification:_identify(ros-lab-2/ros_gz_description) by extension 'ros'
[0.235s] DEBUG:colcon.colcon_core.package_identification:Package 'ros-lab-2/ros_gz_description' with type 'ros.ament_cmake' and name 'ros_gz_description'
[0.235s] Level 1:colcon.colcon_core.package_identification:_identify(ros-lab-2/ros_gz_gazebo) by extensions ['ignore', 'ignore_ament_install']
[0.235s] Level 1:colcon.colcon_core.package_identification:_identify(ros-lab-2/ros_gz_gazebo) by extension 'ignore'
[0.235s] Level 1:colcon.colcon_core.package_identification:_identify(ros-lab-2/ros_gz_gazebo) by extension 'ignore_ament_install'
[0.235s] Level 1:colcon.colcon_core.package_identification:_identify(ros-lab-2/ros_gz_gazebo) by extensions ['colcon_pkg']
[0.235s] Level 1:colcon.colcon_core.package_identification:_identify(ros-lab-2/ros_gz_gazebo) by extension 'colcon_pkg'
[0.235s] Level 1:colcon.colcon_core.package_identification:_identify(ros-lab-2/ros_gz_gazebo) by extensions ['colcon_meta']
[0.235s] Level 1:colcon.colcon_core.package_identification:_identify(ros-lab-2/ros_gz_gazebo) by extension 'colcon_meta'
[0.235s] Level 1:colcon.colcon_core.package_identification:_identify(ros-lab-2/ros_gz_gazebo) by extensions ['ros']
[0.235s] Level 1:colcon.colcon_core.package_identification:_identify(ros-lab-2/ros_gz_gazebo) by extension 'ros'
[0.236s] DEBUG:colcon.colcon_core.package_identification:Package 'ros-lab-2/ros_gz_gazebo' with type 'ros.ament_cmake' and name 'ros_gz_gazebo'
[0.236s] Level 1:colcon.colcon_core.package_discovery:discover_packages(recursive) using defaults
[0.236s] Level 1:colcon.colcon_core.package_discovery:discover_packages(ignore) discover
[0.236s] Level 1:colcon.colcon_core.package_discovery:discover_packages(ignore) using defaults
[0.236s] Level 1:colcon.colcon_core.package_discovery:discover_packages(path) discover
[0.236s] Level 1:colcon.colcon_core.package_discovery:discover_packages(path) using defaults
[0.252s] Level 1:colcon.colcon_core.package_discovery:discover_packages(prefix_path) check parameters
[0.253s] Level 1:colcon.colcon_core.package_discovery:discover_packages(prefix_path) discover
[0.255s] DEBUG:colcon.colcon_installed_package_information.package_discovery:Found 317 installed packages in /opt/ros/jazzy
[0.256s] Level 1:colcon.colcon_core.package_discovery:discover_packages(prefix_path) using defaults
[0.276s] Level 5:colcon.colcon_core.verb:set package 'py_pubsub' build argument 'cmake_args' from command line to '['-DBUILD_TESTING=ON']'
[0.276s] Level 5:colcon.colcon_core.verb:set package 'py_pubsub' build argument 'cmake_target' from command line to 'None'
[0.276s] Level 5:colcon.colcon_core.verb:set package 'py_pubsub' build argument 'cmake_target_skip_unavailable' from command line to 'False'
[0.276s] Level 5:colcon.colcon_core.verb:set package 'py_pubsub' build argument 'cmake_clean_cache' from command line to 'False'
[0.276s] Level 5:colcon.colcon_core.verb:set package 'py_pubsub' build argument 'cmake_clean_first' from command line to 'False'
[0.276s] Level 5:colcon.colcon_core.verb:set package 'py_pubsub' build argument 'cmake_force_configure' from command line to 'False'
[0.276s] Level 5:colcon.colcon_core.verb:set package 'py_pubsub' build argument 'ament_cmake_args' from command line to 'None'
[0.276s] Level 5:colcon.colcon_core.verb:set package 'py_pubsub' build argument 'catkin_cmake_args' from command line to 'None'
[0.276s] Level 5:colcon.colcon_core.verb:set package 'py_pubsub' build argument 'catkin_skip_building_tests' from command line to 'False'
[0.276s] DEBUG:colcon.colcon_core.verb:Building package 'py_pubsub' with the following arguments: {'ament_cmake_args': None, 'build_base': '/home/barenbo/Desktop/Code/robot/lab2/build/py_pubsub', 'catkin_cmake_args': None, 'catkin_skip_building_tests': False, 'cmake_args': ['-DBUILD_TESTING=ON'], 'cmake_clean_cache': False, 'cmake_clean_first': False, 'cmake_force_configure': False, 'cmake_target': None, 'cmake_target_skip_unavailable': False, 'install_base': '/home/barenbo/Desktop/Code/robot/lab2/install/py_pubsub', 'merge_install': False, 'path': '/home/barenbo/Desktop/Code/robot/lab2/py_pubsub', 'symlink_install': False, 'test_result_base': None}
[0.277s] Level 5:colcon.colcon_core.verb:set package 'ros_gz_app' build argument 'cmake_args' from command line to '['-DBUILD_TESTING=ON']'
[0.277s] Level 5:colcon.colcon_core.verb:set package 'ros_gz_app' build argument 'cmake_target' from command line to 'None'
[0.277s] Level 5:colcon.colcon_core.verb:set package 'ros_gz_app' build argument 'cmake_target_skip_unavailable' from command line to 'False'
[0.277s] Level 5:colcon.colcon_core.verb:set package 'ros_gz_app' build argument 'cmake_clean_cache' from command line to 'False'
[0.277s] Level 5:colcon.colcon_core.verb:set package 'ros_gz_app' build argument 'cmake_clean_first' from command line to 'False'
[0.277s] Level 5:colcon.colcon_core.verb:set package 'ros_gz_app' build argument 'cmake_force_configure' from command line to 'False'
[0.277s] Level 5:colcon.colcon_core.verb:set package 'ros_gz_app' build argument 'ament_cmake_args' from command line to 'None'
[0.277s] Level 5:colcon.colcon_core.verb:set package 'ros_gz_app' build argument 'catkin_cmake_args' from command line to 'None'
[0.277s] Level 5:colcon.colcon_core.verb:set package 'ros_gz_app' build argument 'catkin_skip_building_tests' from command line to 'False'
[0.277s] DEBUG:colcon.colcon_core.verb:Building package 'ros_gz_app' with the following arguments: {'ament_cmake_args': None, 'build_base': '/home/barenbo/Desktop/Code/robot/lab2/build/ros_gz_app', 'catkin_cmake_args': None, 'catkin_skip_building_tests': False, 'cmake_args': ['-DBUILD_TESTING=ON'], 'cmake_clean_cache': False, 'cmake_clean_first': False, 'cmake_force_configure': False, 'cmake_target': None, 'cmake_target_skip_unavailable': False, 'install_base': '/home/barenbo/Desktop/Code/robot/lab2/install/ros_gz_app', 'merge_install': False, 'path': '/home/barenbo/Desktop/Code/robot/lab2/ros-lab-2/ros_gz_app', 'symlink_install': False, 'test_result_base': None}
[0.277s] Level 5:colcon.colcon_core.verb:set package 'ros_gz_description' build argument 'cmake_args' from command line to '['-DBUILD_TESTING=ON']'
[0.277s] Level 5:colcon.colcon_core.verb:set package 'ros_gz_description' build argument 'cmake_target' from command line to 'None'
[0.277s] Level 5:colcon.colcon_core.verb:set package 'ros_gz_description' build argument 'cmake_target_skip_unavailable' from command line to 'False'
[0.277s] Level 5:colcon.colcon_core.verb:set package 'ros_gz_description' build argument 'cmake_clean_cache' from command line to 'False'
[0.277s] Level 5:colcon.colcon_core.verb:set package 'ros_gz_description' build argument 'cmake_clean_first' from command line to 'False'
[0.277s] Level 5:colcon.colcon_core.verb:set package 'ros_gz_description' build argument 'cmake_force_configure' from command line to 'False'
[0.277s] Level 5:colcon.colcon_core.verb:set package 'ros_gz_description' build argument 'ament_cmake_args' from command line to 'None'
[0.277s] Level 5:colcon.colcon_core.verb:set package 'ros_gz_description' build argument 'catkin_cmake_args' from command line to 'None'
[0.277s] Level 5:colcon.colcon_core.verb:set package 'ros_gz_description' build argument 'catkin_skip_building_tests' from command line to 'False'
[0.277s] DEBUG:colcon.colcon_core.verb:Building package 'ros_gz_description' with the following arguments: {'ament_cmake_args': None, 'build_base': '/home/barenbo/Desktop/Code/robot/lab2/build/ros_gz_description', 'catkin_cmake_args': None, 'catkin_skip_building_tests': False, 'cmake_args': ['-DBUILD_TESTING=ON'], 'cmake_clean_cache': False, 'cmake_clean_first': False, 'cmake_force_configure': False, 'cmake_target': None, 'cmake_target_skip_unavailable': False, 'install_base': '/home/barenbo/Desktop/Code/robot/lab2/install/ros_gz_description', 'merge_install': False, 'path': '/home/barenbo/Desktop/Code/robot/lab2/ros-lab-2/ros_gz_description', 'symlink_install': False, 'test_result_base': None}
[0.277s] Level 5:colcon.colcon_core.verb:set package 'ros_gz_gazebo' build argument 'cmake_args' from command line to '['-DBUILD_TESTING=ON']'
[0.277s] Level 5:colcon.colcon_core.verb:set package 'ros_gz_gazebo' build argument 'cmake_target' from command line to 'None'
[0.277s] Level 5:colcon.colcon_core.verb:set package 'ros_gz_gazebo' build argument 'cmake_target_skip_unavailable' from command line to 'False'
[0.277s] Level 5:colcon.colcon_core.verb:set package 'ros_gz_gazebo' build argument 'cmake_clean_cache' from command line to 'False'
[0.277s] Level 5:colcon.colcon_core.verb:set package 'ros_gz_gazebo' build argument 'cmake_clean_first' from command line to 'False'
[0.277s] Level 5:colcon.colcon_core.verb:set package 'ros_gz_gazebo' build argument 'cmake_force_configure' from command line to 'False'
[0.277s] Level 5:colcon.colcon_core.verb:set package 'ros_gz_gazebo' build argument 'ament_cmake_args' from command line to 'None'
[0.277s] Level 5:colcon.colcon_core.verb:set package 'ros_gz_gazebo' build argument 'catkin_cmake_args' from command line to 'None'
[0.277s] Level 5:colcon.colcon_core.verb:set package 'ros_gz_gazebo' build argument 'catkin_skip_building_tests' from command line to 'False'
[0.277s] DEBUG:colcon.colcon_core.verb:Building package 'ros_gz_gazebo' with the following arguments: {'ament_cmake_args': None, 'build_base': '/home/barenbo/Desktop/Code/robot/lab2/build/ros_gz_gazebo', 'catkin_cmake_args': None, 'catkin_skip_building_tests': False, 'cmake_args': ['-DBUILD_TESTING=ON'], 'cmake_clean_cache': False, 'cmake_clean_first': False, 'cmake_force_configure': False, 'cmake_target': None, 'cmake_target_skip_unavailable': False, 'install_base': '/home/barenbo/Desktop/Code/robot/lab2/install/ros_gz_gazebo', 'merge_install': False, 'path': '/home/barenbo/Desktop/Code/robot/lab2/ros-lab-2/ros_gz_gazebo', 'symlink_install': False, 'test_result_base': None}
[0.277s] Level 5:colcon.colcon_core.verb:set package 'ros_gz_bringup' build argument 'cmake_args' from command line to '['-DBUILD_TESTING=ON']'
[0.277s] Level 5:colcon.colcon_core.verb:set package 'ros_gz_bringup' build argument 'cmake_target' from command line to 'None'
[0.277s] Level 5:colcon.colcon_core.verb:set package 'ros_gz_bringup' build argument 'cmake_target_skip_unavailable' from command line to 'False'
[0.277s] Level 5:colcon.colcon_core.verb:set package 'ros_gz_bringup' build argument 'cmake_clean_cache' from command line to 'False'
[0.277s] Level 5:colcon.colcon_core.verb:set package 'ros_gz_bringup' build argument 'cmake_clean_first' from command line to 'False'
[0.277s] Level 5:colcon.colcon_core.verb:set package 'ros_gz_bringup' build argument 'cmake_force_configure' from command line to 'False'
[0.277s] Level 5:colcon.colcon_core.verb:set package 'ros_gz_bringup' build argument 'ament_cmake_args' from command line to 'None'
[0.277s] Level 5:colcon.colcon_core.verb:set package 'ros_gz_bringup' build argument 'catkin_cmake_args' from command line to 'None'
[0.277s] Level 5:colcon.colcon_core.verb:set package 'ros_gz_bringup' build argument 'catkin_skip_building_tests' from command line to 'False'
[0.277s] DEBUG:colcon.colcon_core.verb:Building package 'ros_gz_bringup' with the following arguments: {'ament_cmake_args': None, 'build_base': '/home/barenbo/Desktop/Code/robot/lab2/build/ros_gz_bringup', 'catkin_cmake_args': None, 'catkin_skip_building_tests': False, 'cmake_args': ['-DBUILD_TESTING=ON'], 'cmake_clean_cache': False, 'cmake_clean_first': False, 'cmake_force_configure': False, 'cmake_target': None, 'cmake_target_skip_unavailable': False, 'install_base': '/home/barenbo/Desktop/Code/robot/lab2/install/ros_gz_bringup', 'merge_install': False, 'path': '/home/barenbo/Desktop/Code/robot/lab2/ros-lab-2/ros_gz_bringup', 'symlink_install': False, 'test_result_base': None}
[0.277s] INFO:colcon.colcon_core.executor:Executing jobs using 'parallel' executor
[0.278s] DEBUG:colcon.colcon_parallel_executor.executor.parallel:run_until_complete
[0.278s] INFO:colcon.colcon_ros.task.ament_cmake.build:Building ROS package in '/home/barenbo/Desktop/Code/robot/lab2/ros-lab-2/ros_gz_description' with build type 'ament_cmake'
[0.278s] INFO:colcon.colcon_cmake.task.cmake.build:Building CMake package in '/home/barenbo/Desktop/Code/robot/lab2/ros-lab-2/ros_gz_description'
[0.280s] INFO:colcon.colcon_core.plugin_system:Skipping extension 'colcon_core.shell.bat': Not used on non-Windows systems
[0.280s] INFO:colcon.colcon_core.shell:Skip shell extension 'powershell' for command environment: Not usable outside of PowerShell
[0.280s] DEBUG:colcon.colcon_core.shell:Skip shell extension 'dsv' for command environment
[0.287s] INFO:colcon.colcon_ros.task.ament_python.build:Building ROS package in '/home/barenbo/Desktop/Code/robot/lab2/py_pubsub' with build type 'ament_python'
[0.287s] Level 1:colcon.colcon_core.shell:create_environment_hook('py_pubsub', 'ament_prefix_path')
[0.287s] INFO:colcon.colcon_core.shell:Creating environment hook '/home/barenbo/Desktop/Code/robot/lab2/install/py_pubsub/share/py_pubsub/hook/ament_prefix_path.ps1'
[0.290s] INFO:colcon.colcon_core.shell:Creating environment descriptor '/home/barenbo/Desktop/Code/robot/lab2/install/py_pubsub/share/py_pubsub/hook/ament_prefix_path.dsv'
[0.292s] INFO:colcon.colcon_core.shell:Creating environment hook '/home/barenbo/Desktop/Code/robot/lab2/install/py_pubsub/share/py_pubsub/hook/ament_prefix_path.sh'
[0.295s] INFO:colcon.colcon_core.shell:Skip shell extension 'powershell' for command environment: Not usable outside of PowerShell
[0.295s] DEBUG:colcon.colcon_core.shell:Skip shell extension 'dsv' for command environment
[0.299s] INFO:colcon.colcon_ros.task.ament_cmake.build:Building ROS package in '/home/barenbo/Desktop/Code/robot/lab2/ros-lab-2/ros_gz_app' with build type 'ament_cmake'
[0.299s] INFO:colcon.colcon_cmake.task.cmake.build:Building CMake package in '/home/barenbo/Desktop/Code/robot/lab2/ros-lab-2/ros_gz_app'
[0.299s] INFO:colcon.colcon_core.shell:Skip shell extension 'powershell' for command environment: Not usable outside of PowerShell
[0.299s] DEBUG:colcon.colcon_core.shell:Skip shell extension 'dsv' for command environment
[0.316s] DEBUG:colcon.colcon_core.event_handler.log_command:Invoking command in '/home/barenbo/Desktop/Code/robot/lab2/build/ros_gz_description': CMAKE_PREFIX_PATH=${CMAKE_PREFIX_PATH}:/opt/ros/jazzy PS1=<ROS2-Jazzy>[\u@\h \W]$ /usr/bin/cmake --build /home/barenbo/Desktop/Code/robot/lab2/build/ros_gz_description -- -j24 -l24
[0.447s] INFO:colcon.colcon_core.task.python.build:Building Python package in '/home/barenbo/Desktop/Code/robot/lab2/py_pubsub'
[0.447s] INFO:colcon.colcon_core.shell:Skip shell extension 'powershell' for command environment: Not usable outside of PowerShell
[0.447s] DEBUG:colcon.colcon_core.shell:Skip shell extension 'dsv' for command environment
[0.464s] DEBUG:colcon.colcon_core.event_handler.log_command:Invoking command in '/home/barenbo/Desktop/Code/robot/lab2/build/ros_gz_app': CMAKE_PREFIX_PATH=${CMAKE_PREFIX_PATH}:/opt/ros/jazzy PS1=<ROS2-Jazzy>[\u@\h \W]$ /usr/bin/cmake --build /home/barenbo/Desktop/Code/robot/lab2/build/ros_gz_app -- -j24 -l24
[0.477s] DEBUG:colcon.colcon_core.event_handler.log_command:Invoked command in '/home/barenbo/Desktop/Code/robot/lab2/build/ros_gz_description' returned '0': CMAKE_PREFIX_PATH=${CMAKE_PREFIX_PATH}:/opt/ros/jazzy PS1=<ROS2-Jazzy>[\u@\h \W]$ /usr/bin/cmake --build /home/barenbo/Desktop/Code/robot/lab2/build/ros_gz_description -- -j24 -l24
[0.487s] DEBUG:colcon.colcon_core.event_handler.log_command:Invoking command in '/home/barenbo/Desktop/Code/robot/lab2/build/ros_gz_description': CMAKE_PREFIX_PATH=${CMAKE_PREFIX_PATH}:/opt/ros/jazzy PS1=<ROS2-Jazzy>[\u@\h \W]$ /usr/bin/cmake --install /home/barenbo/Desktop/Code/robot/lab2/build/ros_gz_description
[0.492s] DEBUG:colcon.colcon_core.event_handler.log_command:Invoked command in '/home/barenbo/Desktop/Code/robot/lab2/build/ros_gz_app' returned '0': CMAKE_PREFIX_PATH=${CMAKE_PREFIX_PATH}:/opt/ros/jazzy PS1=<ROS2-Jazzy>[\u@\h \W]$ /usr/bin/cmake --build /home/barenbo/Desktop/Code/robot/lab2/build/ros_gz_app -- -j24 -l24
[0.494s] DEBUG:colcon.colcon_core.event_handler.log_command:Invoking command in '/home/barenbo/Desktop/Code/robot/lab2/build/ros_gz_app': CMAKE_PREFIX_PATH=${CMAKE_PREFIX_PATH}:/opt/ros/jazzy PS1=<ROS2-Jazzy>[\u@\h \W]$ /usr/bin/cmake --install /home/barenbo/Desktop/Code/robot/lab2/build/ros_gz_app
[0.520s] Level 1:colcon.colcon_core.environment:create_environment_scripts_only(ros_gz_description)
[0.520s] DEBUG:colcon.colcon_core.event_handler.log_command:Invoked command in '/home/barenbo/Desktop/Code/robot/lab2/build/ros_gz_description' returned '0': CMAKE_PREFIX_PATH=${CMAKE_PREFIX_PATH}:/opt/ros/jazzy PS1=<ROS2-Jazzy>[\u@\h \W]$ /usr/bin/cmake --install /home/barenbo/Desktop/Code/robot/lab2/build/ros_gz_description
[0.523s] Level 1:colcon.colcon_core.environment:checking '/home/barenbo/Desktop/Code/robot/lab2/install/ros_gz_description' for CMake module files
[0.524s] Level 1:colcon.colcon_core.environment:checking '/home/barenbo/Desktop/Code/robot/lab2/install/ros_gz_description' for CMake config files
[0.526s] Level 1:colcon.colcon_core.shell:create_environment_hook('ros_gz_description', 'cmake_prefix_path')
[0.526s] INFO:colcon.colcon_core.shell:Creating environment hook '/home/barenbo/Desktop/Code/robot/lab2/install/ros_gz_description/share/ros_gz_description/hook/cmake_prefix_path.ps1'
[0.529s] INFO:colcon.colcon_core.shell:Creating environment descriptor '/home/barenbo/Desktop/Code/robot/lab2/install/ros_gz_description/share/ros_gz_description/hook/cmake_prefix_path.dsv'
[0.531s] INFO:colcon.colcon_core.shell:Creating environment hook '/home/barenbo/Desktop/Code/robot/lab2/install/ros_gz_description/share/ros_gz_description/hook/cmake_prefix_path.sh'
[0.533s] Level 1:colcon.colcon_core.environment:checking '/home/barenbo/Desktop/Code/robot/lab2/install/ros_gz_description/bin'
[0.533s] Level 1:colcon.colcon_core.environment:checking '/home/barenbo/Desktop/Code/robot/lab2/install/ros_gz_description/lib/pkgconfig/ros_gz_description.pc'
[0.533s] Level 1:colcon.colcon_core.environment:checking '/home/barenbo/Desktop/Code/robot/lab2/install/ros_gz_description/lib/python3.12/site-packages'
[0.533s] Level 1:colcon.colcon_core.environment:checking '/home/barenbo/Desktop/Code/robot/lab2/install/ros_gz_description/bin'
[0.533s] INFO:colcon.colcon_core.shell:Creating package script '/home/barenbo/Desktop/Code/robot/lab2/install/ros_gz_description/share/ros_gz_description/package.ps1'
[0.536s] INFO:colcon.colcon_core.shell:Creating package descriptor '/home/barenbo/Desktop/Code/robot/lab2/install/ros_gz_description/share/ros_gz_description/package.dsv'
[0.537s] INFO:colcon.colcon_core.shell:Creating package script '/home/barenbo/Desktop/Code/robot/lab2/install/ros_gz_description/share/ros_gz_description/package.sh'
[0.540s] INFO:colcon.colcon_core.shell:Creating package script '/home/barenbo/Desktop/Code/robot/lab2/install/ros_gz_description/share/ros_gz_description/package.bash'
[0.542s] INFO:colcon.colcon_core.shell:Creating package script '/home/barenbo/Desktop/Code/robot/lab2/install/ros_gz_description/share/ros_gz_description/package.zsh'
[0.544s] Level 1:colcon.colcon_core.environment:create_file_with_runtime_dependencies(/home/barenbo/Desktop/Code/robot/lab2/install/ros_gz_description/share/colcon-core/packages/ros_gz_description)
[0.545s] Level 1:colcon.colcon_core.environment:create_environment_scripts_only(ros_gz_description)
[0.545s] Level 1:colcon.colcon_core.environment:checking '/home/barenbo/Desktop/Code/robot/lab2/install/ros_gz_description' for CMake module files
[0.546s] Level 1:colcon.colcon_core.environment:checking '/home/barenbo/Desktop/Code/robot/lab2/install/ros_gz_description' for CMake config files
[0.548s] Level 1:colcon.colcon_core.shell:create_environment_hook('ros_gz_description', 'cmake_prefix_path')
[0.548s] INFO:colcon.colcon_core.shell:Creating environment hook '/home/barenbo/Desktop/Code/robot/lab2/install/ros_gz_description/share/ros_gz_description/hook/cmake_prefix_path.ps1'
[0.550s] INFO:colcon.colcon_core.shell:Creating environment descriptor '/home/barenbo/Desktop/Code/robot/lab2/install/ros_gz_description/share/ros_gz_description/hook/cmake_prefix_path.dsv'
[0.552s] INFO:colcon.colcon_core.shell:Creating environment hook '/home/barenbo/Desktop/Code/robot/lab2/install/ros_gz_description/share/ros_gz_description/hook/cmake_prefix_path.sh'
[0.554s] Level 1:colcon.colcon_core.environment:checking '/home/barenbo/Desktop/Code/robot/lab2/install/ros_gz_description/bin'
[0.554s] Level 1:colcon.colcon_core.environment:checking '/home/barenbo/Desktop/Code/robot/lab2/install/ros_gz_description/lib/pkgconfig/ros_gz_description.pc'
[0.554s] Level 1:colcon.colcon_core.environment:checking '/home/barenbo/Desktop/Code/robot/lab2/install/ros_gz_description/lib/python3.12/site-packages'
[0.554s] Level 1:colcon.colcon_core.environment:checking '/home/barenbo/Desktop/Code/robot/lab2/install/ros_gz_description/bin'
[0.554s] INFO:colcon.colcon_core.shell:Creating package script '/home/barenbo/Desktop/Code/robot/lab2/install/ros_gz_description/share/ros_gz_description/package.ps1'
[0.556s] INFO:colcon.colcon_core.shell:Creating package descriptor '/home/barenbo/Desktop/Code/robot/lab2/install/ros_gz_description/share/ros_gz_description/package.dsv'
[0.558s] INFO:colcon.colcon_core.shell:Creating package script '/home/barenbo/Desktop/Code/robot/lab2/install/ros_gz_description/share/ros_gz_description/package.sh'
[0.560s] INFO:colcon.colcon_core.shell:Creating package script '/home/barenbo/Desktop/Code/robot/lab2/install/ros_gz_description/share/ros_gz_description/package.bash'
[0.561s] INFO:colcon.colcon_core.shell:Creating package script '/home/barenbo/Desktop/Code/robot/lab2/install/ros_gz_description/share/ros_gz_description/package.zsh'
[0.563s] Level 1:colcon.colcon_core.environment:create_file_with_runtime_dependencies(/home/barenbo/Desktop/Code/robot/lab2/install/ros_gz_description/share/colcon-core/packages/ros_gz_description)
[0.564s] INFO:colcon.colcon_ros.task.ament_cmake.build:Building ROS package in '/home/barenbo/Desktop/Code/robot/lab2/ros-lab-2/ros_gz_gazebo' with build type 'ament_cmake'
[0.564s] INFO:colcon.colcon_cmake.task.cmake.build:Building CMake package in '/home/barenbo/Desktop/Code/robot/lab2/ros-lab-2/ros_gz_gazebo'
[0.564s] INFO:colcon.colcon_core.shell:Skip shell extension 'powershell' for command environment: Not usable outside of PowerShell
[0.564s] DEBUG:colcon.colcon_core.shell:Skip shell extension 'dsv' for command environment
[0.571s] Level 1:colcon.colcon_core.environment:create_environment_scripts_only(ros_gz_app)
[0.571s] DEBUG:colcon.colcon_core.event_handler.log_command:Invoked command in '/home/barenbo/Desktop/Code/robot/lab2/build/ros_gz_app' returned '0': CMAKE_PREFIX_PATH=${CMAKE_PREFIX_PATH}:/opt/ros/jazzy PS1=<ROS2-Jazzy>[\u@\h \W]$ /usr/bin/cmake --install /home/barenbo/Desktop/Code/robot/lab2/build/ros_gz_app
[0.571s] Level 1:colcon.colcon_core.environment:checking '/home/barenbo/Desktop/Code/robot/lab2/install/ros_gz_app' for CMake module files
[0.572s] Level 1:colcon.colcon_core.environment:checking '/home/barenbo/Desktop/Code/robot/lab2/install/ros_gz_app' for CMake config files
[0.573s] Level 1:colcon.colcon_core.shell:create_environment_hook('ros_gz_app', 'cmake_prefix_path')
[0.573s] INFO:colcon.colcon_core.shell:Creating environment hook '/home/barenbo/Desktop/Code/robot/lab2/install/ros_gz_app/share/ros_gz_app/hook/cmake_prefix_path.ps1'
[0.575s] INFO:colcon.colcon_core.shell:Creating environment descriptor '/home/barenbo/Desktop/Code/robot/lab2/install/ros_gz_app/share/ros_gz_app/hook/cmake_prefix_path.dsv'
[0.577s] INFO:colcon.colcon_core.shell:Creating environment hook '/home/barenbo/Desktop/Code/robot/lab2/install/ros_gz_app/share/ros_gz_app/hook/cmake_prefix_path.sh'
[0.579s] Level 1:colcon.colcon_core.environment:checking '/home/barenbo/Desktop/Code/robot/lab2/install/ros_gz_app/bin'
[0.579s] Level 1:colcon.colcon_core.environment:checking '/home/barenbo/Desktop/Code/robot/lab2/install/ros_gz_app/lib/pkgconfig/ros_gz_app.pc'
[0.579s] Level 1:colcon.colcon_core.environment:checking '/home/barenbo/Desktop/Code/robot/lab2/install/ros_gz_app/lib/python3.12/site-packages'
[0.579s] Level 1:colcon.colcon_core.environment:checking '/home/barenbo/Desktop/Code/robot/lab2/install/ros_gz_app/bin'
[0.579s] INFO:colcon.colcon_core.shell:Creating package script '/home/barenbo/Desktop/Code/robot/lab2/install/ros_gz_app/share/ros_gz_app/package.ps1'
[0.581s] INFO:colcon.colcon_core.shell:Creating package descriptor '/home/barenbo/Desktop/Code/robot/lab2/install/ros_gz_app/share/ros_gz_app/package.dsv'
[0.583s] INFO:colcon.colcon_core.shell:Creating package script '/home/barenbo/Desktop/Code/robot/lab2/install/ros_gz_app/share/ros_gz_app/package.sh'
[0.584s] INFO:colcon.colcon_core.shell:Creating package script '/home/barenbo/Desktop/Code/robot/lab2/install/ros_gz_app/share/ros_gz_app/package.bash'
[0.586s] INFO:colcon.colcon_core.shell:Creating package script '/home/barenbo/Desktop/Code/robot/lab2/install/ros_gz_app/share/ros_gz_app/package.zsh'
[0.588s] Level 1:colcon.colcon_core.environment:create_file_with_runtime_dependencies(/home/barenbo/Desktop/Code/robot/lab2/install/ros_gz_app/share/colcon-core/packages/ros_gz_app)
[0.589s] Level 1:colcon.colcon_core.environment:create_environment_scripts_only(ros_gz_app)
[0.589s] Level 1:colcon.colcon_core.environment:checking '/home/barenbo/Desktop/Code/robot/lab2/install/ros_gz_app' for CMake module files
[0.589s] Level 1:colcon.colcon_core.environment:checking '/home/barenbo/Desktop/Code/robot/lab2/install/ros_gz_app' for CMake config files
[0.590s] Level 1:colcon.colcon_core.shell:create_environment_hook('ros_gz_app', 'cmake_prefix_path')
[0.590s] INFO:colcon.colcon_core.shell:Creating environment hook '/home/barenbo/Desktop/Code/robot/lab2/install/ros_gz_app/share/ros_gz_app/hook/cmake_prefix_path.ps1'
[0.592s] INFO:colcon.colcon_core.shell:Creating environment descriptor '/home/barenbo/Desktop/Code/robot/lab2/install/ros_gz_app/share/ros_gz_app/hook/cmake_prefix_path.dsv'
[0.593s] INFO:colcon.colcon_core.shell:Creating environment hook '/home/barenbo/Desktop/Code/robot/lab2/install/ros_gz_app/share/ros_gz_app/hook/cmake_prefix_path.sh'
[0.595s] Level 1:colcon.colcon_core.environment:checking '/home/barenbo/Desktop/Code/robot/lab2/install/ros_gz_app/bin'
[0.595s] Level 1:colcon.colcon_core.environment:checking '/home/barenbo/Desktop/Code/robot/lab2/install/ros_gz_app/lib/pkgconfig/ros_gz_app.pc'
[0.595s] Level 1:colcon.colcon_core.environment:checking '/home/barenbo/Desktop/Code/robot/lab2/install/ros_gz_app/lib/python3.12/site-packages'
[0.595s] Level 1:colcon.colcon_core.environment:checking '/home/barenbo/Desktop/Code/robot/lab2/install/ros_gz_app/bin'
[0.595s] INFO:colcon.colcon_core.shell:Creating package script '/home/barenbo/Desktop/Code/robot/lab2/install/ros_gz_app/share/ros_gz_app/package.ps1'
[0.597s] INFO:colcon.colcon_core.shell:Creating package descriptor '/home/barenbo/Desktop/Code/robot/lab2/install/ros_gz_app/share/ros_gz_app/package.dsv'
[0.599s] INFO:colcon.colcon_core.shell:Creating package script '/home/barenbo/Desktop/Code/robot/lab2/install/ros_gz_app/share/ros_gz_app/package.sh'
[0.601s] INFO:colcon.colcon_core.shell:Creating package script '/home/barenbo/Desktop/Code/robot/lab2/install/ros_gz_app/share/ros_gz_app/package.bash'
[0.602s] INFO:colcon.colcon_core.shell:Creating package script '/home/barenbo/Desktop/Code/robot/lab2/install/ros_gz_app/share/ros_gz_app/package.zsh'
[0.604s] Level 1:colcon.colcon_core.environment:create_file_with_runtime_dependencies(/home/barenbo/Desktop/Code/robot/lab2/install/ros_gz_app/share/colcon-core/packages/ros_gz_app)
[0.613s] DEBUG:colcon.colcon_core.event_handler.log_command:Invoking command in '/home/barenbo/Desktop/Code/robot/lab2/build/ros_gz_gazebo': CMAKE_PREFIX_PATH=/home/barenbo/Desktop/Code/robot/lab2/install/ros_gz_description:/opt/ros/jazzy/opt/gz_sim_vendor:/opt/ros/jazzy/opt/gz_sensors_vendor:/opt/ros/jazzy/opt/gz_physics_vendor:/opt/ros/jazzy/opt/sdformat_vendor:/opt/ros/jazzy/opt/gz_gui_vendor:/opt/ros/jazzy/opt/gz_transport_vendor:/opt/ros/jazzy/opt/gz_rendering_vendor:/opt/ros/jazzy/opt/gz_plugin_vendor:/opt/ros/jazzy/opt/gz_fuel_tools_vendor:/opt/ros/jazzy/opt/gz_msgs_vendor:/opt/ros/jazzy/opt/gz_common_vendor:/opt/ros/jazzy/opt/gz_math_vendor:/opt/ros/jazzy/opt/gz_utils_vendor:/opt/ros/jazzy/opt/gz_tools_vendor:/opt/ros/jazzy/opt/gz_ogre_next_vendor:/opt/ros/jazzy/opt/gz_dartsim_vendor:/opt/ros/jazzy/opt/gz_cmake_vendor:/opt/ros/jazzy PS1=<ROS2-Jazzy>[\u@\h \W]$ /usr/bin/cmake --build /home/barenbo/Desktop/Code/robot/lab2/build/ros_gz_gazebo -- -j24 -l24
[0.707s] DEBUG:colcon.colcon_core.event_handler.log_command:Invoked command in '/home/barenbo/Desktop/Code/robot/lab2/build/ros_gz_gazebo' returned '0': CMAKE_PREFIX_PATH=/home/barenbo/Desktop/Code/robot/lab2/install/ros_gz_description:/opt/ros/jazzy/opt/gz_sim_vendor:/opt/ros/jazzy/opt/gz_sensors_vendor:/opt/ros/jazzy/opt/gz_physics_vendor:/opt/ros/jazzy/opt/sdformat_vendor:/opt/ros/jazzy/opt/gz_gui_vendor:/opt/ros/jazzy/opt/gz_transport_vendor:/opt/ros/jazzy/opt/gz_rendering_vendor:/opt/ros/jazzy/opt/gz_plugin_vendor:/opt/ros/jazzy/opt/gz_fuel_tools_vendor:/opt/ros/jazzy/opt/gz_msgs_vendor:/opt/ros/jazzy/opt/gz_common_vendor:/opt/ros/jazzy/opt/gz_math_vendor:/opt/ros/jazzy/opt/gz_utils_vendor:/opt/ros/jazzy/opt/gz_tools_vendor:/opt/ros/jazzy/opt/gz_ogre_next_vendor:/opt/ros/jazzy/opt/gz_dartsim_vendor:/opt/ros/jazzy/opt/gz_cmake_vendor:/opt/ros/jazzy PS1=<ROS2-Jazzy>[\u@\h \W]$ /usr/bin/cmake --build /home/barenbo/Desktop/Code/robot/lab2/build/ros_gz_gazebo -- -j24 -l24
[0.710s] DEBUG:colcon.colcon_core.event_handler.log_command:Invoking command in '/home/barenbo/Desktop/Code/robot/lab2/build/ros_gz_gazebo': CMAKE_PREFIX_PATH=/home/barenbo/Desktop/Code/robot/lab2/install/ros_gz_description:/opt/ros/jazzy/opt/gz_sim_vendor:/opt/ros/jazzy/opt/gz_sensors_vendor:/opt/ros/jazzy/opt/gz_physics_vendor:/opt/ros/jazzy/opt/sdformat_vendor:/opt/ros/jazzy/opt/gz_gui_vendor:/opt/ros/jazzy/opt/gz_transport_vendor:/opt/ros/jazzy/opt/gz_rendering_vendor:/opt/ros/jazzy/opt/gz_plugin_vendor:/opt/ros/jazzy/opt/gz_fuel_tools_vendor:/opt/ros/jazzy/opt/gz_msgs_vendor:/opt/ros/jazzy/opt/gz_common_vendor:/opt/ros/jazzy/opt/gz_math_vendor:/opt/ros/jazzy/opt/gz_utils_vendor:/opt/ros/jazzy/opt/gz_tools_vendor:/opt/ros/jazzy/opt/gz_ogre_next_vendor:/opt/ros/jazzy/opt/gz_dartsim_vendor:/opt/ros/jazzy/opt/gz_cmake_vendor:/opt/ros/jazzy PS1=<ROS2-Jazzy>[\u@\h \W]$ /usr/bin/cmake --install /home/barenbo/Desktop/Code/robot/lab2/build/ros_gz_gazebo
[0.763s] Level 1:colcon.colcon_core.environment:create_environment_scripts_only(ros_gz_gazebo)
[0.764s] Level 1:colcon.colcon_core.environment:checking '/home/barenbo/Desktop/Code/robot/lab2/install/ros_gz_gazebo' for CMake module files
[0.764s] DEBUG:colcon.colcon_core.event_handler.log_command:Invoked command in '/home/barenbo/Desktop/Code/robot/lab2/build/ros_gz_gazebo' returned '0': CMAKE_PREFIX_PATH=/home/barenbo/Desktop/Code/robot/lab2/install/ros_gz_description:/opt/ros/jazzy/opt/gz_sim_vendor:/opt/ros/jazzy/opt/gz_sensors_vendor:/opt/ros/jazzy/opt/gz_physics_vendor:/opt/ros/jazzy/opt/sdformat_vendor:/opt/ros/jazzy/opt/gz_gui_vendor:/opt/ros/jazzy/opt/gz_transport_vendor:/opt/ros/jazzy/opt/gz_rendering_vendor:/opt/ros/jazzy/opt/gz_plugin_vendor:/opt/ros/jazzy/opt/gz_fuel_tools_vendor:/opt/ros/jazzy/opt/gz_msgs_vendor:/opt/ros/jazzy/opt/gz_common_vendor:/opt/ros/jazzy/opt/gz_math_vendor:/opt/ros/jazzy/opt/gz_utils_vendor:/opt/ros/jazzy/opt/gz_tools_vendor:/opt/ros/jazzy/opt/gz_ogre_next_vendor:/opt/ros/jazzy/opt/gz_dartsim_vendor:/opt/ros/jazzy/opt/gz_cmake_vendor:/opt/ros/jazzy PS1=<ROS2-Jazzy>[\u@\h \W]$ /usr/bin/cmake --install /home/barenbo/Desktop/Code/robot/lab2/build/ros_gz_gazebo
[0.765s] Level 1:colcon.colcon_core.environment:checking '/home/barenbo/Desktop/Code/robot/lab2/install/ros_gz_gazebo' for CMake config files
[0.770s] Level 1:colcon.colcon_core.shell:create_environment_hook('ros_gz_gazebo', 'cmake_prefix_path')
[0.770s] INFO:colcon.colcon_core.shell:Creating environment hook '/home/barenbo/Desktop/Code/robot/lab2/install/ros_gz_gazebo/share/ros_gz_gazebo/hook/cmake_prefix_path.ps1'
[0.773s] INFO:colcon.colcon_core.shell:Creating environment descriptor '/home/barenbo/Desktop/Code/robot/lab2/install/ros_gz_gazebo/share/ros_gz_gazebo/hook/cmake_prefix_path.dsv'
[0.776s] INFO:colcon.colcon_core.shell:Creating environment hook '/home/barenbo/Desktop/Code/robot/lab2/install/ros_gz_gazebo/share/ros_gz_gazebo/hook/cmake_prefix_path.sh'
[0.779s] Level 1:colcon.colcon_core.environment:checking '/home/barenbo/Desktop/Code/robot/lab2/install/ros_gz_gazebo/lib'
[0.779s] Level 1:colcon.colcon_core.environment:checking '/home/barenbo/Desktop/Code/robot/lab2/install/ros_gz_gazebo/bin'
[0.779s] Level 1:colcon.colcon_core.environment:checking '/home/barenbo/Desktop/Code/robot/lab2/install/ros_gz_gazebo/lib/pkgconfig/ros_gz_gazebo.pc'
[0.779s] Level 1:colcon.colcon_core.environment:checking '/home/barenbo/Desktop/Code/robot/lab2/install/ros_gz_gazebo/lib/python3.12/site-packages'
[0.779s] Level 1:colcon.colcon_core.environment:checking '/home/barenbo/Desktop/Code/robot/lab2/install/ros_gz_gazebo/bin'
[0.779s] INFO:colcon.colcon_core.shell:Creating package script '/home/barenbo/Desktop/Code/robot/lab2/install/ros_gz_gazebo/share/ros_gz_gazebo/package.ps1'
[0.782s] INFO:colcon.colcon_core.shell:Creating package descriptor '/home/barenbo/Desktop/Code/robot/lab2/install/ros_gz_gazebo/share/ros_gz_gazebo/package.dsv'
[0.785s] INFO:colcon.colcon_core.shell:Creating package script '/home/barenbo/Desktop/Code/robot/lab2/install/ros_gz_gazebo/share/ros_gz_gazebo/package.sh'
[0.787s] INFO:colcon.colcon_core.shell:Creating package script '/home/barenbo/Desktop/Code/robot/lab2/install/ros_gz_gazebo/share/ros_gz_gazebo/package.bash'
[0.790s] INFO:colcon.colcon_core.shell:Creating package script '/home/barenbo/Desktop/Code/robot/lab2/install/ros_gz_gazebo/share/ros_gz_gazebo/package.zsh'
[0.792s] Level 1:colcon.colcon_core.environment:create_file_with_runtime_dependencies(/home/barenbo/Desktop/Code/robot/lab2/install/ros_gz_gazebo/share/colcon-core/packages/ros_gz_gazebo)
[0.795s] Level 1:colcon.colcon_core.environment:create_environment_scripts_only(ros_gz_gazebo)
[0.795s] Level 1:colcon.colcon_core.environment:checking '/home/barenbo/Desktop/Code/robot/lab2/install/ros_gz_gazebo' for CMake module files
[0.796s] Level 1:colcon.colcon_core.environment:checking '/home/barenbo/Desktop/Code/robot/lab2/install/ros_gz_gazebo' for CMake config files
[0.800s] Level 1:colcon.colcon_core.shell:create_environment_hook('ros_gz_gazebo', 'cmake_prefix_path')
[0.800s] INFO:colcon.colcon_core.shell:Creating environment hook '/home/barenbo/Desktop/Code/robot/lab2/install/ros_gz_gazebo/share/ros_gz_gazebo/hook/cmake_prefix_path.ps1'
[0.802s] INFO:colcon.colcon_core.shell:Creating environment descriptor '/home/barenbo/Desktop/Code/robot/lab2/install/ros_gz_gazebo/share/ros_gz_gazebo/hook/cmake_prefix_path.dsv'
[0.805s] INFO:colcon.colcon_core.shell:Creating environment hook '/home/barenbo/Desktop/Code/robot/lab2/install/ros_gz_gazebo/share/ros_gz_gazebo/hook/cmake_prefix_path.sh'
[0.807s] Level 1:colcon.colcon_core.environment:checking '/home/barenbo/Desktop/Code/robot/lab2/install/ros_gz_gazebo/lib'
[0.808s] Level 1:colcon.colcon_core.environment:checking '/home/barenbo/Desktop/Code/robot/lab2/install/ros_gz_gazebo/bin'
[0.808s] Level 1:colcon.colcon_core.environment:checking '/home/barenbo/Desktop/Code/robot/lab2/install/ros_gz_gazebo/lib/pkgconfig/ros_gz_gazebo.pc'
[0.808s] Level 1:colcon.colcon_core.environment:checking '/home/barenbo/Desktop/Code/robot/lab2/install/ros_gz_gazebo/lib/python3.12/site-packages'
[0.808s] Level 1:colcon.colcon_core.environment:checking '/home/barenbo/Desktop/Code/robot/lab2/install/ros_gz_gazebo/bin'
[0.808s] INFO:colcon.colcon_core.shell:Creating package script '/home/barenbo/Desktop/Code/robot/lab2/install/ros_gz_gazebo/share/ros_gz_gazebo/package.ps1'
[0.810s] INFO:colcon.colcon_core.shell:Creating package descriptor '/home/barenbo/Desktop/Code/robot/lab2/install/ros_gz_gazebo/share/ros_gz_gazebo/package.dsv'
[0.812s] INFO:colcon.colcon_core.shell:Creating package script '/home/barenbo/Desktop/Code/robot/lab2/install/ros_gz_gazebo/share/ros_gz_gazebo/package.sh'
[0.814s] INFO:colcon.colcon_core.shell:Creating package script '/home/barenbo/Desktop/Code/robot/lab2/install/ros_gz_gazebo/share/ros_gz_gazebo/package.bash'
[0.817s] INFO:colcon.colcon_core.shell:Creating package script '/home/barenbo/Desktop/Code/robot/lab2/install/ros_gz_gazebo/share/ros_gz_gazebo/package.zsh'
[0.819s] Level 1:colcon.colcon_core.environment:create_file_with_runtime_dependencies(/home/barenbo/Desktop/Code/robot/lab2/install/ros_gz_gazebo/share/colcon-core/packages/ros_gz_gazebo)
[0.821s] INFO:colcon.colcon_ros.task.ament_cmake.build:Building ROS package in '/home/barenbo/Desktop/Code/robot/lab2/ros-lab-2/ros_gz_bringup' with build type 'ament_cmake'
[0.821s] INFO:colcon.colcon_cmake.task.cmake.build:Building CMake package in '/home/barenbo/Desktop/Code/robot/lab2/ros-lab-2/ros_gz_bringup'
[0.821s] INFO:colcon.colcon_core.shell:Skip shell extension 'powershell' for command environment: Not usable outside of PowerShell
[0.821s] DEBUG:colcon.colcon_core.shell:Skip shell extension 'dsv' for command environment
[0.834s] DEBUG:colcon.colcon_core.event_handler.log_command:Invoking command in '/home/barenbo/Desktop/Code/robot/lab2/py_pubsub': PS1=<ROS2-Jazzy>[\u@\h \W]$ PYTHONPATH=/home/barenbo/Desktop/Code/robot/lab2/build/py_pubsub/prefix_override:/usr/lib/python3/dist-packages/colcon_core/task/python/colcon_distutils_commands:/home/barenbo/Desktop/Code/robot/lab2/install/py_pubsub/lib/python3.12/site-packages:${PYTHONPATH} /usr/bin/python3 -W ignore:setup.py install is deprecated -W ignore:easy_install command is deprecated setup.py egg_info --egg-base ../build/py_pubsub build --build-base /home/barenbo/Desktop/Code/robot/lab2/build/py_pubsub/build install --record /home/barenbo/Desktop/Code/robot/lab2/build/py_pubsub/install.log --single-version-externally-managed install_data
[0.845s] DEBUG:colcon.colcon_core.event_handler.log_command:Invoking command in '/home/barenbo/Desktop/Code/robot/lab2/build/ros_gz_bringup': AMENT_PREFIX_PATH=/home/barenbo/Desktop/Code/robot/lab2/install/ros_gz_gazebo:${AMENT_PREFIX_PATH} CMAKE_PREFIX_PATH=/home/barenbo/Desktop/Code/robot/lab2/install/ros_gz_gazebo:/home/barenbo/Desktop/Code/robot/lab2/install/ros_gz_description:/opt/ros/jazzy/opt/gz_sim_vendor:/opt/ros/jazzy/opt/gz_sensors_vendor:/opt/ros/jazzy/opt/gz_physics_vendor:/opt/ros/jazzy/opt/sdformat_vendor:/opt/ros/jazzy/opt/gz_gui_vendor:/opt/ros/jazzy/opt/gz_transport_vendor:/opt/ros/jazzy/opt/gz_rendering_vendor:/opt/ros/jazzy/opt/gz_plugin_vendor:/opt/ros/jazzy/opt/gz_fuel_tools_vendor:/opt/ros/jazzy/opt/gz_msgs_vendor:/opt/ros/jazzy/opt/gz_common_vendor:/opt/ros/jazzy/opt/gz_math_vendor:/opt/ros/jazzy/opt/gz_utils_vendor:/opt/ros/jazzy/opt/gz_tools_vendor:/opt/ros/jazzy/opt/gz_ogre_next_vendor:/opt/ros/jazzy/opt/gz_dartsim_vendor:/opt/ros/jazzy/opt/gz_cmake_vendor:/opt/ros/jazzy GZ_SIM_PLUGIN_PATH=/home/barenbo/Desktop/Code/robot/lab2/install/ros_gz_gazebo/lib/ros_gz_gazebo GZ_SIM_RESOURCE_PATH=/home/barenbo/Desktop/Code/robot/lab2/install/ros_gz_gazebo/share/ros_gz_gazebo/worlds PS1=<ROS2-Jazzy>[\u@\h \W]$ /usr/bin/cmake --build /home/barenbo/Desktop/Code/robot/lab2/build/ros_gz_bringup -- -j24 -l24
[0.881s] DEBUG:colcon.colcon_core.event_handler.log_command:Invoked command in '/home/barenbo/Desktop/Code/robot/lab2/build/ros_gz_bringup' returned '0': AMENT_PREFIX_PATH=/home/barenbo/Desktop/Code/robot/lab2/install/ros_gz_gazebo:${AMENT_PREFIX_PATH} CMAKE_PREFIX_PATH=/home/barenbo/Desktop/Code/robot/lab2/install/ros_gz_gazebo:/home/barenbo/Desktop/Code/robot/lab2/install/ros_gz_description:/opt/ros/jazzy/opt/gz_sim_vendor:/opt/ros/jazzy/opt/gz_sensors_vendor:/opt/ros/jazzy/opt/gz_physics_vendor:/opt/ros/jazzy/opt/sdformat_vendor:/opt/ros/jazzy/opt/gz_gui_vendor:/opt/ros/jazzy/opt/gz_transport_vendor:/opt/ros/jazzy/opt/gz_rendering_vendor:/opt/ros/jazzy/opt/gz_plugin_vendor:/opt/ros/jazzy/opt/gz_fuel_tools_vendor:/opt/ros/jazzy/opt/gz_msgs_vendor:/opt/ros/jazzy/opt/gz_common_vendor:/opt/ros/jazzy/opt/gz_math_vendor:/opt/ros/jazzy/opt/gz_utils_vendor:/opt/ros/jazzy/opt/gz_tools_vendor:/opt/ros/jazzy/opt/gz_ogre_next_vendor:/opt/ros/jazzy/opt/gz_dartsim_vendor:/opt/ros/jazzy/opt/gz_cmake_vendor:/opt/ros/jazzy GZ_SIM_PLUGIN_PATH=/home/barenbo/Desktop/Code/robot/lab2/install/ros_gz_gazebo/lib/ros_gz_gazebo GZ_SIM_RESOURCE_PATH=/home/barenbo/Desktop/Code/robot/lab2/install/ros_gz_gazebo/share/ros_gz_gazebo/worlds PS1=<ROS2-Jazzy>[\u@\h \W]$ /usr/bin/cmake --build /home/barenbo/Desktop/Code/robot/lab2/build/ros_gz_bringup -- -j24 -l24
[0.884s] DEBUG:colcon.colcon_core.event_handler.log_command:Invoking command in '/home/barenbo/Desktop/Code/robot/lab2/build/ros_gz_bringup': AMENT_PREFIX_PATH=/home/barenbo/Desktop/Code/robot/lab2/install/ros_gz_gazebo:${AMENT_PREFIX_PATH} CMAKE_PREFIX_PATH=/home/barenbo/Desktop/Code/robot/lab2/install/ros_gz_gazebo:/home/barenbo/Desktop/Code/robot/lab2/install/ros_gz_description:/opt/ros/jazzy/opt/gz_sim_vendor:/opt/ros/jazzy/opt/gz_sensors_vendor:/opt/ros/jazzy/opt/gz_physics_vendor:/opt/ros/jazzy/opt/sdformat_vendor:/opt/ros/jazzy/opt/gz_gui_vendor:/opt/ros/jazzy/opt/gz_transport_vendor:/opt/ros/jazzy/opt/gz_rendering_vendor:/opt/ros/jazzy/opt/gz_plugin_vendor:/opt/ros/jazzy/opt/gz_fuel_tools_vendor:/opt/ros/jazzy/opt/gz_msgs_vendor:/opt/ros/jazzy/opt/gz_common_vendor:/opt/ros/jazzy/opt/gz_math_vendor:/opt/ros/jazzy/opt/gz_utils_vendor:/opt/ros/jazzy/opt/gz_tools_vendor:/opt/ros/jazzy/opt/gz_ogre_next_vendor:/opt/ros/jazzy/opt/gz_dartsim_vendor:/opt/ros/jazzy/opt/gz_cmake_vendor:/opt/ros/jazzy GZ_SIM_PLUGIN_PATH=/home/barenbo/Desktop/Code/robot/lab2/install/ros_gz_gazebo/lib/ros_gz_gazebo GZ_SIM_RESOURCE_PATH=/home/barenbo/Desktop/Code/robot/lab2/install/ros_gz_gazebo/share/ros_gz_gazebo/worlds PS1=<ROS2-Jazzy>[\u@\h \W]$ /usr/bin/cmake --install /home/barenbo/Desktop/Code/robot/lab2/build/ros_gz_bringup
[0.925s] Level 1:colcon.colcon_core.environment:create_environment_scripts_only(ros_gz_bringup)
[0.925s] Level 1:colcon.colcon_core.environment:checking '/home/barenbo/Desktop/Code/robot/lab2/install/ros_gz_bringup' for CMake module files
[0.925s] DEBUG:colcon.colcon_core.event_handler.log_command:Invoked command in '/home/barenbo/Desktop/Code/robot/lab2/build/ros_gz_bringup' returned '0': AMENT_PREFIX_PATH=/home/barenbo/Desktop/Code/robot/lab2/install/ros_gz_gazebo:${AMENT_PREFIX_PATH} CMAKE_PREFIX_PATH=/home/barenbo/Desktop/Code/robot/lab2/install/ros_gz_gazebo:/home/barenbo/Desktop/Code/robot/lab2/install/ros_gz_description:/opt/ros/jazzy/opt/gz_sim_vendor:/opt/ros/jazzy/opt/gz_sensors_vendor:/opt/ros/jazzy/opt/gz_physics_vendor:/opt/ros/jazzy/opt/sdformat_vendor:/opt/ros/jazzy/opt/gz_gui_vendor:/opt/ros/jazzy/opt/gz_transport_vendor:/opt/ros/jazzy/opt/gz_rendering_vendor:/opt/ros/jazzy/opt/gz_plugin_vendor:/opt/ros/jazzy/opt/gz_fuel_tools_vendor:/opt/ros/jazzy/opt/gz_msgs_vendor:/opt/ros/jazzy/opt/gz_common_vendor:/opt/ros/jazzy/opt/gz_math_vendor:/opt/ros/jazzy/opt/gz_utils_vendor:/opt/ros/jazzy/opt/gz_tools_vendor:/opt/ros/jazzy/opt/gz_ogre_next_vendor:/opt/ros/jazzy/opt/gz_dartsim_vendor:/opt/ros/jazzy/opt/gz_cmake_vendor:/opt/ros/jazzy GZ_SIM_PLUGIN_PATH=/home/barenbo/Desktop/Code/robot/lab2/install/ros_gz_gazebo/lib/ros_gz_gazebo GZ_SIM_RESOURCE_PATH=/home/barenbo/Desktop/Code/robot/lab2/install/ros_gz_gazebo/share/ros_gz_gazebo/worlds PS1=<ROS2-Jazzy>[\u@\h \W]$ /usr/bin/cmake --install /home/barenbo/Desktop/Code/robot/lab2/build/ros_gz_bringup
[0.926s] Level 1:colcon.colcon_core.environment:checking '/home/barenbo/Desktop/Code/robot/lab2/install/ros_gz_bringup' for CMake config files
[0.929s] Level 1:colcon.colcon_core.shell:create_environment_hook('ros_gz_bringup', 'cmake_prefix_path')
[0.929s] INFO:colcon.colcon_core.shell:Creating environment hook '/home/barenbo/Desktop/Code/robot/lab2/install/ros_gz_bringup/share/ros_gz_bringup/hook/cmake_prefix_path.ps1'
[0.932s] INFO:colcon.colcon_core.shell:Creating environment descriptor '/home/barenbo/Desktop/Code/robot/lab2/install/ros_gz_bringup/share/ros_gz_bringup/hook/cmake_prefix_path.dsv'
[0.934s] INFO:colcon.colcon_core.shell:Creating environment hook '/home/barenbo/Desktop/Code/robot/lab2/install/ros_gz_bringup/share/ros_gz_bringup/hook/cmake_prefix_path.sh'
[0.937s] Level 1:colcon.colcon_core.environment:checking '/home/barenbo/Desktop/Code/robot/lab2/install/ros_gz_bringup/bin'
[0.937s] Level 1:colcon.colcon_core.environment:checking '/home/barenbo/Desktop/Code/robot/lab2/install/ros_gz_bringup/lib/pkgconfig/ros_gz_bringup.pc'
[0.937s] Level 1:colcon.colcon_core.environment:checking '/home/barenbo/Desktop/Code/robot/lab2/install/ros_gz_bringup/lib/python3.12/site-packages'
[0.938s] Level 1:colcon.colcon_core.environment:checking '/home/barenbo/Desktop/Code/robot/lab2/install/ros_gz_bringup/bin'
[0.938s] INFO:colcon.colcon_core.shell:Creating package script '/home/barenbo/Desktop/Code/robot/lab2/install/ros_gz_bringup/share/ros_gz_bringup/package.ps1'
[0.940s] INFO:colcon.colcon_core.shell:Creating package descriptor '/home/barenbo/Desktop/Code/robot/lab2/install/ros_gz_bringup/share/ros_gz_bringup/package.dsv'
[0.943s] INFO:colcon.colcon_core.shell:Creating package script '/home/barenbo/Desktop/Code/robot/lab2/install/ros_gz_bringup/share/ros_gz_bringup/package.sh'
[0.945s] INFO:colcon.colcon_core.shell:Creating package script '/home/barenbo/Desktop/Code/robot/lab2/install/ros_gz_bringup/share/ros_gz_bringup/package.bash'
[0.947s] INFO:colcon.colcon_core.shell:Creating package script '/home/barenbo/Desktop/Code/robot/lab2/install/ros_gz_bringup/share/ros_gz_bringup/package.zsh'
[0.949s] Level 1:colcon.colcon_core.environment:create_file_with_runtime_dependencies(/home/barenbo/Desktop/Code/robot/lab2/install/ros_gz_bringup/share/colcon-core/packages/ros_gz_bringup)
[0.952s] Level 1:colcon.colcon_core.environment:create_environment_scripts_only(ros_gz_bringup)
[0.952s] Level 1:colcon.colcon_core.environment:checking '/home/barenbo/Desktop/Code/robot/lab2/install/ros_gz_bringup' for CMake module files
[0.953s] Level 1:colcon.colcon_core.environment:checking '/home/barenbo/Desktop/Code/robot/lab2/install/ros_gz_bringup' for CMake config files
[0.955s] Level 1:colcon.colcon_core.shell:create_environment_hook('ros_gz_bringup', 'cmake_prefix_path')
[0.955s] INFO:colcon.colcon_core.shell:Creating environment hook '/home/barenbo/Desktop/Code/robot/lab2/install/ros_gz_bringup/share/ros_gz_bringup/hook/cmake_prefix_path.ps1'
[0.958s] INFO:colcon.colcon_core.shell:Creating environment descriptor '/home/barenbo/Desktop/Code/robot/lab2/install/ros_gz_bringup/share/ros_gz_bringup/hook/cmake_prefix_path.dsv'
[0.960s] INFO:colcon.colcon_core.shell:Creating environment hook '/home/barenbo/Desktop/Code/robot/lab2/install/ros_gz_bringup/share/ros_gz_bringup/hook/cmake_prefix_path.sh'
[0.962s] Level 1:colcon.colcon_core.environment:checking '/home/barenbo/Desktop/Code/robot/lab2/install/ros_gz_bringup/bin'
[0.962s] Level 1:colcon.colcon_core.environment:checking '/home/barenbo/Desktop/Code/robot/lab2/install/ros_gz_bringup/lib/pkgconfig/ros_gz_bringup.pc'
[0.963s] Level 1:colcon.colcon_core.environment:checking '/home/barenbo/Desktop/Code/robot/lab2/install/ros_gz_bringup/lib/python3.12/site-packages'
[0.963s] Level 1:colcon.colcon_core.environment:checking '/home/barenbo/Desktop/Code/robot/lab2/install/ros_gz_bringup/bin'
[0.963s] INFO:colcon.colcon_core.shell:Creating package script '/home/barenbo/Desktop/Code/robot/lab2/install/ros_gz_bringup/share/ros_gz_bringup/package.ps1'
[0.965s] INFO:colcon.colcon_core.shell:Creating package descriptor '/home/barenbo/Desktop/Code/robot/lab2/install/ros_gz_bringup/share/ros_gz_bringup/package.dsv'
[0.967s] INFO:colcon.colcon_core.shell:Creating package script '/home/barenbo/Desktop/Code/robot/lab2/install/ros_gz_bringup/share/ros_gz_bringup/package.sh'
[0.969s] INFO:colcon.colcon_core.shell:Creating package script '/home/barenbo/Desktop/Code/robot/lab2/install/ros_gz_bringup/share/ros_gz_bringup/package.bash'
[0.972s] INFO:colcon.colcon_core.shell:Creating package script '/home/barenbo/Desktop/Code/robot/lab2/install/ros_gz_bringup/share/ros_gz_bringup/package.zsh'
[0.974s] Level 1:colcon.colcon_core.environment:create_file_with_runtime_dependencies(/home/barenbo/Desktop/Code/robot/lab2/install/ros_gz_bringup/share/colcon-core/packages/ros_gz_bringup)
[1.198s] Level 1:colcon.colcon_core.environment:checking '/home/barenbo/Desktop/Code/robot/lab2/install/py_pubsub' for CMake module files
[1.198s] DEBUG:colcon.colcon_core.event_handler.log_command:Invoked command in '/home/barenbo/Desktop/Code/robot/lab2/py_pubsub' returned '0': PS1=<ROS2-Jazzy>[\u@\h \W]$ PYTHONPATH=/home/barenbo/Desktop/Code/robot/lab2/build/py_pubsub/prefix_override:/usr/lib/python3/dist-packages/colcon_core/task/python/colcon_distutils_commands:/home/barenbo/Desktop/Code/robot/lab2/install/py_pubsub/lib/python3.12/site-packages:${PYTHONPATH} /usr/bin/python3 -W ignore:setup.py install is deprecated -W ignore:easy_install command is deprecated setup.py egg_info --egg-base ../build/py_pubsub build --build-base /home/barenbo/Desktop/Code/robot/lab2/build/py_pubsub/build install --record /home/barenbo/Desktop/Code/robot/lab2/build/py_pubsub/install.log --single-version-externally-managed install_data
[1.200s] Level 1:colcon.colcon_core.environment:checking '/home/barenbo/Desktop/Code/robot/lab2/install/py_pubsub' for CMake config files
[1.205s] Level 1:colcon.colcon_core.environment:checking '/home/barenbo/Desktop/Code/robot/lab2/install/py_pubsub/lib'
[1.205s] Level 1:colcon.colcon_core.environment:checking '/home/barenbo/Desktop/Code/robot/lab2/install/py_pubsub/bin'
[1.205s] Level 1:colcon.colcon_core.environment:checking '/home/barenbo/Desktop/Code/robot/lab2/install/py_pubsub/lib/pkgconfig/py_pubsub.pc'
[1.205s] Level 1:colcon.colcon_core.environment:checking '/home/barenbo/Desktop/Code/robot/lab2/install/py_pubsub/lib/python3.12/site-packages'
[1.205s] Level 1:colcon.colcon_core.shell:create_environment_hook('py_pubsub', 'pythonpath')
[1.205s] INFO:colcon.colcon_core.shell:Creating environment hook '/home/barenbo/Desktop/Code/robot/lab2/install/py_pubsub/share/py_pubsub/hook/pythonpath.ps1'
[1.208s] INFO:colcon.colcon_core.shell:Creating environment descriptor '/home/barenbo/Desktop/Code/robot/lab2/install/py_pubsub/share/py_pubsub/hook/pythonpath.dsv'
[1.210s] INFO:colcon.colcon_core.shell:Creating environment hook '/home/barenbo/Desktop/Code/robot/lab2/install/py_pubsub/share/py_pubsub/hook/pythonpath.sh'
[1.212s] Level 1:colcon.colcon_core.environment:checking '/home/barenbo/Desktop/Code/robot/lab2/install/py_pubsub/bin'
[1.213s] Level 1:colcon.colcon_core.environment:create_environment_scripts_only(py_pubsub)
[1.213s] INFO:colcon.colcon_core.shell:Creating package script '/home/barenbo/Desktop/Code/robot/lab2/install/py_pubsub/share/py_pubsub/package.ps1'
[1.215s] INFO:colcon.colcon_core.shell:Creating package descriptor '/home/barenbo/Desktop/Code/robot/lab2/install/py_pubsub/share/py_pubsub/package.dsv'
[1.218s] INFO:colcon.colcon_core.shell:Creating package script '/home/barenbo/Desktop/Code/robot/lab2/install/py_pubsub/share/py_pubsub/package.sh'
[1.220s] INFO:colcon.colcon_core.shell:Creating package script '/home/barenbo/Desktop/Code/robot/lab2/install/py_pubsub/share/py_pubsub/package.bash'
[1.223s] INFO:colcon.colcon_core.shell:Creating package script '/home/barenbo/Desktop/Code/robot/lab2/install/py_pubsub/share/py_pubsub/package.zsh'
[1.225s] Level 1:colcon.colcon_core.environment:create_file_with_runtime_dependencies(/home/barenbo/Desktop/Code/robot/lab2/install/py_pubsub/share/colcon-core/packages/py_pubsub)
[1.228s] DEBUG:colcon.colcon_parallel_executor.executor.parallel:closing loop
[1.228s] DEBUG:colcon.colcon_parallel_executor.executor.parallel:loop closed
[1.228s] DEBUG:colcon.colcon_parallel_executor.executor.parallel:run_until_complete finished with '0'
[1.228s] DEBUG:colcon.colcon_core.event_reactor:joining thread
[1.283s] INFO:colcon.colcon_core.plugin_system:Skipping extension 'colcon_notification.desktop_notification.notify_send': Could not find 'notify-send'
[1.283s] INFO:colcon.colcon_core.plugin_system:Skipping extension 'colcon_notification.desktop_notification.terminal_notifier': Not used on non-Darwin systems
[1.283s] INFO:colcon.colcon_core.plugin_system:Skipping extension 'colcon_notification.desktop_notification.win32': Not used on non-Windows systems
[1.283s] INFO:colcon.colcon_notification.desktop_notification:Sending desktop notification using 'notify2'
[1.298s] DEBUG:colcon.colcon_core.event_reactor:joined thread
[1.298s] INFO:colcon.colcon_core.shell:Creating prefix script '/home/barenbo/Desktop/Code/robot/lab2/install/local_setup.ps1'
[1.303s] INFO:colcon.colcon_core.shell:Creating prefix util module '/home/barenbo/Desktop/Code/robot/lab2/install/_local_setup_util_ps1.py'
[1.308s] INFO:colcon.colcon_core.shell:Creating prefix chain script '/home/barenbo/Desktop/Code/robot/lab2/install/setup.ps1'
[1.314s] INFO:colcon.colcon_core.shell:Creating prefix script '/home/barenbo/Desktop/Code/robot/lab2/install/local_setup.sh'
[1.318s] INFO:colcon.colcon_core.shell:Creating prefix util module '/home/barenbo/Desktop/Code/robot/lab2/install/_local_setup_util_sh.py'
[1.321s] INFO:colcon.colcon_core.shell:Creating prefix chain script '/home/barenbo/Desktop/Code/robot/lab2/install/setup.sh'
[1.325s] INFO:colcon.colcon_core.shell:Creating prefix script '/home/barenbo/Desktop/Code/robot/lab2/install/local_setup.bash'
[1.330s] INFO:colcon.colcon_core.shell:Creating prefix chain script '/home/barenbo/Desktop/Code/robot/lab2/install/setup.bash'
[1.335s] INFO:colcon.colcon_core.shell:Creating prefix script '/home/barenbo/Desktop/Code/robot/lab2/install/local_setup.zsh'
[1.338s] INFO:colcon.colcon_core.shell:Creating prefix chain script '/home/barenbo/Desktop/Code/robot/lab2/install/setup.zsh'
