[0.037s] Invoking command in '/home/barenbo/Desktop/Code/robot/lab2/build/ros_gz_description': CMAKE_PREFIX_PATH=${CMAKE_PREFIX_PATH}:/opt/ros/jazzy PS1=<ROS2-Jazzy>[\u@\h \W]$ /usr/bin/cmake --build /home/barenbo/Desktop/Code/robot/lab2/build/ros_gz_description -- -j24 -l24
[0.198s] Invoked command in '/home/barenbo/Desktop/Code/robot/lab2/build/ros_gz_description' returned '0': CMAKE_PREFIX_PATH=${CMAKE_PREFIX_PATH}:/opt/ros/jazzy PS1=<ROS2-Jazzy>[\u@\h \W]$ /usr/bin/cmake --build /home/barenbo/Desktop/Code/robot/lab2/build/ros_gz_description -- -j24 -l24
[0.209s] Invoking command in '/home/barenbo/Desktop/Code/robot/lab2/build/ros_gz_description': CMAKE_PREFIX_PATH=${CMAKE_PREFIX_PATH}:/opt/ros/jazzy PS1=<ROS2-Jazzy>[\u@\h \W]$ /usr/bin/cmake --install /home/barenbo/Desktop/Code/robot/lab2/build/ros_gz_description
[0.216s] -- Install configuration: ""
[0.218s] -- Up-to-date: /home/barenbo/Desktop/Code/robot/lab2/install/ros_gz_description/share/ros_gz_description/models
[0.219s] -- Up-to-date: /home/barenbo/Desktop/Code/robot/lab2/install/ros_gz_description/share/ros_gz_description/models/diff_drive
[0.220s] -- Up-to-date: /home/barenbo/Desktop/Code/robot/lab2/install/ros_gz_description/share/ros_gz_description/models/diff_drive/model.config
[0.221s] -- Up-to-date: /home/barenbo/Desktop/Code/robot/lab2/install/ros_gz_description/share/ros_gz_description/models/diff_drive/model.sdf
[0.222s] -- Up-to-date: /home/barenbo/Desktop/Code/robot/lab2/install/ros_gz_description/share/ros_gz_description/environment/ros_gz_description.dsv
[0.222s] -- Up-to-date: /home/barenbo/Desktop/Code/robot/lab2/install/ros_gz_description/share/ros_gz_description/environment/ros_gz_description.sh
[0.224s] -- Up-to-date: /home/barenbo/Desktop/Code/robot/lab2/install/ros_gz_description/share/ament_index/resource_index/package_run_dependencies/ros_gz_description
[0.225s] -- Up-to-date: /home/barenbo/Desktop/Code/robot/lab2/install/ros_gz_description/share/ament_index/resource_index/parent_prefix_path/ros_gz_description
[0.225s] -- Up-to-date: /home/barenbo/Desktop/Code/robot/lab2/install/ros_gz_description/share/ros_gz_description/environment/ament_prefix_path.sh
[0.226s] -- Up-to-date: /home/barenbo/Desktop/Code/robot/lab2/install/ros_gz_description/share/ros_gz_description/environment/ament_prefix_path.dsv
[0.227s] -- Up-to-date: /home/barenbo/Desktop/Code/robot/lab2/install/ros_gz_description/share/ros_gz_description/environment/path.sh
[0.227s] -- Up-to-date: /home/barenbo/Desktop/Code/robot/lab2/install/ros_gz_description/share/ros_gz_description/environment/path.dsv
[0.228s] -- Up-to-date: /home/barenbo/Desktop/Code/robot/lab2/install/ros_gz_description/share/ros_gz_description/local_setup.bash
[0.228s] -- Up-to-date: /home/barenbo/Desktop/Code/robot/lab2/install/ros_gz_description/share/ros_gz_description/local_setup.sh
[0.229s] -- Up-to-date: /home/barenbo/Desktop/Code/robot/lab2/install/ros_gz_description/share/ros_gz_description/local_setup.zsh
[0.230s] -- Up-to-date: /home/barenbo/Desktop/Code/robot/lab2/install/ros_gz_description/share/ros_gz_description/local_setup.dsv
[0.230s] -- Installing: /home/barenbo/Desktop/Code/robot/lab2/install/ros_gz_description/share/ros_gz_description/package.dsv
[0.236s] -- Up-to-date: /home/barenbo/Desktop/Code/robot/lab2/install/ros_gz_description/share/ament_index/resource_index/packages/ros_gz_description
[0.237s] -- Up-to-date: /home/barenbo/Desktop/Code/robot/lab2/install/ros_gz_description/share/ros_gz_description/cmake/ros_gz_descriptionConfig.cmake
[0.237s] -- Up-to-date: /home/barenbo/Desktop/Code/robot/lab2/install/ros_gz_description/share/ros_gz_description/cmake/ros_gz_descriptionConfig-version.cmake
[0.238s] -- Up-to-date: /home/barenbo/Desktop/Code/robot/lab2/install/ros_gz_description/share/ros_gz_description/package.xml
[0.241s] Invoked command in '/home/barenbo/Desktop/Code/robot/lab2/build/ros_gz_description' returned '0': CMAKE_PREFIX_PATH=${CMAKE_PREFIX_PATH}:/opt/ros/jazzy PS1=<ROS2-Jazzy>[\u@\h \W]$ /usr/bin/cmake --install /home/barenbo/Desktop/Code/robot/lab2/build/ros_gz_description
