[0.403s] DEBUG:colcon:Command line arguments: ['/usr/bin/colcon', 'build', '--cmake-args', '-DBUILD_TESTING=ON']
[0.403s] DEBUG:colcon:Parsed command line arguments: Namespace(log_base=None, log_level=None, verb_name='build', build_base='build', install_base='install', merge_install=False, symlink_install=False, test_result_base=None, continue_on_error=False, executor='parallel', parallel_workers=24, event_handlers=None, ignore_user_meta=False, metas=['./colcon.meta'], base_paths=['.'], packages_ignore=None, packages_ignore_regex=None, paths=None, packages_up_to=None, packages_up_to_regex=None, packages_above=None, packages_above_and_dependencies=None, packages_above_depth=None, packages_select_by_dep=None, packages_skip_by_dep=None, packages_skip_up_to=None, packages_select_build_failed=False, packages_skip_build_finished=False, packages_select_test_failures=False, packages_skip_test_passed=False, packages_select=None, packages_skip=None, packages_select_regex=None, packages_skip_regex=None, packages_start=None, packages_end=None, allow_overriding=[], cmake_args=['-DBUILD_TESTING=ON'], cmake_target=None, cmake_target_skip_unavailable=False, cmake_clean_cache=False, cmake_clean_first=False, cmake_force_configure=False, ament_cmake_args=None, catkin_cmake_args=None, catkin_skip_building_tests=False, mixin_files=None, mixin=None, verb_parser=<colcon_mixin.mixin.mixin_argument.MixinArgumentDecorator object at 0x7f58aed4af00>, verb_extension=<colcon_core.verb.build.BuildVerb object at 0x7f58aeec7560>, main=<bound method BuildVerb.main of <colcon_core.verb.build.BuildVerb object at 0x7f58aeec7560>>, mixin_verb=('build',))
[0.458s] Level 1:colcon.colcon_core.package_discovery:discover_packages(colcon_meta) check parameters
[0.458s] Level 1:colcon.colcon_core.package_discovery:discover_packages(recursive) check parameters
[0.458s] Level 1:colcon.colcon_core.package_discovery:discover_packages(ignore) check parameters
[0.458s] Level 1:colcon.colcon_core.package_discovery:discover_packages(path) check parameters
[0.458s] Level 1:colcon.colcon_core.package_discovery:discover_packages(colcon_meta) discover
[0.458s] Level 1:colcon.colcon_core.package_discovery:discover_packages(recursive) discover
[0.458s] INFO:colcon.colcon_core.package_discovery:Crawling recursively for packages in '/home/barenbo/Desktop/Code/robot/lab2'
[0.459s] Level 1:colcon.colcon_core.package_identification:_identify(.) by extensions ['ignore', 'ignore_ament_install']
[0.459s] Level 1:colcon.colcon_core.package_identification:_identify(.) by extension 'ignore'
[0.459s] Level 1:colcon.colcon_core.package_identification:_identify(.) by extension 'ignore_ament_install'
[0.460s] Level 1:colcon.colcon_core.package_identification:_identify(.) by extensions ['colcon_pkg']
[0.460s] Level 1:colcon.colcon_core.package_identification:_identify(.) by extension 'colcon_pkg'
[0.460s] Level 1:colcon.colcon_core.package_identification:_identify(.) by extensions ['colcon_meta']
[0.460s] Level 1:colcon.colcon_core.package_identification:_identify(.) by extension 'colcon_meta'
[0.460s] Level 1:colcon.colcon_core.package_identification:_identify(.) by extensions ['ros']
[0.460s] Level 1:colcon.colcon_core.package_identification:_identify(.) by extension 'ros'
[0.490s] Level 1:colcon.colcon_core.package_identification:_identify(.) by extensions ['cmake', 'python']
[0.490s] Level 1:colcon.colcon_core.package_identification:_identify(.) by extension 'cmake'
[0.491s] Level 1:colcon.colcon_core.package_identification:_identify(.) by extension 'python'
[0.491s] Level 1:colcon.colcon_core.package_identification:_identify(.) by extensions ['python_setup_py']
[0.491s] Level 1:colcon.colcon_core.package_identification:_identify(.) by extension 'python_setup_py'
[0.491s] Level 1:colcon.colcon_core.package_identification:_identify(build) by extensions ['ignore', 'ignore_ament_install']
[0.491s] Level 1:colcon.colcon_core.package_identification:_identify(build) by extension 'ignore'
[0.491s] Level 1:colcon.colcon_core.package_identification:_identify(build) ignored
[0.492s] Level 1:colcon.colcon_core.package_identification:_identify(install) by extensions ['ignore', 'ignore_ament_install']
[0.492s] Level 1:colcon.colcon_core.package_identification:_identify(install) by extension 'ignore'
[0.492s] Level 1:colcon.colcon_core.package_identification:_identify(install) ignored
[0.493s] Level 1:colcon.colcon_core.package_identification:_identify(log) by extensions ['ignore', 'ignore_ament_install']
[0.493s] Level 1:colcon.colcon_core.package_identification:_identify(log) by extension 'ignore'
[0.493s] Level 1:colcon.colcon_core.package_identification:_identify(log) ignored
[0.494s] Level 1:colcon.colcon_core.package_identification:_identify(py_pubsub) by extensions ['ignore', 'ignore_ament_install']
[0.494s] Level 1:colcon.colcon_core.package_identification:_identify(py_pubsub) by extension 'ignore'
[0.494s] Level 1:colcon.colcon_core.package_identification:_identify(py_pubsub) by extension 'ignore_ament_install'
[0.495s] Level 1:colcon.colcon_core.package_identification:_identify(py_pubsub) by extensions ['colcon_pkg']
[0.495s] Level 1:colcon.colcon_core.package_identification:_identify(py_pubsub) by extension 'colcon_pkg'
[0.495s] Level 1:colcon.colcon_core.package_identification:_identify(py_pubsub) by extensions ['colcon_meta']
[0.495s] Level 1:colcon.colcon_core.package_identification:_identify(py_pubsub) by extension 'colcon_meta'
[0.495s] Level 1:colcon.colcon_core.package_identification:_identify(py_pubsub) by extensions ['ros']
[0.495s] Level 1:colcon.colcon_core.package_identification:_identify(py_pubsub) by extension 'ros'
[0.498s] DEBUG:colcon.colcon_core.package_identification:Package 'py_pubsub' with type 'ros.ament_python' and name 'py_pubsub'
[0.498s] Level 1:colcon.colcon_core.package_identification:_identify(ros-lab-2) by extensions ['ignore', 'ignore_ament_install']
[0.498s] Level 1:colcon.colcon_core.package_identification:_identify(ros-lab-2) by extension 'ignore'
[0.499s] Level 1:colcon.colcon_core.package_identification:_identify(ros-lab-2) by extension 'ignore_ament_install'
[0.499s] Level 1:colcon.colcon_core.package_identification:_identify(ros-lab-2) by extensions ['colcon_pkg']
[0.499s] Level 1:colcon.colcon_core.package_identification:_identify(ros-lab-2) by extension 'colcon_pkg'
[0.500s] Level 1:colcon.colcon_core.package_identification:_identify(ros-lab-2) by extensions ['colcon_meta']
[0.500s] Level 1:colcon.colcon_core.package_identification:_identify(ros-lab-2) by extension 'colcon_meta'
[0.500s] Level 1:colcon.colcon_core.package_identification:_identify(ros-lab-2) by extensions ['ros']
[0.500s] Level 1:colcon.colcon_core.package_identification:_identify(ros-lab-2) by extension 'ros'
[0.501s] Level 1:colcon.colcon_core.package_identification:_identify(ros-lab-2) by extensions ['cmake', 'python']
[0.501s] Level 1:colcon.colcon_core.package_identification:_identify(ros-lab-2) by extension 'cmake'
[0.501s] Level 1:colcon.colcon_core.package_identification:_identify(ros-lab-2) by extension 'python'
[0.501s] Level 1:colcon.colcon_core.package_identification:_identify(ros-lab-2) by extensions ['python_setup_py']
[0.501s] Level 1:colcon.colcon_core.package_identification:_identify(ros-lab-2) by extension 'python_setup_py'
[0.501s] Level 1:colcon.colcon_core.package_identification:_identify(ros-lab-2/build) by extensions ['ignore', 'ignore_ament_install']
[0.502s] Level 1:colcon.colcon_core.package_identification:_identify(ros-lab-2/build) by extension 'ignore'
[0.502s] Level 1:colcon.colcon_core.package_identification:_identify(ros-lab-2/build) ignored
[0.502s] Level 1:colcon.colcon_core.package_identification:_identify(ros-lab-2/figs) by extensions ['ignore', 'ignore_ament_install']
[0.502s] Level 1:colcon.colcon_core.package_identification:_identify(ros-lab-2/figs) by extension 'ignore'
[0.502s] Level 1:colcon.colcon_core.package_identification:_identify(ros-lab-2/figs) by extension 'ignore_ament_install'
[0.503s] Level 1:colcon.colcon_core.package_identification:_identify(ros-lab-2/figs) by extensions ['colcon_pkg']
[0.503s] Level 1:colcon.colcon_core.package_identification:_identify(ros-lab-2/figs) by extension 'colcon_pkg'
[0.503s] Level 1:colcon.colcon_core.package_identification:_identify(ros-lab-2/figs) by extensions ['colcon_meta']
[0.503s] Level 1:colcon.colcon_core.package_identification:_identify(ros-lab-2/figs) by extension 'colcon_meta'
[0.503s] Level 1:colcon.colcon_core.package_identification:_identify(ros-lab-2/figs) by extensions ['ros']
[0.503s] Level 1:colcon.colcon_core.package_identification:_identify(ros-lab-2/figs) by extension 'ros'
[0.504s] Level 1:colcon.colcon_core.package_identification:_identify(ros-lab-2/figs) by extensions ['cmake', 'python']
[0.504s] Level 1:colcon.colcon_core.package_identification:_identify(ros-lab-2/figs) by extension 'cmake'
[0.505s] Level 1:colcon.colcon_core.package_identification:_identify(ros-lab-2/figs) by extension 'python'
[0.505s] Level 1:colcon.colcon_core.package_identification:_identify(ros-lab-2/figs) by extensions ['python_setup_py']
[0.505s] Level 1:colcon.colcon_core.package_identification:_identify(ros-lab-2/figs) by extension 'python_setup_py'
[0.505s] Level 1:colcon.colcon_core.package_identification:_identify(ros-lab-2/install) by extensions ['ignore', 'ignore_ament_install']
[0.505s] Level 1:colcon.colcon_core.package_identification:_identify(ros-lab-2/install) by extension 'ignore'
[0.505s] Level 1:colcon.colcon_core.package_identification:_identify(ros-lab-2/install) ignored
[0.506s] Level 1:colcon.colcon_core.package_identification:_identify(ros-lab-2/log) by extensions ['ignore', 'ignore_ament_install']
[0.506s] Level 1:colcon.colcon_core.package_identification:_identify(ros-lab-2/log) by extension 'ignore'
[0.507s] Level 1:colcon.colcon_core.package_identification:_identify(ros-lab-2/log) ignored
[0.507s] Level 1:colcon.colcon_core.package_identification:_identify(ros-lab-2/ros_gz_app) by extensions ['ignore', 'ignore_ament_install']
[0.507s] Level 1:colcon.colcon_core.package_identification:_identify(ros-lab-2/ros_gz_app) by extension 'ignore'
[0.507s] Level 1:colcon.colcon_core.package_identification:_identify(ros-lab-2/ros_gz_app) by extension 'ignore_ament_install'
[0.508s] Level 1:colcon.colcon_core.package_identification:_identify(ros-lab-2/ros_gz_app) by extensions ['colcon_pkg']
[0.508s] Level 1:colcon.colcon_core.package_identification:_identify(ros-lab-2/ros_gz_app) by extension 'colcon_pkg'
[0.508s] Level 1:colcon.colcon_core.package_identification:_identify(ros-lab-2/ros_gz_app) by extensions ['colcon_meta']
[0.508s] Level 1:colcon.colcon_core.package_identification:_identify(ros-lab-2/ros_gz_app) by extension 'colcon_meta'
[0.508s] Level 1:colcon.colcon_core.package_identification:_identify(ros-lab-2/ros_gz_app) by extensions ['ros']
[0.508s] Level 1:colcon.colcon_core.package_identification:_identify(ros-lab-2/ros_gz_app) by extension 'ros'
[0.509s] DEBUG:colcon.colcon_core.package_identification:Package 'ros-lab-2/ros_gz_app' with type 'ros.ament_cmake' and name 'ros_gz_app'
[0.509s] Level 1:colcon.colcon_core.package_identification:_identify(ros-lab-2/ros_gz_bringup) by extensions ['ignore', 'ignore_ament_install']
[0.509s] Level 1:colcon.colcon_core.package_identification:_identify(ros-lab-2/ros_gz_bringup) by extension 'ignore'
[0.510s] Level 1:colcon.colcon_core.package_identification:_identify(ros-lab-2/ros_gz_bringup) by extension 'ignore_ament_install'
[0.510s] Level 1:colcon.colcon_core.package_identification:_identify(ros-lab-2/ros_gz_bringup) by extensions ['colcon_pkg']
[0.510s] Level 1:colcon.colcon_core.package_identification:_identify(ros-lab-2/ros_gz_bringup) by extension 'colcon_pkg'
[0.510s] Level 1:colcon.colcon_core.package_identification:_identify(ros-lab-2/ros_gz_bringup) by extensions ['colcon_meta']
[0.510s] Level 1:colcon.colcon_core.package_identification:_identify(ros-lab-2/ros_gz_bringup) by extension 'colcon_meta'
[0.510s] Level 1:colcon.colcon_core.package_identification:_identify(ros-lab-2/ros_gz_bringup) by extensions ['ros']
[0.510s] Level 1:colcon.colcon_core.package_identification:_identify(ros-lab-2/ros_gz_bringup) by extension 'ros'
[0.511s] DEBUG:colcon.colcon_core.package_identification:Package 'ros-lab-2/ros_gz_bringup' with type 'ros.ament_cmake' and name 'ros_gz_bringup'
[0.512s] Level 1:colcon.colcon_core.package_identification:_identify(ros-lab-2/ros_gz_description) by extensions ['ignore', 'ignore_ament_install']
[0.512s] Level 1:colcon.colcon_core.package_identification:_identify(ros-lab-2/ros_gz_description) by extension 'ignore'
[0.512s] Level 1:colcon.colcon_core.package_identification:_identify(ros-lab-2/ros_gz_description) by extension 'ignore_ament_install'
[0.513s] Level 1:colcon.colcon_core.package_identification:_identify(ros-lab-2/ros_gz_description) by extensions ['colcon_pkg']
[0.513s] Level 1:colcon.colcon_core.package_identification:_identify(ros-lab-2/ros_gz_description) by extension 'colcon_pkg'
[0.513s] Level 1:colcon.colcon_core.package_identification:_identify(ros-lab-2/ros_gz_description) by extensions ['colcon_meta']
[0.513s] Level 1:colcon.colcon_core.package_identification:_identify(ros-lab-2/ros_gz_description) by extension 'colcon_meta'
[0.513s] Level 1:colcon.colcon_core.package_identification:_identify(ros-lab-2/ros_gz_description) by extensions ['ros']
[0.513s] Level 1:colcon.colcon_core.package_identification:_identify(ros-lab-2/ros_gz_description) by extension 'ros'
[0.514s] DEBUG:colcon.colcon_core.package_identification:Package 'ros-lab-2/ros_gz_description' with type 'ros.ament_cmake' and name 'ros_gz_description'
[0.514s] Level 1:colcon.colcon_core.package_identification:_identify(ros-lab-2/ros_gz_gazebo) by extensions ['ignore', 'ignore_ament_install']
[0.514s] Level 1:colcon.colcon_core.package_identification:_identify(ros-lab-2/ros_gz_gazebo) by extension 'ignore'
[0.515s] Level 1:colcon.colcon_core.package_identification:_identify(ros-lab-2/ros_gz_gazebo) by extension 'ignore_ament_install'
[0.515s] Level 1:colcon.colcon_core.package_identification:_identify(ros-lab-2/ros_gz_gazebo) by extensions ['colcon_pkg']
[0.515s] Level 1:colcon.colcon_core.package_identification:_identify(ros-lab-2/ros_gz_gazebo) by extension 'colcon_pkg'
[0.515s] Level 1:colcon.colcon_core.package_identification:_identify(ros-lab-2/ros_gz_gazebo) by extensions ['colcon_meta']
[0.515s] Level 1:colcon.colcon_core.package_identification:_identify(ros-lab-2/ros_gz_gazebo) by extension 'colcon_meta'
[0.515s] Level 1:colcon.colcon_core.package_identification:_identify(ros-lab-2/ros_gz_gazebo) by extensions ['ros']
[0.515s] Level 1:colcon.colcon_core.package_identification:_identify(ros-lab-2/ros_gz_gazebo) by extension 'ros'
[0.516s] DEBUG:colcon.colcon_core.package_identification:Package 'ros-lab-2/ros_gz_gazebo' with type 'ros.ament_cmake' and name 'ros_gz_gazebo'
[0.516s] Level 1:colcon.colcon_core.package_discovery:discover_packages(recursive) using defaults
[0.516s] Level 1:colcon.colcon_core.package_discovery:discover_packages(ignore) discover
[0.516s] Level 1:colcon.colcon_core.package_discovery:discover_packages(ignore) using defaults
[0.516s] Level 1:colcon.colcon_core.package_discovery:discover_packages(path) discover
[0.516s] Level 1:colcon.colcon_core.package_discovery:discover_packages(path) using defaults
[0.563s] Level 1:colcon.colcon_core.package_discovery:discover_packages(prefix_path) check parameters
[0.563s] Level 1:colcon.colcon_core.package_discovery:discover_packages(prefix_path) discover
[0.568s] DEBUG:colcon.colcon_installed_package_information.package_discovery:Found 317 installed packages in /opt/ros/jazzy
[0.569s] Level 1:colcon.colcon_core.package_discovery:discover_packages(prefix_path) using defaults
[0.592s] Level 5:colcon.colcon_core.verb:set package 'py_pubsub' build argument 'cmake_args' from command line to '['-DBUILD_TESTING=ON']'
[0.592s] Level 5:colcon.colcon_core.verb:set package 'py_pubsub' build argument 'cmake_target' from command line to 'None'
[0.592s] Level 5:colcon.colcon_core.verb:set package 'py_pubsub' build argument 'cmake_target_skip_unavailable' from command line to 'False'
[0.592s] Level 5:colcon.colcon_core.verb:set package 'py_pubsub' build argument 'cmake_clean_cache' from command line to 'False'
[0.592s] Level 5:colcon.colcon_core.verb:set package 'py_pubsub' build argument 'cmake_clean_first' from command line to 'False'
[0.592s] Level 5:colcon.colcon_core.verb:set package 'py_pubsub' build argument 'cmake_force_configure' from command line to 'False'
[0.592s] Level 5:colcon.colcon_core.verb:set package 'py_pubsub' build argument 'ament_cmake_args' from command line to 'None'
[0.592s] Level 5:colcon.colcon_core.verb:set package 'py_pubsub' build argument 'catkin_cmake_args' from command line to 'None'
[0.592s] Level 5:colcon.colcon_core.verb:set package 'py_pubsub' build argument 'catkin_skip_building_tests' from command line to 'False'
[0.592s] DEBUG:colcon.colcon_core.verb:Building package 'py_pubsub' with the following arguments: {'ament_cmake_args': None, 'build_base': '/home/barenbo/Desktop/Code/robot/lab2/build/py_pubsub', 'catkin_cmake_args': None, 'catkin_skip_building_tests': False, 'cmake_args': ['-DBUILD_TESTING=ON'], 'cmake_clean_cache': False, 'cmake_clean_first': False, 'cmake_force_configure': False, 'cmake_target': None, 'cmake_target_skip_unavailable': False, 'install_base': '/home/barenbo/Desktop/Code/robot/lab2/install/py_pubsub', 'merge_install': False, 'path': '/home/barenbo/Desktop/Code/robot/lab2/py_pubsub', 'symlink_install': False, 'test_result_base': None}
[0.592s] Level 5:colcon.colcon_core.verb:set package 'ros_gz_app' build argument 'cmake_args' from command line to '['-DBUILD_TESTING=ON']'
[0.592s] Level 5:colcon.colcon_core.verb:set package 'ros_gz_app' build argument 'cmake_target' from command line to 'None'
[0.592s] Level 5:colcon.colcon_core.verb:set package 'ros_gz_app' build argument 'cmake_target_skip_unavailable' from command line to 'False'
[0.592s] Level 5:colcon.colcon_core.verb:set package 'ros_gz_app' build argument 'cmake_clean_cache' from command line to 'False'
[0.592s] Level 5:colcon.colcon_core.verb:set package 'ros_gz_app' build argument 'cmake_clean_first' from command line to 'False'
[0.592s] Level 5:colcon.colcon_core.verb:set package 'ros_gz_app' build argument 'cmake_force_configure' from command line to 'False'
[0.592s] Level 5:colcon.colcon_core.verb:set package 'ros_gz_app' build argument 'ament_cmake_args' from command line to 'None'
[0.592s] Level 5:colcon.colcon_core.verb:set package 'ros_gz_app' build argument 'catkin_cmake_args' from command line to 'None'
[0.592s] Level 5:colcon.colcon_core.verb:set package 'ros_gz_app' build argument 'catkin_skip_building_tests' from command line to 'False'
[0.592s] DEBUG:colcon.colcon_core.verb:Building package 'ros_gz_app' with the following arguments: {'ament_cmake_args': None, 'build_base': '/home/barenbo/Desktop/Code/robot/lab2/build/ros_gz_app', 'catkin_cmake_args': None, 'catkin_skip_building_tests': False, 'cmake_args': ['-DBUILD_TESTING=ON'], 'cmake_clean_cache': False, 'cmake_clean_first': False, 'cmake_force_configure': False, 'cmake_target': None, 'cmake_target_skip_unavailable': False, 'install_base': '/home/barenbo/Desktop/Code/robot/lab2/install/ros_gz_app', 'merge_install': False, 'path': '/home/barenbo/Desktop/Code/robot/lab2/ros-lab-2/ros_gz_app', 'symlink_install': False, 'test_result_base': None}
[0.592s] Level 5:colcon.colcon_core.verb:set package 'ros_gz_description' build argument 'cmake_args' from command line to '['-DBUILD_TESTING=ON']'
[0.592s] Level 5:colcon.colcon_core.verb:set package 'ros_gz_description' build argument 'cmake_target' from command line to 'None'
[0.592s] Level 5:colcon.colcon_core.verb:set package 'ros_gz_description' build argument 'cmake_target_skip_unavailable' from command line to 'False'
[0.592s] Level 5:colcon.colcon_core.verb:set package 'ros_gz_description' build argument 'cmake_clean_cache' from command line to 'False'
[0.592s] Level 5:colcon.colcon_core.verb:set package 'ros_gz_description' build argument 'cmake_clean_first' from command line to 'False'
[0.592s] Level 5:colcon.colcon_core.verb:set package 'ros_gz_description' build argument 'cmake_force_configure' from command line to 'False'
[0.592s] Level 5:colcon.colcon_core.verb:set package 'ros_gz_description' build argument 'ament_cmake_args' from command line to 'None'
[0.592s] Level 5:colcon.colcon_core.verb:set package 'ros_gz_description' build argument 'catkin_cmake_args' from command line to 'None'
[0.592s] Level 5:colcon.colcon_core.verb:set package 'ros_gz_description' build argument 'catkin_skip_building_tests' from command line to 'False'
[0.592s] DEBUG:colcon.colcon_core.verb:Building package 'ros_gz_description' with the following arguments: {'ament_cmake_args': None, 'build_base': '/home/barenbo/Desktop/Code/robot/lab2/build/ros_gz_description', 'catkin_cmake_args': None, 'catkin_skip_building_tests': False, 'cmake_args': ['-DBUILD_TESTING=ON'], 'cmake_clean_cache': False, 'cmake_clean_first': False, 'cmake_force_configure': False, 'cmake_target': None, 'cmake_target_skip_unavailable': False, 'install_base': '/home/barenbo/Desktop/Code/robot/lab2/install/ros_gz_description', 'merge_install': False, 'path': '/home/barenbo/Desktop/Code/robot/lab2/ros-lab-2/ros_gz_description', 'symlink_install': False, 'test_result_base': None}
[0.592s] Level 5:colcon.colcon_core.verb:set package 'ros_gz_gazebo' build argument 'cmake_args' from command line to '['-DBUILD_TESTING=ON']'
[0.592s] Level 5:colcon.colcon_core.verb:set package 'ros_gz_gazebo' build argument 'cmake_target' from command line to 'None'
[0.592s] Level 5:colcon.colcon_core.verb:set package 'ros_gz_gazebo' build argument 'cmake_target_skip_unavailable' from command line to 'False'
[0.592s] Level 5:colcon.colcon_core.verb:set package 'ros_gz_gazebo' build argument 'cmake_clean_cache' from command line to 'False'
[0.592s] Level 5:colcon.colcon_core.verb:set package 'ros_gz_gazebo' build argument 'cmake_clean_first' from command line to 'False'
[0.592s] Level 5:colcon.colcon_core.verb:set package 'ros_gz_gazebo' build argument 'cmake_force_configure' from command line to 'False'
[0.592s] Level 5:colcon.colcon_core.verb:set package 'ros_gz_gazebo' build argument 'ament_cmake_args' from command line to 'None'
[0.592s] Level 5:colcon.colcon_core.verb:set package 'ros_gz_gazebo' build argument 'catkin_cmake_args' from command line to 'None'
[0.592s] Level 5:colcon.colcon_core.verb:set package 'ros_gz_gazebo' build argument 'catkin_skip_building_tests' from command line to 'False'
[0.592s] DEBUG:colcon.colcon_core.verb:Building package 'ros_gz_gazebo' with the following arguments: {'ament_cmake_args': None, 'build_base': '/home/barenbo/Desktop/Code/robot/lab2/build/ros_gz_gazebo', 'catkin_cmake_args': None, 'catkin_skip_building_tests': False, 'cmake_args': ['-DBUILD_TESTING=ON'], 'cmake_clean_cache': False, 'cmake_clean_first': False, 'cmake_force_configure': False, 'cmake_target': None, 'cmake_target_skip_unavailable': False, 'install_base': '/home/barenbo/Desktop/Code/robot/lab2/install/ros_gz_gazebo', 'merge_install': False, 'path': '/home/barenbo/Desktop/Code/robot/lab2/ros-lab-2/ros_gz_gazebo', 'symlink_install': False, 'test_result_base': None}
[0.593s] Level 5:colcon.colcon_core.verb:set package 'ros_gz_bringup' build argument 'cmake_args' from command line to '['-DBUILD_TESTING=ON']'
[0.593s] Level 5:colcon.colcon_core.verb:set package 'ros_gz_bringup' build argument 'cmake_target' from command line to 'None'
[0.593s] Level 5:colcon.colcon_core.verb:set package 'ros_gz_bringup' build argument 'cmake_target_skip_unavailable' from command line to 'False'
[0.593s] Level 5:colcon.colcon_core.verb:set package 'ros_gz_bringup' build argument 'cmake_clean_cache' from command line to 'False'
[0.593s] Level 5:colcon.colcon_core.verb:set package 'ros_gz_bringup' build argument 'cmake_clean_first' from command line to 'False'
[0.593s] Level 5:colcon.colcon_core.verb:set package 'ros_gz_bringup' build argument 'cmake_force_configure' from command line to 'False'
[0.593s] Level 5:colcon.colcon_core.verb:set package 'ros_gz_bringup' build argument 'ament_cmake_args' from command line to 'None'
[0.593s] Level 5:colcon.colcon_core.verb:set package 'ros_gz_bringup' build argument 'catkin_cmake_args' from command line to 'None'
[0.593s] Level 5:colcon.colcon_core.verb:set package 'ros_gz_bringup' build argument 'catkin_skip_building_tests' from command line to 'False'
[0.593s] DEBUG:colcon.colcon_core.verb:Building package 'ros_gz_bringup' with the following arguments: {'ament_cmake_args': None, 'build_base': '/home/barenbo/Desktop/Code/robot/lab2/build/ros_gz_bringup', 'catkin_cmake_args': None, 'catkin_skip_building_tests': False, 'cmake_args': ['-DBUILD_TESTING=ON'], 'cmake_clean_cache': False, 'cmake_clean_first': False, 'cmake_force_configure': False, 'cmake_target': None, 'cmake_target_skip_unavailable': False, 'install_base': '/home/barenbo/Desktop/Code/robot/lab2/install/ros_gz_bringup', 'merge_install': False, 'path': '/home/barenbo/Desktop/Code/robot/lab2/ros-lab-2/ros_gz_bringup', 'symlink_install': False, 'test_result_base': None}
[0.593s] INFO:colcon.colcon_core.executor:Executing jobs using 'parallel' executor
[0.594s] DEBUG:colcon.colcon_parallel_executor.executor.parallel:run_until_complete
[0.594s] INFO:colcon.colcon_ros.task.ament_cmake.build:Building ROS package in '/home/barenbo/Desktop/Code/robot/lab2/ros-lab-2/ros_gz_description' with build type 'ament_cmake'
[0.594s] INFO:colcon.colcon_cmake.task.cmake.build:Building CMake package in '/home/barenbo/Desktop/Code/robot/lab2/ros-lab-2/ros_gz_description'
[0.595s] INFO:colcon.colcon_core.plugin_system:Skipping extension 'colcon_core.shell.bat': Not used on non-Windows systems
[0.596s] INFO:colcon.colcon_core.shell:Skip shell extension 'powershell' for command environment: Not usable outside of PowerShell
[0.596s] DEBUG:colcon.colcon_core.shell:Skip shell extension 'dsv' for command environment
[0.603s] INFO:colcon.colcon_ros.task.ament_python.build:Building ROS package in '/home/barenbo/Desktop/Code/robot/lab2/py_pubsub' with build type 'ament_python'
[0.603s] Level 1:colcon.colcon_core.shell:create_environment_hook('py_pubsub', 'ament_prefix_path')
[0.603s] INFO:colcon.colcon_core.shell:Creating environment hook '/home/barenbo/Desktop/Code/robot/lab2/install/py_pubsub/share/py_pubsub/hook/ament_prefix_path.ps1'
[0.607s] INFO:colcon.colcon_core.shell:Creating environment descriptor '/home/barenbo/Desktop/Code/robot/lab2/install/py_pubsub/share/py_pubsub/hook/ament_prefix_path.dsv'
[0.609s] INFO:colcon.colcon_core.shell:Creating environment hook '/home/barenbo/Desktop/Code/robot/lab2/install/py_pubsub/share/py_pubsub/hook/ament_prefix_path.sh'
[0.612s] INFO:colcon.colcon_core.shell:Skip shell extension 'powershell' for command environment: Not usable outside of PowerShell
[0.612s] DEBUG:colcon.colcon_core.shell:Skip shell extension 'dsv' for command environment
[0.617s] INFO:colcon.colcon_ros.task.ament_cmake.build:Building ROS package in '/home/barenbo/Desktop/Code/robot/lab2/ros-lab-2/ros_gz_app' with build type 'ament_cmake'
[0.617s] INFO:colcon.colcon_cmake.task.cmake.build:Building CMake package in '/home/barenbo/Desktop/Code/robot/lab2/ros-lab-2/ros_gz_app'
[0.617s] INFO:colcon.colcon_core.shell:Skip shell extension 'powershell' for command environment: Not usable outside of PowerShell
[0.617s] DEBUG:colcon.colcon_core.shell:Skip shell extension 'dsv' for command environment
[0.641s] DEBUG:colcon.colcon_core.event_handler.log_command:Invoking command in '/home/barenbo/Desktop/Code/robot/lab2/build/ros_gz_description': CMAKE_PREFIX_PATH=${CMAKE_PREFIX_PATH}:/opt/ros/jazzy PS1=<ROS2-Jazzy>[\u@\h \W]$ /usr/bin/cmake /home/barenbo/Desktop/Code/robot/lab2/ros-lab-2/ros_gz_description -DBUILD_TESTING=ON -DCMAKE_INSTALL_PREFIX=/home/barenbo/Desktop/Code/robot/lab2/install/ros_gz_description
[0.789s] INFO:colcon.colcon_core.task.python.build:Building Python package in '/home/barenbo/Desktop/Code/robot/lab2/py_pubsub'
[0.789s] INFO:colcon.colcon_core.shell:Skip shell extension 'powershell' for command environment: Not usable outside of PowerShell
[0.789s] DEBUG:colcon.colcon_core.shell:Skip shell extension 'dsv' for command environment
[0.834s] DEBUG:colcon.colcon_core.event_handler.log_command:Invoking command in '/home/barenbo/Desktop/Code/robot/lab2/build/ros_gz_app': CMAKE_PREFIX_PATH=${CMAKE_PREFIX_PATH}:/opt/ros/jazzy PS1=<ROS2-Jazzy>[\u@\h \W]$ /usr/bin/cmake /home/barenbo/Desktop/Code/robot/lab2/ros-lab-2/ros_gz_app -DBUILD_TESTING=ON -DCMAKE_INSTALL_PREFIX=/home/barenbo/Desktop/Code/robot/lab2/install/ros_gz_app
[1.417s] DEBUG:colcon.colcon_core.event_handler.log_command:Invoking command in '/home/barenbo/Desktop/Code/robot/lab2/py_pubsub': PS1=<ROS2-Jazzy>[\u@\h \W]$ PYTHONPATH=/home/barenbo/Desktop/Code/robot/lab2/build/py_pubsub/prefix_override:/usr/lib/python3/dist-packages/colcon_core/task/python/colcon_distutils_commands:/home/barenbo/Desktop/Code/robot/lab2/install/py_pubsub/lib/python3.12/site-packages:${PYTHONPATH} /usr/bin/python3 -W ignore:setup.py install is deprecated -W ignore:easy_install command is deprecated setup.py egg_info --egg-base ../build/py_pubsub build --build-base /home/barenbo/Desktop/Code/robot/lab2/build/py_pubsub/build install --record /home/barenbo/Desktop/Code/robot/lab2/build/py_pubsub/install.log --single-version-externally-managed install_data
[1.786s] DEBUG:colcon.colcon_core.event_handler.log_command:Invoked command in '/home/barenbo/Desktop/Code/robot/lab2/py_pubsub' returned '0': PS1=<ROS2-Jazzy>[\u@\h \W]$ PYTHONPATH=/home/barenbo/Desktop/Code/robot/lab2/build/py_pubsub/prefix_override:/usr/lib/python3/dist-packages/colcon_core/task/python/colcon_distutils_commands:/home/barenbo/Desktop/Code/robot/lab2/install/py_pubsub/lib/python3.12/site-packages:${PYTHONPATH} /usr/bin/python3 -W ignore:setup.py install is deprecated -W ignore:easy_install command is deprecated setup.py egg_info --egg-base ../build/py_pubsub build --build-base /home/barenbo/Desktop/Code/robot/lab2/build/py_pubsub/build install --record /home/barenbo/Desktop/Code/robot/lab2/build/py_pubsub/install.log --single-version-externally-managed install_data
[1.789s] Level 1:colcon.colcon_core.environment:checking '/home/barenbo/Desktop/Code/robot/lab2/install/py_pubsub' for CMake module files
[1.792s] Level 1:colcon.colcon_core.environment:checking '/home/barenbo/Desktop/Code/robot/lab2/install/py_pubsub' for CMake config files
[1.796s] Level 1:colcon.colcon_core.environment:checking '/home/barenbo/Desktop/Code/robot/lab2/install/py_pubsub/lib'
[1.796s] Level 1:colcon.colcon_core.environment:checking '/home/barenbo/Desktop/Code/robot/lab2/install/py_pubsub/bin'
[1.797s] Level 1:colcon.colcon_core.environment:checking '/home/barenbo/Desktop/Code/robot/lab2/install/py_pubsub/lib/pkgconfig/py_pubsub.pc'
[1.797s] Level 1:colcon.colcon_core.environment:checking '/home/barenbo/Desktop/Code/robot/lab2/install/py_pubsub/lib/python3.12/site-packages'
[1.797s] Level 1:colcon.colcon_core.shell:create_environment_hook('py_pubsub', 'pythonpath')
[1.797s] INFO:colcon.colcon_core.shell:Creating environment hook '/home/barenbo/Desktop/Code/robot/lab2/install/py_pubsub/share/py_pubsub/hook/pythonpath.ps1'
[1.799s] INFO:colcon.colcon_core.shell:Creating environment descriptor '/home/barenbo/Desktop/Code/robot/lab2/install/py_pubsub/share/py_pubsub/hook/pythonpath.dsv'
[1.801s] INFO:colcon.colcon_core.shell:Creating environment hook '/home/barenbo/Desktop/Code/robot/lab2/install/py_pubsub/share/py_pubsub/hook/pythonpath.sh'
[1.803s] Level 1:colcon.colcon_core.environment:checking '/home/barenbo/Desktop/Code/robot/lab2/install/py_pubsub/bin'
[1.803s] Level 1:colcon.colcon_core.environment:create_environment_scripts_only(py_pubsub)
[1.803s] INFO:colcon.colcon_core.shell:Creating package script '/home/barenbo/Desktop/Code/robot/lab2/install/py_pubsub/share/py_pubsub/package.ps1'
[1.807s] INFO:colcon.colcon_core.shell:Creating package descriptor '/home/barenbo/Desktop/Code/robot/lab2/install/py_pubsub/share/py_pubsub/package.dsv'
[1.811s] INFO:colcon.colcon_core.shell:Creating package script '/home/barenbo/Desktop/Code/robot/lab2/install/py_pubsub/share/py_pubsub/package.sh'
[1.814s] INFO:colcon.colcon_core.shell:Creating package script '/home/barenbo/Desktop/Code/robot/lab2/install/py_pubsub/share/py_pubsub/package.bash'
[1.816s] INFO:colcon.colcon_core.shell:Creating package script '/home/barenbo/Desktop/Code/robot/lab2/install/py_pubsub/share/py_pubsub/package.zsh'
[1.819s] Level 1:colcon.colcon_core.environment:create_file_with_runtime_dependencies(/home/barenbo/Desktop/Code/robot/lab2/install/py_pubsub/share/colcon-core/packages/py_pubsub)
[2.810s] DEBUG:colcon.colcon_core.event_handler.log_command:Invoked command in '/home/barenbo/Desktop/Code/robot/lab2/build/ros_gz_app' returned '0': CMAKE_PREFIX_PATH=${CMAKE_PREFIX_PATH}:/opt/ros/jazzy PS1=<ROS2-Jazzy>[\u@\h \W]$ /usr/bin/cmake /home/barenbo/Desktop/Code/robot/lab2/ros-lab-2/ros_gz_app -DBUILD_TESTING=ON -DCMAKE_INSTALL_PREFIX=/home/barenbo/Desktop/Code/robot/lab2/install/ros_gz_app
[2.812s] DEBUG:colcon.colcon_core.event_handler.log_command:Invoking command in '/home/barenbo/Desktop/Code/robot/lab2/build/ros_gz_app': CMAKE_PREFIX_PATH=${CMAKE_PREFIX_PATH}:/opt/ros/jazzy PS1=<ROS2-Jazzy>[\u@\h \W]$ /usr/bin/cmake --build /home/barenbo/Desktop/Code/robot/lab2/build/ros_gz_app -- -j24 -l24
[2.820s] DEBUG:colcon.colcon_core.event_handler.log_command:Invoked command in '/home/barenbo/Desktop/Code/robot/lab2/build/ros_gz_description' returned '0': CMAKE_PREFIX_PATH=${CMAKE_PREFIX_PATH}:/opt/ros/jazzy PS1=<ROS2-Jazzy>[\u@\h \W]$ /usr/bin/cmake /home/barenbo/Desktop/Code/robot/lab2/ros-lab-2/ros_gz_description -DBUILD_TESTING=ON -DCMAKE_INSTALL_PREFIX=/home/barenbo/Desktop/Code/robot/lab2/install/ros_gz_description
[2.822s] DEBUG:colcon.colcon_core.event_handler.log_command:Invoking command in '/home/barenbo/Desktop/Code/robot/lab2/build/ros_gz_description': CMAKE_PREFIX_PATH=${CMAKE_PREFIX_PATH}:/opt/ros/jazzy PS1=<ROS2-Jazzy>[\u@\h \W]$ /usr/bin/cmake --build /home/barenbo/Desktop/Code/robot/lab2/build/ros_gz_description -- -j24 -l24
[2.891s] DEBUG:colcon.colcon_core.event_handler.log_command:Invoked command in '/home/barenbo/Desktop/Code/robot/lab2/build/ros_gz_app' returned '0': CMAKE_PREFIX_PATH=${CMAKE_PREFIX_PATH}:/opt/ros/jazzy PS1=<ROS2-Jazzy>[\u@\h \W]$ /usr/bin/cmake --build /home/barenbo/Desktop/Code/robot/lab2/build/ros_gz_app -- -j24 -l24
[2.920s] DEBUG:colcon.colcon_core.event_handler.log_command:Invoking command in '/home/barenbo/Desktop/Code/robot/lab2/build/ros_gz_app': CMAKE_PREFIX_PATH=${CMAKE_PREFIX_PATH}:/opt/ros/jazzy PS1=<ROS2-Jazzy>[\u@\h \W]$ /usr/bin/cmake --install /home/barenbo/Desktop/Code/robot/lab2/build/ros_gz_app
[2.922s] DEBUG:colcon.colcon_core.event_handler.log_command:Invoked command in '/home/barenbo/Desktop/Code/robot/lab2/build/ros_gz_description' returned '0': CMAKE_PREFIX_PATH=${CMAKE_PREFIX_PATH}:/opt/ros/jazzy PS1=<ROS2-Jazzy>[\u@\h \W]$ /usr/bin/cmake --build /home/barenbo/Desktop/Code/robot/lab2/build/ros_gz_description -- -j24 -l24
[2.925s] DEBUG:colcon.colcon_core.event_handler.log_command:Invoking command in '/home/barenbo/Desktop/Code/robot/lab2/build/ros_gz_description': CMAKE_PREFIX_PATH=${CMAKE_PREFIX_PATH}:/opt/ros/jazzy PS1=<ROS2-Jazzy>[\u@\h \W]$ /usr/bin/cmake --install /home/barenbo/Desktop/Code/robot/lab2/build/ros_gz_description
[3.042s] Level 1:colcon.colcon_core.environment:create_environment_scripts_only(ros_gz_app)
[3.043s] DEBUG:colcon.colcon_core.event_handler.log_command:Invoked command in '/home/barenbo/Desktop/Code/robot/lab2/build/ros_gz_app' returned '0': CMAKE_PREFIX_PATH=${CMAKE_PREFIX_PATH}:/opt/ros/jazzy PS1=<ROS2-Jazzy>[\u@\h \W]$ /usr/bin/cmake --install /home/barenbo/Desktop/Code/robot/lab2/build/ros_gz_app
[3.043s] Level 1:colcon.colcon_core.environment:checking '/home/barenbo/Desktop/Code/robot/lab2/install/ros_gz_app' for CMake module files
[3.047s] Level 1:colcon.colcon_core.environment:checking '/home/barenbo/Desktop/Code/robot/lab2/install/ros_gz_app' for CMake config files
[3.049s] Level 1:colcon.colcon_core.shell:create_environment_hook('ros_gz_app', 'cmake_prefix_path')
[3.050s] INFO:colcon.colcon_core.shell:Creating environment hook '/home/barenbo/Desktop/Code/robot/lab2/install/ros_gz_app/share/ros_gz_app/hook/cmake_prefix_path.ps1'
[3.053s] INFO:colcon.colcon_core.shell:Creating environment descriptor '/home/barenbo/Desktop/Code/robot/lab2/install/ros_gz_app/share/ros_gz_app/hook/cmake_prefix_path.dsv'
[3.055s] INFO:colcon.colcon_core.shell:Creating environment hook '/home/barenbo/Desktop/Code/robot/lab2/install/ros_gz_app/share/ros_gz_app/hook/cmake_prefix_path.sh'
[3.059s] Level 1:colcon.colcon_core.environment:checking '/home/barenbo/Desktop/Code/robot/lab2/install/ros_gz_app/bin'
[3.060s] Level 1:colcon.colcon_core.environment:checking '/home/barenbo/Desktop/Code/robot/lab2/install/ros_gz_app/lib/pkgconfig/ros_gz_app.pc'
[3.060s] Level 1:colcon.colcon_core.environment:checking '/home/barenbo/Desktop/Code/robot/lab2/install/ros_gz_app/lib/python3.12/site-packages'
[3.060s] Level 1:colcon.colcon_core.environment:checking '/home/barenbo/Desktop/Code/robot/lab2/install/ros_gz_app/bin'
[3.061s] INFO:colcon.colcon_core.shell:Creating package script '/home/barenbo/Desktop/Code/robot/lab2/install/ros_gz_app/share/ros_gz_app/package.ps1'
[3.064s] INFO:colcon.colcon_core.shell:Creating package descriptor '/home/barenbo/Desktop/Code/robot/lab2/install/ros_gz_app/share/ros_gz_app/package.dsv'
[3.066s] INFO:colcon.colcon_core.shell:Creating package script '/home/barenbo/Desktop/Code/robot/lab2/install/ros_gz_app/share/ros_gz_app/package.sh'
[3.069s] INFO:colcon.colcon_core.shell:Creating package script '/home/barenbo/Desktop/Code/robot/lab2/install/ros_gz_app/share/ros_gz_app/package.bash'
[3.071s] INFO:colcon.colcon_core.shell:Creating package script '/home/barenbo/Desktop/Code/robot/lab2/install/ros_gz_app/share/ros_gz_app/package.zsh'
[3.074s] Level 1:colcon.colcon_core.environment:create_file_with_runtime_dependencies(/home/barenbo/Desktop/Code/robot/lab2/install/ros_gz_app/share/colcon-core/packages/ros_gz_app)
[3.078s] Level 1:colcon.colcon_core.environment:create_environment_scripts_only(ros_gz_app)
[3.079s] Level 1:colcon.colcon_core.environment:checking '/home/barenbo/Desktop/Code/robot/lab2/install/ros_gz_app' for CMake module files
[3.081s] Level 1:colcon.colcon_core.environment:checking '/home/barenbo/Desktop/Code/robot/lab2/install/ros_gz_app' for CMake config files
[3.082s] Level 1:colcon.colcon_core.shell:create_environment_hook('ros_gz_app', 'cmake_prefix_path')
[3.083s] INFO:colcon.colcon_core.shell:Creating environment hook '/home/barenbo/Desktop/Code/robot/lab2/install/ros_gz_app/share/ros_gz_app/hook/cmake_prefix_path.ps1'
[3.086s] INFO:colcon.colcon_core.shell:Creating environment descriptor '/home/barenbo/Desktop/Code/robot/lab2/install/ros_gz_app/share/ros_gz_app/hook/cmake_prefix_path.dsv'
[3.088s] INFO:colcon.colcon_core.shell:Creating environment hook '/home/barenbo/Desktop/Code/robot/lab2/install/ros_gz_app/share/ros_gz_app/hook/cmake_prefix_path.sh'
[3.092s] Level 1:colcon.colcon_core.environment:checking '/home/barenbo/Desktop/Code/robot/lab2/install/ros_gz_app/bin'
[3.092s] Level 1:colcon.colcon_core.environment:checking '/home/barenbo/Desktop/Code/robot/lab2/install/ros_gz_app/lib/pkgconfig/ros_gz_app.pc'
[3.092s] Level 1:colcon.colcon_core.environment:checking '/home/barenbo/Desktop/Code/robot/lab2/install/ros_gz_app/lib/python3.12/site-packages'
[3.092s] Level 1:colcon.colcon_core.environment:checking '/home/barenbo/Desktop/Code/robot/lab2/install/ros_gz_app/bin'
[3.093s] INFO:colcon.colcon_core.shell:Creating package script '/home/barenbo/Desktop/Code/robot/lab2/install/ros_gz_app/share/ros_gz_app/package.ps1'
[3.096s] INFO:colcon.colcon_core.shell:Creating package descriptor '/home/barenbo/Desktop/Code/robot/lab2/install/ros_gz_app/share/ros_gz_app/package.dsv'
[3.099s] INFO:colcon.colcon_core.shell:Creating package script '/home/barenbo/Desktop/Code/robot/lab2/install/ros_gz_app/share/ros_gz_app/package.sh'
[3.102s] INFO:colcon.colcon_core.shell:Creating package script '/home/barenbo/Desktop/Code/robot/lab2/install/ros_gz_app/share/ros_gz_app/package.bash'
[3.105s] INFO:colcon.colcon_core.shell:Creating package script '/home/barenbo/Desktop/Code/robot/lab2/install/ros_gz_app/share/ros_gz_app/package.zsh'
[3.107s] Level 1:colcon.colcon_core.environment:create_file_with_runtime_dependencies(/home/barenbo/Desktop/Code/robot/lab2/install/ros_gz_app/share/colcon-core/packages/ros_gz_app)
[3.109s] Level 1:colcon.colcon_core.environment:create_environment_scripts_only(ros_gz_description)
[3.109s] Level 1:colcon.colcon_core.environment:checking '/home/barenbo/Desktop/Code/robot/lab2/install/ros_gz_description' for CMake module files
[3.113s] Level 1:colcon.colcon_core.environment:checking '/home/barenbo/Desktop/Code/robot/lab2/install/ros_gz_description' for CMake config files
[3.115s] DEBUG:colcon.colcon_core.event_handler.log_command:Invoked command in '/home/barenbo/Desktop/Code/robot/lab2/build/ros_gz_description' returned '0': CMAKE_PREFIX_PATH=${CMAKE_PREFIX_PATH}:/opt/ros/jazzy PS1=<ROS2-Jazzy>[\u@\h \W]$ /usr/bin/cmake --install /home/barenbo/Desktop/Code/robot/lab2/build/ros_gz_description
[3.117s] Level 1:colcon.colcon_core.shell:create_environment_hook('ros_gz_description', 'cmake_prefix_path')
[3.118s] INFO:colcon.colcon_core.shell:Creating environment hook '/home/barenbo/Desktop/Code/robot/lab2/install/ros_gz_description/share/ros_gz_description/hook/cmake_prefix_path.ps1'
[3.121s] INFO:colcon.colcon_core.shell:Creating environment descriptor '/home/barenbo/Desktop/Code/robot/lab2/install/ros_gz_description/share/ros_gz_description/hook/cmake_prefix_path.dsv'
[3.124s] INFO:colcon.colcon_core.shell:Creating environment hook '/home/barenbo/Desktop/Code/robot/lab2/install/ros_gz_description/share/ros_gz_description/hook/cmake_prefix_path.sh'
[3.127s] Level 1:colcon.colcon_core.environment:checking '/home/barenbo/Desktop/Code/robot/lab2/install/ros_gz_description/bin'
[3.128s] Level 1:colcon.colcon_core.environment:checking '/home/barenbo/Desktop/Code/robot/lab2/install/ros_gz_description/lib/pkgconfig/ros_gz_description.pc'
[3.128s] Level 1:colcon.colcon_core.environment:checking '/home/barenbo/Desktop/Code/robot/lab2/install/ros_gz_description/lib/python3.12/site-packages'
[3.128s] Level 1:colcon.colcon_core.environment:checking '/home/barenbo/Desktop/Code/robot/lab2/install/ros_gz_description/bin'
[3.129s] INFO:colcon.colcon_core.shell:Creating package script '/home/barenbo/Desktop/Code/robot/lab2/install/ros_gz_description/share/ros_gz_description/package.ps1'
[3.132s] INFO:colcon.colcon_core.shell:Creating package descriptor '/home/barenbo/Desktop/Code/robot/lab2/install/ros_gz_description/share/ros_gz_description/package.dsv'
[3.134s] INFO:colcon.colcon_core.shell:Creating package script '/home/barenbo/Desktop/Code/robot/lab2/install/ros_gz_description/share/ros_gz_description/package.sh'
[3.136s] INFO:colcon.colcon_core.shell:Creating package script '/home/barenbo/Desktop/Code/robot/lab2/install/ros_gz_description/share/ros_gz_description/package.bash'
[3.139s] INFO:colcon.colcon_core.shell:Creating package script '/home/barenbo/Desktop/Code/robot/lab2/install/ros_gz_description/share/ros_gz_description/package.zsh'
[3.141s] Level 1:colcon.colcon_core.environment:create_file_with_runtime_dependencies(/home/barenbo/Desktop/Code/robot/lab2/install/ros_gz_description/share/colcon-core/packages/ros_gz_description)
[3.146s] Level 1:colcon.colcon_core.environment:create_environment_scripts_only(ros_gz_description)
[3.146s] Level 1:colcon.colcon_core.environment:checking '/home/barenbo/Desktop/Code/robot/lab2/install/ros_gz_description' for CMake module files
[3.148s] Level 1:colcon.colcon_core.environment:checking '/home/barenbo/Desktop/Code/robot/lab2/install/ros_gz_description' for CMake config files
[3.152s] Level 1:colcon.colcon_core.shell:create_environment_hook('ros_gz_description', 'cmake_prefix_path')
[3.153s] INFO:colcon.colcon_core.shell:Creating environment hook '/home/barenbo/Desktop/Code/robot/lab2/install/ros_gz_description/share/ros_gz_description/hook/cmake_prefix_path.ps1'
[3.155s] INFO:colcon.colcon_core.shell:Creating environment descriptor '/home/barenbo/Desktop/Code/robot/lab2/install/ros_gz_description/share/ros_gz_description/hook/cmake_prefix_path.dsv'
[3.158s] INFO:colcon.colcon_core.shell:Creating environment hook '/home/barenbo/Desktop/Code/robot/lab2/install/ros_gz_description/share/ros_gz_description/hook/cmake_prefix_path.sh'
[3.160s] Level 1:colcon.colcon_core.environment:checking '/home/barenbo/Desktop/Code/robot/lab2/install/ros_gz_description/bin'
[3.161s] Level 1:colcon.colcon_core.environment:checking '/home/barenbo/Desktop/Code/robot/lab2/install/ros_gz_description/lib/pkgconfig/ros_gz_description.pc'
[3.161s] Level 1:colcon.colcon_core.environment:checking '/home/barenbo/Desktop/Code/robot/lab2/install/ros_gz_description/lib/python3.12/site-packages'
[3.161s] Level 1:colcon.colcon_core.environment:checking '/home/barenbo/Desktop/Code/robot/lab2/install/ros_gz_description/bin'
[3.162s] INFO:colcon.colcon_core.shell:Creating package script '/home/barenbo/Desktop/Code/robot/lab2/install/ros_gz_description/share/ros_gz_description/package.ps1'
[3.165s] INFO:colcon.colcon_core.shell:Creating package descriptor '/home/barenbo/Desktop/Code/robot/lab2/install/ros_gz_description/share/ros_gz_description/package.dsv'
[3.167s] INFO:colcon.colcon_core.shell:Creating package script '/home/barenbo/Desktop/Code/robot/lab2/install/ros_gz_description/share/ros_gz_description/package.sh'
[3.170s] INFO:colcon.colcon_core.shell:Creating package script '/home/barenbo/Desktop/Code/robot/lab2/install/ros_gz_description/share/ros_gz_description/package.bash'
[3.173s] INFO:colcon.colcon_core.shell:Creating package script '/home/barenbo/Desktop/Code/robot/lab2/install/ros_gz_description/share/ros_gz_description/package.zsh'
[3.175s] Level 1:colcon.colcon_core.environment:create_file_with_runtime_dependencies(/home/barenbo/Desktop/Code/robot/lab2/install/ros_gz_description/share/colcon-core/packages/ros_gz_description)
[3.176s] INFO:colcon.colcon_ros.task.ament_cmake.build:Building ROS package in '/home/barenbo/Desktop/Code/robot/lab2/ros-lab-2/ros_gz_gazebo' with build type 'ament_cmake'
[3.176s] INFO:colcon.colcon_cmake.task.cmake.build:Building CMake package in '/home/barenbo/Desktop/Code/robot/lab2/ros-lab-2/ros_gz_gazebo'
[3.177s] INFO:colcon.colcon_core.shell:Skip shell extension 'powershell' for command environment: Not usable outside of PowerShell
[3.177s] DEBUG:colcon.colcon_core.shell:Skip shell extension 'dsv' for command environment
[3.212s] DEBUG:colcon.colcon_core.event_handler.log_command:Invoking command in '/home/barenbo/Desktop/Code/robot/lab2/build/ros_gz_gazebo': CMAKE_PREFIX_PATH=/home/barenbo/Desktop/Code/robot/lab2/install/ros_gz_description:/opt/ros/jazzy/opt/gz_sim_vendor:/opt/ros/jazzy/opt/gz_sensors_vendor:/opt/ros/jazzy/opt/gz_physics_vendor:/opt/ros/jazzy/opt/sdformat_vendor:/opt/ros/jazzy/opt/gz_gui_vendor:/opt/ros/jazzy/opt/gz_transport_vendor:/opt/ros/jazzy/opt/gz_rendering_vendor:/opt/ros/jazzy/opt/gz_plugin_vendor:/opt/ros/jazzy/opt/gz_fuel_tools_vendor:/opt/ros/jazzy/opt/gz_msgs_vendor:/opt/ros/jazzy/opt/gz_common_vendor:/opt/ros/jazzy/opt/gz_math_vendor:/opt/ros/jazzy/opt/gz_utils_vendor:/opt/ros/jazzy/opt/gz_tools_vendor:/opt/ros/jazzy/opt/gz_ogre_next_vendor:/opt/ros/jazzy/opt/gz_dartsim_vendor:/opt/ros/jazzy/opt/gz_cmake_vendor:/opt/ros/jazzy PS1=<ROS2-Jazzy>[\u@\h \W]$ /usr/bin/cmake /home/barenbo/Desktop/Code/robot/lab2/ros-lab-2/ros_gz_gazebo -DBUILD_TESTING=ON -DCMAKE_INSTALL_PREFIX=/home/barenbo/Desktop/Code/robot/lab2/install/ros_gz_gazebo
[8.539s] DEBUG:colcon.colcon_core.event_handler.log_command:Invoked command in '/home/barenbo/Desktop/Code/robot/lab2/build/ros_gz_gazebo' returned '0': CMAKE_PREFIX_PATH=/home/barenbo/Desktop/Code/robot/lab2/install/ros_gz_description:/opt/ros/jazzy/opt/gz_sim_vendor:/opt/ros/jazzy/opt/gz_sensors_vendor:/opt/ros/jazzy/opt/gz_physics_vendor:/opt/ros/jazzy/opt/sdformat_vendor:/opt/ros/jazzy/opt/gz_gui_vendor:/opt/ros/jazzy/opt/gz_transport_vendor:/opt/ros/jazzy/opt/gz_rendering_vendor:/opt/ros/jazzy/opt/gz_plugin_vendor:/opt/ros/jazzy/opt/gz_fuel_tools_vendor:/opt/ros/jazzy/opt/gz_msgs_vendor:/opt/ros/jazzy/opt/gz_common_vendor:/opt/ros/jazzy/opt/gz_math_vendor:/opt/ros/jazzy/opt/gz_utils_vendor:/opt/ros/jazzy/opt/gz_tools_vendor:/opt/ros/jazzy/opt/gz_ogre_next_vendor:/opt/ros/jazzy/opt/gz_dartsim_vendor:/opt/ros/jazzy/opt/gz_cmake_vendor:/opt/ros/jazzy PS1=<ROS2-Jazzy>[\u@\h \W]$ /usr/bin/cmake /home/barenbo/Desktop/Code/robot/lab2/ros-lab-2/ros_gz_gazebo -DBUILD_TESTING=ON -DCMAKE_INSTALL_PREFIX=/home/barenbo/Desktop/Code/robot/lab2/install/ros_gz_gazebo
[8.541s] DEBUG:colcon.colcon_core.event_handler.log_command:Invoking command in '/home/barenbo/Desktop/Code/robot/lab2/build/ros_gz_gazebo': CMAKE_PREFIX_PATH=/home/barenbo/Desktop/Code/robot/lab2/install/ros_gz_description:/opt/ros/jazzy/opt/gz_sim_vendor:/opt/ros/jazzy/opt/gz_sensors_vendor:/opt/ros/jazzy/opt/gz_physics_vendor:/opt/ros/jazzy/opt/sdformat_vendor:/opt/ros/jazzy/opt/gz_gui_vendor:/opt/ros/jazzy/opt/gz_transport_vendor:/opt/ros/jazzy/opt/gz_rendering_vendor:/opt/ros/jazzy/opt/gz_plugin_vendor:/opt/ros/jazzy/opt/gz_fuel_tools_vendor:/opt/ros/jazzy/opt/gz_msgs_vendor:/opt/ros/jazzy/opt/gz_common_vendor:/opt/ros/jazzy/opt/gz_math_vendor:/opt/ros/jazzy/opt/gz_utils_vendor:/opt/ros/jazzy/opt/gz_tools_vendor:/opt/ros/jazzy/opt/gz_ogre_next_vendor:/opt/ros/jazzy/opt/gz_dartsim_vendor:/opt/ros/jazzy/opt/gz_cmake_vendor:/opt/ros/jazzy PS1=<ROS2-Jazzy>[\u@\h \W]$ /usr/bin/cmake --build /home/barenbo/Desktop/Code/robot/lab2/build/ros_gz_gazebo -- -j24 -l24
[10.473s] DEBUG:colcon.colcon_core.event_handler.log_command:Invoked command in '/home/barenbo/Desktop/Code/robot/lab2/build/ros_gz_gazebo' returned '0': CMAKE_PREFIX_PATH=/home/barenbo/Desktop/Code/robot/lab2/install/ros_gz_description:/opt/ros/jazzy/opt/gz_sim_vendor:/opt/ros/jazzy/opt/gz_sensors_vendor:/opt/ros/jazzy/opt/gz_physics_vendor:/opt/ros/jazzy/opt/sdformat_vendor:/opt/ros/jazzy/opt/gz_gui_vendor:/opt/ros/jazzy/opt/gz_transport_vendor:/opt/ros/jazzy/opt/gz_rendering_vendor:/opt/ros/jazzy/opt/gz_plugin_vendor:/opt/ros/jazzy/opt/gz_fuel_tools_vendor:/opt/ros/jazzy/opt/gz_msgs_vendor:/opt/ros/jazzy/opt/gz_common_vendor:/opt/ros/jazzy/opt/gz_math_vendor:/opt/ros/jazzy/opt/gz_utils_vendor:/opt/ros/jazzy/opt/gz_tools_vendor:/opt/ros/jazzy/opt/gz_ogre_next_vendor:/opt/ros/jazzy/opt/gz_dartsim_vendor:/opt/ros/jazzy/opt/gz_cmake_vendor:/opt/ros/jazzy PS1=<ROS2-Jazzy>[\u@\h \W]$ /usr/bin/cmake --build /home/barenbo/Desktop/Code/robot/lab2/build/ros_gz_gazebo -- -j24 -l24
[10.477s] DEBUG:colcon.colcon_core.event_handler.log_command:Invoking command in '/home/barenbo/Desktop/Code/robot/lab2/build/ros_gz_gazebo': CMAKE_PREFIX_PATH=/home/barenbo/Desktop/Code/robot/lab2/install/ros_gz_description:/opt/ros/jazzy/opt/gz_sim_vendor:/opt/ros/jazzy/opt/gz_sensors_vendor:/opt/ros/jazzy/opt/gz_physics_vendor:/opt/ros/jazzy/opt/sdformat_vendor:/opt/ros/jazzy/opt/gz_gui_vendor:/opt/ros/jazzy/opt/gz_transport_vendor:/opt/ros/jazzy/opt/gz_rendering_vendor:/opt/ros/jazzy/opt/gz_plugin_vendor:/opt/ros/jazzy/opt/gz_fuel_tools_vendor:/opt/ros/jazzy/opt/gz_msgs_vendor:/opt/ros/jazzy/opt/gz_common_vendor:/opt/ros/jazzy/opt/gz_math_vendor:/opt/ros/jazzy/opt/gz_utils_vendor:/opt/ros/jazzy/opt/gz_tools_vendor:/opt/ros/jazzy/opt/gz_ogre_next_vendor:/opt/ros/jazzy/opt/gz_dartsim_vendor:/opt/ros/jazzy/opt/gz_cmake_vendor:/opt/ros/jazzy PS1=<ROS2-Jazzy>[\u@\h \W]$ /usr/bin/cmake --install /home/barenbo/Desktop/Code/robot/lab2/build/ros_gz_gazebo
[10.713s] Level 1:colcon.colcon_core.environment:create_environment_scripts_only(ros_gz_gazebo)
[10.714s] Level 1:colcon.colcon_core.environment:checking '/home/barenbo/Desktop/Code/robot/lab2/install/ros_gz_gazebo' for CMake module files
[10.714s] DEBUG:colcon.colcon_core.event_handler.log_command:Invoked command in '/home/barenbo/Desktop/Code/robot/lab2/build/ros_gz_gazebo' returned '0': CMAKE_PREFIX_PATH=/home/barenbo/Desktop/Code/robot/lab2/install/ros_gz_description:/opt/ros/jazzy/opt/gz_sim_vendor:/opt/ros/jazzy/opt/gz_sensors_vendor:/opt/ros/jazzy/opt/gz_physics_vendor:/opt/ros/jazzy/opt/sdformat_vendor:/opt/ros/jazzy/opt/gz_gui_vendor:/opt/ros/jazzy/opt/gz_transport_vendor:/opt/ros/jazzy/opt/gz_rendering_vendor:/opt/ros/jazzy/opt/gz_plugin_vendor:/opt/ros/jazzy/opt/gz_fuel_tools_vendor:/opt/ros/jazzy/opt/gz_msgs_vendor:/opt/ros/jazzy/opt/gz_common_vendor:/opt/ros/jazzy/opt/gz_math_vendor:/opt/ros/jazzy/opt/gz_utils_vendor:/opt/ros/jazzy/opt/gz_tools_vendor:/opt/ros/jazzy/opt/gz_ogre_next_vendor:/opt/ros/jazzy/opt/gz_dartsim_vendor:/opt/ros/jazzy/opt/gz_cmake_vendor:/opt/ros/jazzy PS1=<ROS2-Jazzy>[\u@\h \W]$ /usr/bin/cmake --install /home/barenbo/Desktop/Code/robot/lab2/build/ros_gz_gazebo
[10.720s] Level 1:colcon.colcon_core.environment:checking '/home/barenbo/Desktop/Code/robot/lab2/install/ros_gz_gazebo' for CMake config files
[10.726s] Level 1:colcon.colcon_core.shell:create_environment_hook('ros_gz_gazebo', 'cmake_prefix_path')
[10.727s] INFO:colcon.colcon_core.shell:Creating environment hook '/home/barenbo/Desktop/Code/robot/lab2/install/ros_gz_gazebo/share/ros_gz_gazebo/hook/cmake_prefix_path.ps1'
[10.730s] INFO:colcon.colcon_core.shell:Creating environment descriptor '/home/barenbo/Desktop/Code/robot/lab2/install/ros_gz_gazebo/share/ros_gz_gazebo/hook/cmake_prefix_path.dsv'
[10.733s] INFO:colcon.colcon_core.shell:Creating environment hook '/home/barenbo/Desktop/Code/robot/lab2/install/ros_gz_gazebo/share/ros_gz_gazebo/hook/cmake_prefix_path.sh'
[10.737s] Level 1:colcon.colcon_core.environment:checking '/home/barenbo/Desktop/Code/robot/lab2/install/ros_gz_gazebo/lib'
[10.738s] Level 1:colcon.colcon_core.environment:checking '/home/barenbo/Desktop/Code/robot/lab2/install/ros_gz_gazebo/bin'
[10.738s] Level 1:colcon.colcon_core.environment:checking '/home/barenbo/Desktop/Code/robot/lab2/install/ros_gz_gazebo/lib/pkgconfig/ros_gz_gazebo.pc'
[10.739s] Level 1:colcon.colcon_core.environment:checking '/home/barenbo/Desktop/Code/robot/lab2/install/ros_gz_gazebo/lib/python3.12/site-packages'
[10.739s] Level 1:colcon.colcon_core.environment:checking '/home/barenbo/Desktop/Code/robot/lab2/install/ros_gz_gazebo/bin'
[10.740s] INFO:colcon.colcon_core.shell:Creating package script '/home/barenbo/Desktop/Code/robot/lab2/install/ros_gz_gazebo/share/ros_gz_gazebo/package.ps1'
[10.743s] INFO:colcon.colcon_core.shell:Creating package descriptor '/home/barenbo/Desktop/Code/robot/lab2/install/ros_gz_gazebo/share/ros_gz_gazebo/package.dsv'
[10.746s] INFO:colcon.colcon_core.shell:Creating package script '/home/barenbo/Desktop/Code/robot/lab2/install/ros_gz_gazebo/share/ros_gz_gazebo/package.sh'
[10.748s] INFO:colcon.colcon_core.shell:Creating package script '/home/barenbo/Desktop/Code/robot/lab2/install/ros_gz_gazebo/share/ros_gz_gazebo/package.bash'
[10.751s] INFO:colcon.colcon_core.shell:Creating package script '/home/barenbo/Desktop/Code/robot/lab2/install/ros_gz_gazebo/share/ros_gz_gazebo/package.zsh'
[10.754s] Level 1:colcon.colcon_core.environment:create_file_with_runtime_dependencies(/home/barenbo/Desktop/Code/robot/lab2/install/ros_gz_gazebo/share/colcon-core/packages/ros_gz_gazebo)
[10.759s] Level 1:colcon.colcon_core.environment:create_environment_scripts_only(ros_gz_gazebo)
[10.760s] Level 1:colcon.colcon_core.environment:checking '/home/barenbo/Desktop/Code/robot/lab2/install/ros_gz_gazebo' for CMake module files
[10.762s] Level 1:colcon.colcon_core.environment:checking '/home/barenbo/Desktop/Code/robot/lab2/install/ros_gz_gazebo' for CMake config files
[10.769s] Level 1:colcon.colcon_core.shell:create_environment_hook('ros_gz_gazebo', 'cmake_prefix_path')
[10.769s] INFO:colcon.colcon_core.shell:Creating environment hook '/home/barenbo/Desktop/Code/robot/lab2/install/ros_gz_gazebo/share/ros_gz_gazebo/hook/cmake_prefix_path.ps1'
[10.772s] INFO:colcon.colcon_core.shell:Creating environment descriptor '/home/barenbo/Desktop/Code/robot/lab2/install/ros_gz_gazebo/share/ros_gz_gazebo/hook/cmake_prefix_path.dsv'
[10.775s] INFO:colcon.colcon_core.shell:Creating environment hook '/home/barenbo/Desktop/Code/robot/lab2/install/ros_gz_gazebo/share/ros_gz_gazebo/hook/cmake_prefix_path.sh'
[10.778s] Level 1:colcon.colcon_core.environment:checking '/home/barenbo/Desktop/Code/robot/lab2/install/ros_gz_gazebo/lib'
[10.779s] Level 1:colcon.colcon_core.environment:checking '/home/barenbo/Desktop/Code/robot/lab2/install/ros_gz_gazebo/bin'
[10.779s] Level 1:colcon.colcon_core.environment:checking '/home/barenbo/Desktop/Code/robot/lab2/install/ros_gz_gazebo/lib/pkgconfig/ros_gz_gazebo.pc'
[10.779s] Level 1:colcon.colcon_core.environment:checking '/home/barenbo/Desktop/Code/robot/lab2/install/ros_gz_gazebo/lib/python3.12/site-packages'
[10.779s] Level 1:colcon.colcon_core.environment:checking '/home/barenbo/Desktop/Code/robot/lab2/install/ros_gz_gazebo/bin'
[10.780s] INFO:colcon.colcon_core.shell:Creating package script '/home/barenbo/Desktop/Code/robot/lab2/install/ros_gz_gazebo/share/ros_gz_gazebo/package.ps1'
[10.783s] INFO:colcon.colcon_core.shell:Creating package descriptor '/home/barenbo/Desktop/Code/robot/lab2/install/ros_gz_gazebo/share/ros_gz_gazebo/package.dsv'
[10.786s] INFO:colcon.colcon_core.shell:Creating package script '/home/barenbo/Desktop/Code/robot/lab2/install/ros_gz_gazebo/share/ros_gz_gazebo/package.sh'
[10.789s] INFO:colcon.colcon_core.shell:Creating package script '/home/barenbo/Desktop/Code/robot/lab2/install/ros_gz_gazebo/share/ros_gz_gazebo/package.bash'
[10.792s] INFO:colcon.colcon_core.shell:Creating package script '/home/barenbo/Desktop/Code/robot/lab2/install/ros_gz_gazebo/share/ros_gz_gazebo/package.zsh'
[10.795s] Level 1:colcon.colcon_core.environment:create_file_with_runtime_dependencies(/home/barenbo/Desktop/Code/robot/lab2/install/ros_gz_gazebo/share/colcon-core/packages/ros_gz_gazebo)
[10.798s] INFO:colcon.colcon_ros.task.ament_cmake.build:Building ROS package in '/home/barenbo/Desktop/Code/robot/lab2/ros-lab-2/ros_gz_bringup' with build type 'ament_cmake'
[10.798s] INFO:colcon.colcon_cmake.task.cmake.build:Building CMake package in '/home/barenbo/Desktop/Code/robot/lab2/ros-lab-2/ros_gz_bringup'
[10.798s] INFO:colcon.colcon_core.shell:Skip shell extension 'powershell' for command environment: Not usable outside of PowerShell
[10.798s] DEBUG:colcon.colcon_core.shell:Skip shell extension 'dsv' for command environment
[10.842s] DEBUG:colcon.colcon_core.event_handler.log_command:Invoking command in '/home/barenbo/Desktop/Code/robot/lab2/build/ros_gz_bringup': AMENT_PREFIX_PATH=/home/barenbo/Desktop/Code/robot/lab2/install/ros_gz_gazebo:${AMENT_PREFIX_PATH} CMAKE_PREFIX_PATH=/home/barenbo/Desktop/Code/robot/lab2/install/ros_gz_gazebo:/home/barenbo/Desktop/Code/robot/lab2/install/ros_gz_description:/opt/ros/jazzy/opt/gz_sim_vendor:/opt/ros/jazzy/opt/gz_sensors_vendor:/opt/ros/jazzy/opt/gz_physics_vendor:/opt/ros/jazzy/opt/sdformat_vendor:/opt/ros/jazzy/opt/gz_gui_vendor:/opt/ros/jazzy/opt/gz_transport_vendor:/opt/ros/jazzy/opt/gz_rendering_vendor:/opt/ros/jazzy/opt/gz_plugin_vendor:/opt/ros/jazzy/opt/gz_fuel_tools_vendor:/opt/ros/jazzy/opt/gz_msgs_vendor:/opt/ros/jazzy/opt/gz_common_vendor:/opt/ros/jazzy/opt/gz_math_vendor:/opt/ros/jazzy/opt/gz_utils_vendor:/opt/ros/jazzy/opt/gz_tools_vendor:/opt/ros/jazzy/opt/gz_ogre_next_vendor:/opt/ros/jazzy/opt/gz_dartsim_vendor:/opt/ros/jazzy/opt/gz_cmake_vendor:/opt/ros/jazzy GZ_SIM_PLUGIN_PATH=/home/barenbo/Desktop/Code/robot/lab2/install/ros_gz_gazebo/lib/ros_gz_gazebo GZ_SIM_RESOURCE_PATH=/home/barenbo/Desktop/Code/robot/lab2/install/ros_gz_gazebo/share/ros_gz_gazebo/worlds PS1=<ROS2-Jazzy>[\u@\h \W]$ /usr/bin/cmake /home/barenbo/Desktop/Code/robot/lab2/ros-lab-2/ros_gz_bringup -DBUILD_TESTING=ON -DCMAKE_INSTALL_PREFIX=/home/barenbo/Desktop/Code/robot/lab2/install/ros_gz_bringup
[12.828s] DEBUG:colcon.colcon_core.event_handler.log_command:Invoked command in '/home/barenbo/Desktop/Code/robot/lab2/build/ros_gz_bringup' returned '0': AMENT_PREFIX_PATH=/home/barenbo/Desktop/Code/robot/lab2/install/ros_gz_gazebo:${AMENT_PREFIX_PATH} CMAKE_PREFIX_PATH=/home/barenbo/Desktop/Code/robot/lab2/install/ros_gz_gazebo:/home/barenbo/Desktop/Code/robot/lab2/install/ros_gz_description:/opt/ros/jazzy/opt/gz_sim_vendor:/opt/ros/jazzy/opt/gz_sensors_vendor:/opt/ros/jazzy/opt/gz_physics_vendor:/opt/ros/jazzy/opt/sdformat_vendor:/opt/ros/jazzy/opt/gz_gui_vendor:/opt/ros/jazzy/opt/gz_transport_vendor:/opt/ros/jazzy/opt/gz_rendering_vendor:/opt/ros/jazzy/opt/gz_plugin_vendor:/opt/ros/jazzy/opt/gz_fuel_tools_vendor:/opt/ros/jazzy/opt/gz_msgs_vendor:/opt/ros/jazzy/opt/gz_common_vendor:/opt/ros/jazzy/opt/gz_math_vendor:/opt/ros/jazzy/opt/gz_utils_vendor:/opt/ros/jazzy/opt/gz_tools_vendor:/opt/ros/jazzy/opt/gz_ogre_next_vendor:/opt/ros/jazzy/opt/gz_dartsim_vendor:/opt/ros/jazzy/opt/gz_cmake_vendor:/opt/ros/jazzy GZ_SIM_PLUGIN_PATH=/home/barenbo/Desktop/Code/robot/lab2/install/ros_gz_gazebo/lib/ros_gz_gazebo GZ_SIM_RESOURCE_PATH=/home/barenbo/Desktop/Code/robot/lab2/install/ros_gz_gazebo/share/ros_gz_gazebo/worlds PS1=<ROS2-Jazzy>[\u@\h \W]$ /usr/bin/cmake /home/barenbo/Desktop/Code/robot/lab2/ros-lab-2/ros_gz_bringup -DBUILD_TESTING=ON -DCMAKE_INSTALL_PREFIX=/home/barenbo/Desktop/Code/robot/lab2/install/ros_gz_bringup
[12.829s] DEBUG:colcon.colcon_core.event_handler.log_command:Invoking command in '/home/barenbo/Desktop/Code/robot/lab2/build/ros_gz_bringup': AMENT_PREFIX_PATH=/home/barenbo/Desktop/Code/robot/lab2/install/ros_gz_gazebo:${AMENT_PREFIX_PATH} CMAKE_PREFIX_PATH=/home/barenbo/Desktop/Code/robot/lab2/install/ros_gz_gazebo:/home/barenbo/Desktop/Code/robot/lab2/install/ros_gz_description:/opt/ros/jazzy/opt/gz_sim_vendor:/opt/ros/jazzy/opt/gz_sensors_vendor:/opt/ros/jazzy/opt/gz_physics_vendor:/opt/ros/jazzy/opt/sdformat_vendor:/opt/ros/jazzy/opt/gz_gui_vendor:/opt/ros/jazzy/opt/gz_transport_vendor:/opt/ros/jazzy/opt/gz_rendering_vendor:/opt/ros/jazzy/opt/gz_plugin_vendor:/opt/ros/jazzy/opt/gz_fuel_tools_vendor:/opt/ros/jazzy/opt/gz_msgs_vendor:/opt/ros/jazzy/opt/gz_common_vendor:/opt/ros/jazzy/opt/gz_math_vendor:/opt/ros/jazzy/opt/gz_utils_vendor:/opt/ros/jazzy/opt/gz_tools_vendor:/opt/ros/jazzy/opt/gz_ogre_next_vendor:/opt/ros/jazzy/opt/gz_dartsim_vendor:/opt/ros/jazzy/opt/gz_cmake_vendor:/opt/ros/jazzy GZ_SIM_PLUGIN_PATH=/home/barenbo/Desktop/Code/robot/lab2/install/ros_gz_gazebo/lib/ros_gz_gazebo GZ_SIM_RESOURCE_PATH=/home/barenbo/Desktop/Code/robot/lab2/install/ros_gz_gazebo/share/ros_gz_gazebo/worlds PS1=<ROS2-Jazzy>[\u@\h \W]$ /usr/bin/cmake --build /home/barenbo/Desktop/Code/robot/lab2/build/ros_gz_bringup -- -j24 -l24
[12.925s] DEBUG:colcon.colcon_core.event_handler.log_command:Invoked command in '/home/barenbo/Desktop/Code/robot/lab2/build/ros_gz_bringup' returned '0': AMENT_PREFIX_PATH=/home/barenbo/Desktop/Code/robot/lab2/install/ros_gz_gazebo:${AMENT_PREFIX_PATH} CMAKE_PREFIX_PATH=/home/barenbo/Desktop/Code/robot/lab2/install/ros_gz_gazebo:/home/barenbo/Desktop/Code/robot/lab2/install/ros_gz_description:/opt/ros/jazzy/opt/gz_sim_vendor:/opt/ros/jazzy/opt/gz_sensors_vendor:/opt/ros/jazzy/opt/gz_physics_vendor:/opt/ros/jazzy/opt/sdformat_vendor:/opt/ros/jazzy/opt/gz_gui_vendor:/opt/ros/jazzy/opt/gz_transport_vendor:/opt/ros/jazzy/opt/gz_rendering_vendor:/opt/ros/jazzy/opt/gz_plugin_vendor:/opt/ros/jazzy/opt/gz_fuel_tools_vendor:/opt/ros/jazzy/opt/gz_msgs_vendor:/opt/ros/jazzy/opt/gz_common_vendor:/opt/ros/jazzy/opt/gz_math_vendor:/opt/ros/jazzy/opt/gz_utils_vendor:/opt/ros/jazzy/opt/gz_tools_vendor:/opt/ros/jazzy/opt/gz_ogre_next_vendor:/opt/ros/jazzy/opt/gz_dartsim_vendor:/opt/ros/jazzy/opt/gz_cmake_vendor:/opt/ros/jazzy GZ_SIM_PLUGIN_PATH=/home/barenbo/Desktop/Code/robot/lab2/install/ros_gz_gazebo/lib/ros_gz_gazebo GZ_SIM_RESOURCE_PATH=/home/barenbo/Desktop/Code/robot/lab2/install/ros_gz_gazebo/share/ros_gz_gazebo/worlds PS1=<ROS2-Jazzy>[\u@\h \W]$ /usr/bin/cmake --build /home/barenbo/Desktop/Code/robot/lab2/build/ros_gz_bringup -- -j24 -l24
[12.929s] DEBUG:colcon.colcon_core.event_handler.log_command:Invoking command in '/home/barenbo/Desktop/Code/robot/lab2/build/ros_gz_bringup': AMENT_PREFIX_PATH=/home/barenbo/Desktop/Code/robot/lab2/install/ros_gz_gazebo:${AMENT_PREFIX_PATH} CMAKE_PREFIX_PATH=/home/barenbo/Desktop/Code/robot/lab2/install/ros_gz_gazebo:/home/barenbo/Desktop/Code/robot/lab2/install/ros_gz_description:/opt/ros/jazzy/opt/gz_sim_vendor:/opt/ros/jazzy/opt/gz_sensors_vendor:/opt/ros/jazzy/opt/gz_physics_vendor:/opt/ros/jazzy/opt/sdformat_vendor:/opt/ros/jazzy/opt/gz_gui_vendor:/opt/ros/jazzy/opt/gz_transport_vendor:/opt/ros/jazzy/opt/gz_rendering_vendor:/opt/ros/jazzy/opt/gz_plugin_vendor:/opt/ros/jazzy/opt/gz_fuel_tools_vendor:/opt/ros/jazzy/opt/gz_msgs_vendor:/opt/ros/jazzy/opt/gz_common_vendor:/opt/ros/jazzy/opt/gz_math_vendor:/opt/ros/jazzy/opt/gz_utils_vendor:/opt/ros/jazzy/opt/gz_tools_vendor:/opt/ros/jazzy/opt/gz_ogre_next_vendor:/opt/ros/jazzy/opt/gz_dartsim_vendor:/opt/ros/jazzy/opt/gz_cmake_vendor:/opt/ros/jazzy GZ_SIM_PLUGIN_PATH=/home/barenbo/Desktop/Code/robot/lab2/install/ros_gz_gazebo/lib/ros_gz_gazebo GZ_SIM_RESOURCE_PATH=/home/barenbo/Desktop/Code/robot/lab2/install/ros_gz_gazebo/share/ros_gz_gazebo/worlds PS1=<ROS2-Jazzy>[\u@\h \W]$ /usr/bin/cmake --install /home/barenbo/Desktop/Code/robot/lab2/build/ros_gz_bringup
[13.088s] Level 1:colcon.colcon_core.environment:create_environment_scripts_only(ros_gz_bringup)
[13.088s] Level 1:colcon.colcon_core.environment:checking '/home/barenbo/Desktop/Code/robot/lab2/install/ros_gz_bringup' for CMake module files
[13.089s] DEBUG:colcon.colcon_core.event_handler.log_command:Invoked command in '/home/barenbo/Desktop/Code/robot/lab2/build/ros_gz_bringup' returned '0': AMENT_PREFIX_PATH=/home/barenbo/Desktop/Code/robot/lab2/install/ros_gz_gazebo:${AMENT_PREFIX_PATH} CMAKE_PREFIX_PATH=/home/barenbo/Desktop/Code/robot/lab2/install/ros_gz_gazebo:/home/barenbo/Desktop/Code/robot/lab2/install/ros_gz_description:/opt/ros/jazzy/opt/gz_sim_vendor:/opt/ros/jazzy/opt/gz_sensors_vendor:/opt/ros/jazzy/opt/gz_physics_vendor:/opt/ros/jazzy/opt/sdformat_vendor:/opt/ros/jazzy/opt/gz_gui_vendor:/opt/ros/jazzy/opt/gz_transport_vendor:/opt/ros/jazzy/opt/gz_rendering_vendor:/opt/ros/jazzy/opt/gz_plugin_vendor:/opt/ros/jazzy/opt/gz_fuel_tools_vendor:/opt/ros/jazzy/opt/gz_msgs_vendor:/opt/ros/jazzy/opt/gz_common_vendor:/opt/ros/jazzy/opt/gz_math_vendor:/opt/ros/jazzy/opt/gz_utils_vendor:/opt/ros/jazzy/opt/gz_tools_vendor:/opt/ros/jazzy/opt/gz_ogre_next_vendor:/opt/ros/jazzy/opt/gz_dartsim_vendor:/opt/ros/jazzy/opt/gz_cmake_vendor:/opt/ros/jazzy GZ_SIM_PLUGIN_PATH=/home/barenbo/Desktop/Code/robot/lab2/install/ros_gz_gazebo/lib/ros_gz_gazebo GZ_SIM_RESOURCE_PATH=/home/barenbo/Desktop/Code/robot/lab2/install/ros_gz_gazebo/share/ros_gz_gazebo/worlds PS1=<ROS2-Jazzy>[\u@\h \W]$ /usr/bin/cmake --install /home/barenbo/Desktop/Code/robot/lab2/build/ros_gz_bringup
[13.092s] Level 1:colcon.colcon_core.environment:checking '/home/barenbo/Desktop/Code/robot/lab2/install/ros_gz_bringup' for CMake config files
[13.097s] Level 1:colcon.colcon_core.shell:create_environment_hook('ros_gz_bringup', 'cmake_prefix_path')
[13.097s] INFO:colcon.colcon_core.shell:Creating environment hook '/home/barenbo/Desktop/Code/robot/lab2/install/ros_gz_bringup/share/ros_gz_bringup/hook/cmake_prefix_path.ps1'
[13.101s] INFO:colcon.colcon_core.shell:Creating environment descriptor '/home/barenbo/Desktop/Code/robot/lab2/install/ros_gz_bringup/share/ros_gz_bringup/hook/cmake_prefix_path.dsv'
[13.104s] INFO:colcon.colcon_core.shell:Creating environment hook '/home/barenbo/Desktop/Code/robot/lab2/install/ros_gz_bringup/share/ros_gz_bringup/hook/cmake_prefix_path.sh'
[13.107s] Level 1:colcon.colcon_core.environment:checking '/home/barenbo/Desktop/Code/robot/lab2/install/ros_gz_bringup/bin'
[13.107s] Level 1:colcon.colcon_core.environment:checking '/home/barenbo/Desktop/Code/robot/lab2/install/ros_gz_bringup/lib/pkgconfig/ros_gz_bringup.pc'
[13.108s] Level 1:colcon.colcon_core.environment:checking '/home/barenbo/Desktop/Code/robot/lab2/install/ros_gz_bringup/lib/python3.12/site-packages'
[13.108s] Level 1:colcon.colcon_core.environment:checking '/home/barenbo/Desktop/Code/robot/lab2/install/ros_gz_bringup/bin'
[13.108s] INFO:colcon.colcon_core.shell:Creating package script '/home/barenbo/Desktop/Code/robot/lab2/install/ros_gz_bringup/share/ros_gz_bringup/package.ps1'
[13.111s] INFO:colcon.colcon_core.shell:Creating package descriptor '/home/barenbo/Desktop/Code/robot/lab2/install/ros_gz_bringup/share/ros_gz_bringup/package.dsv'
[13.114s] INFO:colcon.colcon_core.shell:Creating package script '/home/barenbo/Desktop/Code/robot/lab2/install/ros_gz_bringup/share/ros_gz_bringup/package.sh'
[13.117s] INFO:colcon.colcon_core.shell:Creating package script '/home/barenbo/Desktop/Code/robot/lab2/install/ros_gz_bringup/share/ros_gz_bringup/package.bash'
[13.119s] INFO:colcon.colcon_core.shell:Creating package script '/home/barenbo/Desktop/Code/robot/lab2/install/ros_gz_bringup/share/ros_gz_bringup/package.zsh'
[13.122s] Level 1:colcon.colcon_core.environment:create_file_with_runtime_dependencies(/home/barenbo/Desktop/Code/robot/lab2/install/ros_gz_bringup/share/colcon-core/packages/ros_gz_bringup)
[13.127s] Level 1:colcon.colcon_core.environment:create_environment_scripts_only(ros_gz_bringup)
[13.127s] Level 1:colcon.colcon_core.environment:checking '/home/barenbo/Desktop/Code/robot/lab2/install/ros_gz_bringup' for CMake module files
[13.130s] Level 1:colcon.colcon_core.environment:checking '/home/barenbo/Desktop/Code/robot/lab2/install/ros_gz_bringup' for CMake config files
[13.135s] Level 1:colcon.colcon_core.shell:create_environment_hook('ros_gz_bringup', 'cmake_prefix_path')
[13.136s] INFO:colcon.colcon_core.shell:Creating environment hook '/home/barenbo/Desktop/Code/robot/lab2/install/ros_gz_bringup/share/ros_gz_bringup/hook/cmake_prefix_path.ps1'
[13.138s] INFO:colcon.colcon_core.shell:Creating environment descriptor '/home/barenbo/Desktop/Code/robot/lab2/install/ros_gz_bringup/share/ros_gz_bringup/hook/cmake_prefix_path.dsv'
[13.140s] INFO:colcon.colcon_core.shell:Creating environment hook '/home/barenbo/Desktop/Code/robot/lab2/install/ros_gz_bringup/share/ros_gz_bringup/hook/cmake_prefix_path.sh'
[13.144s] Level 1:colcon.colcon_core.environment:checking '/home/barenbo/Desktop/Code/robot/lab2/install/ros_gz_bringup/bin'
[13.144s] Level 1:colcon.colcon_core.environment:checking '/home/barenbo/Desktop/Code/robot/lab2/install/ros_gz_bringup/lib/pkgconfig/ros_gz_bringup.pc'
[13.144s] Level 1:colcon.colcon_core.environment:checking '/home/barenbo/Desktop/Code/robot/lab2/install/ros_gz_bringup/lib/python3.12/site-packages'
[13.144s] Level 1:colcon.colcon_core.environment:checking '/home/barenbo/Desktop/Code/robot/lab2/install/ros_gz_bringup/bin'
[13.145s] INFO:colcon.colcon_core.shell:Creating package script '/home/barenbo/Desktop/Code/robot/lab2/install/ros_gz_bringup/share/ros_gz_bringup/package.ps1'
[13.148s] INFO:colcon.colcon_core.shell:Creating package descriptor '/home/barenbo/Desktop/Code/robot/lab2/install/ros_gz_bringup/share/ros_gz_bringup/package.dsv'
[13.151s] INFO:colcon.colcon_core.shell:Creating package script '/home/barenbo/Desktop/Code/robot/lab2/install/ros_gz_bringup/share/ros_gz_bringup/package.sh'
[13.154s] INFO:colcon.colcon_core.shell:Creating package script '/home/barenbo/Desktop/Code/robot/lab2/install/ros_gz_bringup/share/ros_gz_bringup/package.bash'
[13.157s] INFO:colcon.colcon_core.shell:Creating package script '/home/barenbo/Desktop/Code/robot/lab2/install/ros_gz_bringup/share/ros_gz_bringup/package.zsh'
[13.159s] Level 1:colcon.colcon_core.environment:create_file_with_runtime_dependencies(/home/barenbo/Desktop/Code/robot/lab2/install/ros_gz_bringup/share/colcon-core/packages/ros_gz_bringup)
[13.161s] DEBUG:colcon.colcon_parallel_executor.executor.parallel:closing loop
[13.162s] DEBUG:colcon.colcon_parallel_executor.executor.parallel:loop closed
[13.162s] DEBUG:colcon.colcon_parallel_executor.executor.parallel:run_until_complete finished with '0'
[13.162s] DEBUG:colcon.colcon_core.event_reactor:joining thread
[13.236s] INFO:colcon.colcon_core.plugin_system:Skipping extension 'colcon_notification.desktop_notification.notify_send': Could not find 'notify-send'
[13.236s] INFO:colcon.colcon_core.plugin_system:Skipping extension 'colcon_notification.desktop_notification.terminal_notifier': Not used on non-Darwin systems
[13.237s] INFO:colcon.colcon_core.plugin_system:Skipping extension 'colcon_notification.desktop_notification.win32': Not used on non-Windows systems
[13.237s] INFO:colcon.colcon_notification.desktop_notification:Sending desktop notification using 'notify2'
[13.260s] DEBUG:colcon.colcon_core.event_reactor:joined thread
[13.260s] INFO:colcon.colcon_core.shell:Creating prefix script '/home/barenbo/Desktop/Code/robot/lab2/install/local_setup.ps1'
[13.264s] INFO:colcon.colcon_core.shell:Creating prefix util module '/home/barenbo/Desktop/Code/robot/lab2/install/_local_setup_util_ps1.py'
[13.268s] INFO:colcon.colcon_core.shell:Creating prefix chain script '/home/barenbo/Desktop/Code/robot/lab2/install/setup.ps1'
[13.270s] INFO:colcon.colcon_core.shell:Creating prefix script '/home/barenbo/Desktop/Code/robot/lab2/install/local_setup.sh'
[13.273s] INFO:colcon.colcon_core.shell:Creating prefix util module '/home/barenbo/Desktop/Code/robot/lab2/install/_local_setup_util_sh.py'
[13.276s] INFO:colcon.colcon_core.shell:Creating prefix chain script '/home/barenbo/Desktop/Code/robot/lab2/install/setup.sh'
[13.281s] INFO:colcon.colcon_core.shell:Creating prefix script '/home/barenbo/Desktop/Code/robot/lab2/install/local_setup.bash'
[13.285s] INFO:colcon.colcon_core.shell:Creating prefix chain script '/home/barenbo/Desktop/Code/robot/lab2/install/setup.bash'
[13.288s] INFO:colcon.colcon_core.shell:Creating prefix script '/home/barenbo/Desktop/Code/robot/lab2/install/local_setup.zsh'
[13.294s] INFO:colcon.colcon_core.shell:Creating prefix chain script '/home/barenbo/Desktop/Code/robot/lab2/install/setup.zsh'
