[0.633s] Invoking command in '/home/barenbo/Desktop/Code/robot/lab2/py_pubsub': PS1=<ROS2-Jazzy>[\u@\h \W]$ PYTHONPATH=/home/barenbo/Desktop/Code/robot/lab2/build/py_pubsub/prefix_override:/usr/lib/python3/dist-packages/colcon_core/task/python/colcon_distutils_commands:/home/barenbo/Desktop/Code/robot/lab2/install/py_pubsub/lib/python3.12/site-packages:${PYTHONPATH} /usr/bin/python3 -W ignore:setup.py install is deprecated -W ignore:easy_install command is deprecated setup.py egg_info --egg-base ../build/py_pubsub build --build-base /home/barenbo/Desktop/Code/robot/lab2/build/py_pubsub/build install --record /home/barenbo/Desktop/Code/robot/lab2/build/py_pubsub/install.log --single-version-externally-managed install_data
[0.772s] running egg_info
[0.772s] creating ../build/py_pubsub/py_pubsub.egg-info
[0.787s] writing ../build/py_pubsub/py_pubsub.egg-info/PKG-INFO
[0.793s] writing dependency_links to ../build/py_pubsub/py_pubsub.egg-info/dependency_links.txt
[0.795s] writing entry points to ../build/py_pubsub/py_pubsub.egg-info/entry_points.txt
[0.798s] writing requirements to ../build/py_pubsub/py_pubsub.egg-info/requires.txt
[0.800s] writing top-level names to ../build/py_pubsub/py_pubsub.egg-info/top_level.txt
[0.803s] writing manifest file '../build/py_pubsub/py_pubsub.egg-info/SOURCES.txt'
[0.857s] reading manifest file '../build/py_pubsub/py_pubsub.egg-info/SOURCES.txt'
[0.859s] adding license file 'LICENSE'
[0.860s] writing manifest file '../build/py_pubsub/py_pubsub.egg-info/SOURCES.txt'
[0.862s] running build
[0.862s] running build_py
[0.862s] creating /home/barenbo/Desktop/Code/robot/lab2/build/py_pubsub/build
[0.863s] creating /home/barenbo/Desktop/Code/robot/lab2/build/py_pubsub/build/lib
[0.865s] creating /home/barenbo/Desktop/Code/robot/lab2/build/py_pubsub/build/lib/py_pubsub
[0.867s] copying py_pubsub/publisher_member_function.py -> /home/barenbo/Desktop/Code/robot/lab2/build/py_pubsub/build/lib/py_pubsub
[0.871s] copying py_pubsub/__init__.py -> /home/barenbo/Desktop/Code/robot/lab2/build/py_pubsub/build/lib/py_pubsub
[0.874s] running install
[0.885s] running install_lib
[0.899s] creating /home/barenbo/Desktop/Code/robot/lab2/install/py_pubsub/lib/python3.12/site-packages/py_pubsub
[0.901s] copying /home/barenbo/Desktop/Code/robot/lab2/build/py_pubsub/build/lib/py_pubsub/publisher_member_function.py -> /home/barenbo/Desktop/Code/robot/lab2/install/py_pubsub/lib/python3.12/site-packages/py_pubsub
[0.905s] copying /home/barenbo/Desktop/Code/robot/lab2/build/py_pubsub/build/lib/py_pubsub/__init__.py -> /home/barenbo/Desktop/Code/robot/lab2/install/py_pubsub/lib/python3.12/site-packages/py_pubsub
[0.911s] byte-compiling /home/barenbo/Desktop/Code/robot/lab2/install/py_pubsub/lib/python3.12/site-packages/py_pubsub/publisher_member_function.py to publisher_member_function.cpython-312.pyc
[0.919s] byte-compiling /home/barenbo/Desktop/Code/robot/lab2/install/py_pubsub/lib/python3.12/site-packages/py_pubsub/__init__.py to __init__.cpython-312.pyc
[0.924s] running install_data
[0.925s] creating /home/barenbo/Desktop/Code/robot/lab2/install/py_pubsub/share/ament_index
[0.926s] creating /home/barenbo/Desktop/Code/robot/lab2/install/py_pubsub/share/ament_index/resource_index
[0.928s] creating /home/barenbo/Desktop/Code/robot/lab2/install/py_pubsub/share/ament_index/resource_index/packages
[0.930s] copying resource/py_pubsub -> /home/barenbo/Desktop/Code/robot/lab2/install/py_pubsub/share/ament_index/resource_index/packages
[0.935s] copying package.xml -> /home/barenbo/Desktop/Code/robot/lab2/install/py_pubsub/share/py_pubsub
[0.938s] running install_egg_info
[0.976s] Copying ../build/py_pubsub/py_pubsub.egg-info to /home/barenbo/Desktop/Code/robot/lab2/install/py_pubsub/lib/python3.12/site-packages/py_pubsub-0.0.0-py3.12.egg-info
[1.021s] running install_scripts
[1.192s] Installing talker script to /home/barenbo/Desktop/Code/robot/lab2/install/py_pubsub/lib/py_pubsub
[1.196s] writing list of installed files to '/home/barenbo/Desktop/Code/robot/lab2/build/py_pubsub/install.log'
[1.212s] Invoked command in '/home/barenbo/Desktop/Code/robot/lab2/py_pubsub' returned '0': PS1=<ROS2-Jazzy>[\u@\h \W]$ PYTHONPATH=/home/barenbo/Desktop/Code/robot/lab2/build/py_pubsub/prefix_override:/usr/lib/python3/dist-packages/colcon_core/task/python/colcon_distutils_commands:/home/barenbo/Desktop/Code/robot/lab2/install/py_pubsub/lib/python3.12/site-packages:${PYTHONPATH} /usr/bin/python3 -W ignore:setup.py install is deprecated -W ignore:easy_install command is deprecated setup.py egg_info --egg-base ../build/py_pubsub build --build-base /home/barenbo/Desktop/Code/robot/lab2/build/py_pubsub/build install --record /home/barenbo/Desktop/Code/robot/lab2/build/py_pubsub/install.log --single-version-externally-managed install_data
