[0.327s] DEBUG:colcon:Command line arguments: ['/usr/bin/colcon', 'build', '--cmake-args', '-DBUILD_TESTING=ON']
[0.327s] DEBUG:colcon:Parsed command line arguments: Namespace(log_base=None, log_level=None, verb_name='build', build_base='build', install_base='install', merge_install=False, symlink_install=False, test_result_base=None, continue_on_error=False, executor='parallel', parallel_workers=24, event_handlers=None, ignore_user_meta=False, metas=['./colcon.meta'], base_paths=['.'], packages_ignore=None, packages_ignore_regex=None, paths=None, packages_up_to=None, packages_up_to_regex=None, packages_above=None, packages_above_and_dependencies=None, packages_above_depth=None, packages_select_by_dep=None, packages_skip_by_dep=None, packages_skip_up_to=None, packages_select_build_failed=False, packages_skip_build_finished=False, packages_select_test_failures=False, packages_skip_test_passed=False, packages_select=None, packages_skip=None, packages_select_regex=None, packages_skip_regex=None, packages_start=None, packages_end=None, allow_overriding=[], cmake_args=['-DBUILD_TESTING=ON'], cmake_target=None, cmake_target_skip_unavailable=False, cmake_clean_cache=False, cmake_clean_first=False, cmake_force_configure=False, ament_cmake_args=None, catkin_cmake_args=None, catkin_skip_building_tests=False, mixin_files=None, mixin=None, verb_parser=<colcon_mixin.mixin.mixin_argument.MixinArgumentDecorator object at 0x7fc836de2ed0>, verb_extension=<colcon_core.verb.build.BuildVerb object at 0x7fc836f5f4a0>, main=<bound method BuildVerb.main of <colcon_core.verb.build.BuildVerb object at 0x7fc836f5f4a0>>, mixin_verb=('build',))
[0.384s] Level 1:colcon.colcon_core.package_discovery:discover_packages(colcon_meta) check parameters
[0.384s] Level 1:colcon.colcon_core.package_discovery:discover_packages(recursive) check parameters
[0.384s] Level 1:colcon.colcon_core.package_discovery:discover_packages(ignore) check parameters
[0.384s] Level 1:colcon.colcon_core.package_discovery:discover_packages(path) check parameters
[0.384s] Level 1:colcon.colcon_core.package_discovery:discover_packages(colcon_meta) discover
[0.384s] Level 1:colcon.colcon_core.package_discovery:discover_packages(recursive) discover
[0.384s] INFO:colcon.colcon_core.package_discovery:Crawling recursively for packages in '/home/barenbo/Desktop/Code/robot/lab2'
[0.385s] Level 1:colcon.colcon_core.package_identification:_identify(.) by extensions ['ignore', 'ignore_ament_install']
[0.385s] Level 1:colcon.colcon_core.package_identification:_identify(.) by extension 'ignore'
[0.385s] Level 1:colcon.colcon_core.package_identification:_identify(.) by extension 'ignore_ament_install'
[0.385s] Level 1:colcon.colcon_core.package_identification:_identify(.) by extensions ['colcon_pkg']
[0.385s] Level 1:colcon.colcon_core.package_identification:_identify(.) by extension 'colcon_pkg'
[0.386s] Level 1:colcon.colcon_core.package_identification:_identify(.) by extensions ['colcon_meta']
[0.386s] Level 1:colcon.colcon_core.package_identification:_identify(.) by extension 'colcon_meta'
[0.386s] Level 1:colcon.colcon_core.package_identification:_identify(.) by extensions ['ros']
[0.386s] Level 1:colcon.colcon_core.package_identification:_identify(.) by extension 'ros'
[0.420s] Level 1:colcon.colcon_core.package_identification:_identify(.) by extensions ['cmake', 'python']
[0.420s] Level 1:colcon.colcon_core.package_identification:_identify(.) by extension 'cmake'
[0.420s] Level 1:colcon.colcon_core.package_identification:_identify(.) by extension 'python'
[0.420s] Level 1:colcon.colcon_core.package_identification:_identify(.) by extensions ['python_setup_py']
[0.420s] Level 1:colcon.colcon_core.package_identification:_identify(.) by extension 'python_setup_py'
[0.421s] Level 1:colcon.colcon_core.package_identification:_identify(build) by extensions ['ignore', 'ignore_ament_install']
[0.421s] Level 1:colcon.colcon_core.package_identification:_identify(build) by extension 'ignore'
[0.421s] Level 1:colcon.colcon_core.package_identification:_identify(build) ignored
[0.421s] Level 1:colcon.colcon_core.package_identification:_identify(install) by extensions ['ignore', 'ignore_ament_install']
[0.421s] Level 1:colcon.colcon_core.package_identification:_identify(install) by extension 'ignore'
[0.421s] Level 1:colcon.colcon_core.package_identification:_identify(install) ignored
[0.423s] Level 1:colcon.colcon_core.package_identification:_identify(log) by extensions ['ignore', 'ignore_ament_install']
[0.423s] Level 1:colcon.colcon_core.package_identification:_identify(log) by extension 'ignore'
[0.423s] Level 1:colcon.colcon_core.package_identification:_identify(log) ignored
[0.423s] Level 1:colcon.colcon_core.package_identification:_identify(py_pubsub) by extensions ['ignore', 'ignore_ament_install']
[0.423s] Level 1:colcon.colcon_core.package_identification:_identify(py_pubsub) by extension 'ignore'
[0.423s] Level 1:colcon.colcon_core.package_identification:_identify(py_pubsub) by extension 'ignore_ament_install'
[0.424s] Level 1:colcon.colcon_core.package_identification:_identify(py_pubsub) by extensions ['colcon_pkg']
[0.424s] Level 1:colcon.colcon_core.package_identification:_identify(py_pubsub) by extension 'colcon_pkg'
[0.424s] Level 1:colcon.colcon_core.package_identification:_identify(py_pubsub) by extensions ['colcon_meta']
[0.424s] Level 1:colcon.colcon_core.package_identification:_identify(py_pubsub) by extension 'colcon_meta'
[0.424s] Level 1:colcon.colcon_core.package_identification:_identify(py_pubsub) by extensions ['ros']
[0.424s] Level 1:colcon.colcon_core.package_identification:_identify(py_pubsub) by extension 'ros'
[0.428s] DEBUG:colcon.colcon_core.package_identification:Package 'py_pubsub' with type 'ros.ament_python' and name 'py_pubsub'
[0.429s] Level 1:colcon.colcon_core.package_identification:_identify(ros-lab-2) by extensions ['ignore', 'ignore_ament_install']
[0.429s] Level 1:colcon.colcon_core.package_identification:_identify(ros-lab-2) by extension 'ignore'
[0.429s] Level 1:colcon.colcon_core.package_identification:_identify(ros-lab-2) by extension 'ignore_ament_install'
[0.430s] Level 1:colcon.colcon_core.package_identification:_identify(ros-lab-2) by extensions ['colcon_pkg']
[0.430s] Level 1:colcon.colcon_core.package_identification:_identify(ros-lab-2) by extension 'colcon_pkg'
[0.430s] Level 1:colcon.colcon_core.package_identification:_identify(ros-lab-2) by extensions ['colcon_meta']
[0.430s] Level 1:colcon.colcon_core.package_identification:_identify(ros-lab-2) by extension 'colcon_meta'
[0.430s] Level 1:colcon.colcon_core.package_identification:_identify(ros-lab-2) by extensions ['ros']
[0.430s] Level 1:colcon.colcon_core.package_identification:_identify(ros-lab-2) by extension 'ros'
[0.431s] Level 1:colcon.colcon_core.package_identification:_identify(ros-lab-2) by extensions ['cmake', 'python']
[0.431s] Level 1:colcon.colcon_core.package_identification:_identify(ros-lab-2) by extension 'cmake'
[0.432s] Level 1:colcon.colcon_core.package_identification:_identify(ros-lab-2) by extension 'python'
[0.432s] Level 1:colcon.colcon_core.package_identification:_identify(ros-lab-2) by extensions ['python_setup_py']
[0.432s] Level 1:colcon.colcon_core.package_identification:_identify(ros-lab-2) by extension 'python_setup_py'
[0.432s] Level 1:colcon.colcon_core.package_identification:_identify(ros-lab-2/build) by extensions ['ignore', 'ignore_ament_install']
[0.432s] Level 1:colcon.colcon_core.package_identification:_identify(ros-lab-2/build) by extension 'ignore'
[0.433s] Level 1:colcon.colcon_core.package_identification:_identify(ros-lab-2/build) ignored
[0.433s] Level 1:colcon.colcon_core.package_identification:_identify(ros-lab-2/figs) by extensions ['ignore', 'ignore_ament_install']
[0.433s] Level 1:colcon.colcon_core.package_identification:_identify(ros-lab-2/figs) by extension 'ignore'
[0.433s] Level 1:colcon.colcon_core.package_identification:_identify(ros-lab-2/figs) by extension 'ignore_ament_install'
[0.434s] Level 1:colcon.colcon_core.package_identification:_identify(ros-lab-2/figs) by extensions ['colcon_pkg']
[0.434s] Level 1:colcon.colcon_core.package_identification:_identify(ros-lab-2/figs) by extension 'colcon_pkg'
[0.434s] Level 1:colcon.colcon_core.package_identification:_identify(ros-lab-2/figs) by extensions ['colcon_meta']
[0.434s] Level 1:colcon.colcon_core.package_identification:_identify(ros-lab-2/figs) by extension 'colcon_meta'
[0.434s] Level 1:colcon.colcon_core.package_identification:_identify(ros-lab-2/figs) by extensions ['ros']
[0.434s] Level 1:colcon.colcon_core.package_identification:_identify(ros-lab-2/figs) by extension 'ros'
[0.435s] Level 1:colcon.colcon_core.package_identification:_identify(ros-lab-2/figs) by extensions ['cmake', 'python']
[0.435s] Level 1:colcon.colcon_core.package_identification:_identify(ros-lab-2/figs) by extension 'cmake'
[0.435s] Level 1:colcon.colcon_core.package_identification:_identify(ros-lab-2/figs) by extension 'python'
[0.436s] Level 1:colcon.colcon_core.package_identification:_identify(ros-lab-2/figs) by extensions ['python_setup_py']
[0.436s] Level 1:colcon.colcon_core.package_identification:_identify(ros-lab-2/figs) by extension 'python_setup_py'
[0.436s] Level 1:colcon.colcon_core.package_identification:_identify(ros-lab-2/install) by extensions ['ignore', 'ignore_ament_install']
[0.436s] Level 1:colcon.colcon_core.package_identification:_identify(ros-lab-2/install) by extension 'ignore'
[0.436s] Level 1:colcon.colcon_core.package_identification:_identify(ros-lab-2/install) ignored
[0.438s] Level 1:colcon.colcon_core.package_identification:_identify(ros-lab-2/log) by extensions ['ignore', 'ignore_ament_install']
[0.438s] Level 1:colcon.colcon_core.package_identification:_identify(ros-lab-2/log) by extension 'ignore'
[0.438s] Level 1:colcon.colcon_core.package_identification:_identify(ros-lab-2/log) ignored
[0.438s] Level 1:colcon.colcon_core.package_identification:_identify(ros-lab-2/ros_gz_app) by extensions ['ignore', 'ignore_ament_install']
[0.438s] Level 1:colcon.colcon_core.package_identification:_identify(ros-lab-2/ros_gz_app) by extension 'ignore'
[0.439s] Level 1:colcon.colcon_core.package_identification:_identify(ros-lab-2/ros_gz_app) by extension 'ignore_ament_install'
[0.439s] Level 1:colcon.colcon_core.package_identification:_identify(ros-lab-2/ros_gz_app) by extensions ['colcon_pkg']
[0.439s] Level 1:colcon.colcon_core.package_identification:_identify(ros-lab-2/ros_gz_app) by extension 'colcon_pkg'
[0.440s] Level 1:colcon.colcon_core.package_identification:_identify(ros-lab-2/ros_gz_app) by extensions ['colcon_meta']
[0.440s] Level 1:colcon.colcon_core.package_identification:_identify(ros-lab-2/ros_gz_app) by extension 'colcon_meta'
[0.440s] Level 1:colcon.colcon_core.package_identification:_identify(ros-lab-2/ros_gz_app) by extensions ['ros']
[0.440s] Level 1:colcon.colcon_core.package_identification:_identify(ros-lab-2/ros_gz_app) by extension 'ros'
[0.442s] DEBUG:colcon.colcon_core.package_identification:Package 'ros-lab-2/ros_gz_app' with type 'ros.ament_cmake' and name 'ros_gz_app'
[0.442s] Level 1:colcon.colcon_core.package_identification:_identify(ros-lab-2/ros_gz_bringup) by extensions ['ignore', 'ignore_ament_install']
[0.442s] Level 1:colcon.colcon_core.package_identification:_identify(ros-lab-2/ros_gz_bringup) by extension 'ignore'
[0.442s] Level 1:colcon.colcon_core.package_identification:_identify(ros-lab-2/ros_gz_bringup) by extension 'ignore_ament_install'
[0.443s] Level 1:colcon.colcon_core.package_identification:_identify(ros-lab-2/ros_gz_bringup) by extensions ['colcon_pkg']
[0.443s] Level 1:colcon.colcon_core.package_identification:_identify(ros-lab-2/ros_gz_bringup) by extension 'colcon_pkg'
[0.443s] Level 1:colcon.colcon_core.package_identification:_identify(ros-lab-2/ros_gz_bringup) by extensions ['colcon_meta']
[0.443s] Level 1:colcon.colcon_core.package_identification:_identify(ros-lab-2/ros_gz_bringup) by extension 'colcon_meta'
[0.443s] Level 1:colcon.colcon_core.package_identification:_identify(ros-lab-2/ros_gz_bringup) by extensions ['ros']
[0.443s] Level 1:colcon.colcon_core.package_identification:_identify(ros-lab-2/ros_gz_bringup) by extension 'ros'
[0.445s] DEBUG:colcon.colcon_core.package_identification:Package 'ros-lab-2/ros_gz_bringup' with type 'ros.ament_cmake' and name 'ros_gz_bringup'
[0.446s] Level 1:colcon.colcon_core.package_identification:_identify(ros-lab-2/ros_gz_description) by extensions ['ignore', 'ignore_ament_install']
[0.446s] Level 1:colcon.colcon_core.package_identification:_identify(ros-lab-2/ros_gz_description) by extension 'ignore'
[0.446s] Level 1:colcon.colcon_core.package_identification:_identify(ros-lab-2/ros_gz_description) by extension 'ignore_ament_install'
[0.447s] Level 1:colcon.colcon_core.package_identification:_identify(ros-lab-2/ros_gz_description) by extensions ['colcon_pkg']
[0.447s] Level 1:colcon.colcon_core.package_identification:_identify(ros-lab-2/ros_gz_description) by extension 'colcon_pkg'
[0.447s] Level 1:colcon.colcon_core.package_identification:_identify(ros-lab-2/ros_gz_description) by extensions ['colcon_meta']
[0.447s] Level 1:colcon.colcon_core.package_identification:_identify(ros-lab-2/ros_gz_description) by extension 'colcon_meta'
[0.447s] Level 1:colcon.colcon_core.package_identification:_identify(ros-lab-2/ros_gz_description) by extensions ['ros']
[0.447s] Level 1:colcon.colcon_core.package_identification:_identify(ros-lab-2/ros_gz_description) by extension 'ros'
[0.449s] DEBUG:colcon.colcon_core.package_identification:Package 'ros-lab-2/ros_gz_description' with type 'ros.ament_cmake' and name 'ros_gz_description'
[0.450s] Level 1:colcon.colcon_core.package_identification:_identify(ros-lab-2/ros_gz_gazebo) by extensions ['ignore', 'ignore_ament_install']
[0.450s] Level 1:colcon.colcon_core.package_identification:_identify(ros-lab-2/ros_gz_gazebo) by extension 'ignore'
[0.450s] Level 1:colcon.colcon_core.package_identification:_identify(ros-lab-2/ros_gz_gazebo) by extension 'ignore_ament_install'
[0.451s] Level 1:colcon.colcon_core.package_identification:_identify(ros-lab-2/ros_gz_gazebo) by extensions ['colcon_pkg']
[0.451s] Level 1:colcon.colcon_core.package_identification:_identify(ros-lab-2/ros_gz_gazebo) by extension 'colcon_pkg'
[0.451s] Level 1:colcon.colcon_core.package_identification:_identify(ros-lab-2/ros_gz_gazebo) by extensions ['colcon_meta']
[0.451s] Level 1:colcon.colcon_core.package_identification:_identify(ros-lab-2/ros_gz_gazebo) by extension 'colcon_meta'
[0.451s] Level 1:colcon.colcon_core.package_identification:_identify(ros-lab-2/ros_gz_gazebo) by extensions ['ros']
[0.451s] Level 1:colcon.colcon_core.package_identification:_identify(ros-lab-2/ros_gz_gazebo) by extension 'ros'
[0.453s] DEBUG:colcon.colcon_core.package_identification:Package 'ros-lab-2/ros_gz_gazebo' with type 'ros.ament_cmake' and name 'ros_gz_gazebo'
[0.453s] Level 1:colcon.colcon_core.package_discovery:discover_packages(recursive) using defaults
[0.453s] Level 1:colcon.colcon_core.package_discovery:discover_packages(ignore) discover
[0.453s] Level 1:colcon.colcon_core.package_discovery:discover_packages(ignore) using defaults
[0.453s] Level 1:colcon.colcon_core.package_discovery:discover_packages(path) discover
[0.453s] Level 1:colcon.colcon_core.package_discovery:discover_packages(path) using defaults
[0.499s] Level 1:colcon.colcon_core.package_discovery:discover_packages(prefix_path) check parameters
[0.499s] Level 1:colcon.colcon_core.package_discovery:discover_packages(prefix_path) discover
[0.502s] DEBUG:colcon.colcon_installed_package_information.package_discovery:Found 317 installed packages in /opt/ros/jazzy
[0.503s] Level 1:colcon.colcon_core.package_discovery:discover_packages(prefix_path) using defaults
[0.524s] Level 5:colcon.colcon_core.verb:set package 'py_pubsub' build argument 'cmake_args' from command line to '['-DBUILD_TESTING=ON']'
[0.524s] Level 5:colcon.colcon_core.verb:set package 'py_pubsub' build argument 'cmake_target' from command line to 'None'
[0.524s] Level 5:colcon.colcon_core.verb:set package 'py_pubsub' build argument 'cmake_target_skip_unavailable' from command line to 'False'
[0.524s] Level 5:colcon.colcon_core.verb:set package 'py_pubsub' build argument 'cmake_clean_cache' from command line to 'False'
[0.524s] Level 5:colcon.colcon_core.verb:set package 'py_pubsub' build argument 'cmake_clean_first' from command line to 'False'
[0.524s] Level 5:colcon.colcon_core.verb:set package 'py_pubsub' build argument 'cmake_force_configure' from command line to 'False'
[0.524s] Level 5:colcon.colcon_core.verb:set package 'py_pubsub' build argument 'ament_cmake_args' from command line to 'None'
[0.524s] Level 5:colcon.colcon_core.verb:set package 'py_pubsub' build argument 'catkin_cmake_args' from command line to 'None'
[0.524s] Level 5:colcon.colcon_core.verb:set package 'py_pubsub' build argument 'catkin_skip_building_tests' from command line to 'False'
[0.524s] DEBUG:colcon.colcon_core.verb:Building package 'py_pubsub' with the following arguments: {'ament_cmake_args': None, 'build_base': '/home/barenbo/Desktop/Code/robot/lab2/build/py_pubsub', 'catkin_cmake_args': None, 'catkin_skip_building_tests': False, 'cmake_args': ['-DBUILD_TESTING=ON'], 'cmake_clean_cache': False, 'cmake_clean_first': False, 'cmake_force_configure': False, 'cmake_target': None, 'cmake_target_skip_unavailable': False, 'install_base': '/home/barenbo/Desktop/Code/robot/lab2/install/py_pubsub', 'merge_install': False, 'path': '/home/barenbo/Desktop/Code/robot/lab2/py_pubsub', 'symlink_install': False, 'test_result_base': None}
[0.524s] Level 5:colcon.colcon_core.verb:set package 'ros_gz_app' build argument 'cmake_args' from command line to '['-DBUILD_TESTING=ON']'
[0.524s] Level 5:colcon.colcon_core.verb:set package 'ros_gz_app' build argument 'cmake_target' from command line to 'None'
[0.524s] Level 5:colcon.colcon_core.verb:set package 'ros_gz_app' build argument 'cmake_target_skip_unavailable' from command line to 'False'
[0.524s] Level 5:colcon.colcon_core.verb:set package 'ros_gz_app' build argument 'cmake_clean_cache' from command line to 'False'
[0.524s] Level 5:colcon.colcon_core.verb:set package 'ros_gz_app' build argument 'cmake_clean_first' from command line to 'False'
[0.524s] Level 5:colcon.colcon_core.verb:set package 'ros_gz_app' build argument 'cmake_force_configure' from command line to 'False'
[0.524s] Level 5:colcon.colcon_core.verb:set package 'ros_gz_app' build argument 'ament_cmake_args' from command line to 'None'
[0.524s] Level 5:colcon.colcon_core.verb:set package 'ros_gz_app' build argument 'catkin_cmake_args' from command line to 'None'
[0.524s] Level 5:colcon.colcon_core.verb:set package 'ros_gz_app' build argument 'catkin_skip_building_tests' from command line to 'False'
[0.524s] DEBUG:colcon.colcon_core.verb:Building package 'ros_gz_app' with the following arguments: {'ament_cmake_args': None, 'build_base': '/home/barenbo/Desktop/Code/robot/lab2/build/ros_gz_app', 'catkin_cmake_args': None, 'catkin_skip_building_tests': False, 'cmake_args': ['-DBUILD_TESTING=ON'], 'cmake_clean_cache': False, 'cmake_clean_first': False, 'cmake_force_configure': False, 'cmake_target': None, 'cmake_target_skip_unavailable': False, 'install_base': '/home/barenbo/Desktop/Code/robot/lab2/install/ros_gz_app', 'merge_install': False, 'path': '/home/barenbo/Desktop/Code/robot/lab2/ros-lab-2/ros_gz_app', 'symlink_install': False, 'test_result_base': None}
[0.524s] Level 5:colcon.colcon_core.verb:set package 'ros_gz_description' build argument 'cmake_args' from command line to '['-DBUILD_TESTING=ON']'
[0.524s] Level 5:colcon.colcon_core.verb:set package 'ros_gz_description' build argument 'cmake_target' from command line to 'None'
[0.524s] Level 5:colcon.colcon_core.verb:set package 'ros_gz_description' build argument 'cmake_target_skip_unavailable' from command line to 'False'
[0.524s] Level 5:colcon.colcon_core.verb:set package 'ros_gz_description' build argument 'cmake_clean_cache' from command line to 'False'
[0.524s] Level 5:colcon.colcon_core.verb:set package 'ros_gz_description' build argument 'cmake_clean_first' from command line to 'False'
[0.524s] Level 5:colcon.colcon_core.verb:set package 'ros_gz_description' build argument 'cmake_force_configure' from command line to 'False'
[0.524s] Level 5:colcon.colcon_core.verb:set package 'ros_gz_description' build argument 'ament_cmake_args' from command line to 'None'
[0.524s] Level 5:colcon.colcon_core.verb:set package 'ros_gz_description' build argument 'catkin_cmake_args' from command line to 'None'
[0.524s] Level 5:colcon.colcon_core.verb:set package 'ros_gz_description' build argument 'catkin_skip_building_tests' from command line to 'False'
[0.524s] DEBUG:colcon.colcon_core.verb:Building package 'ros_gz_description' with the following arguments: {'ament_cmake_args': None, 'build_base': '/home/barenbo/Desktop/Code/robot/lab2/build/ros_gz_description', 'catkin_cmake_args': None, 'catkin_skip_building_tests': False, 'cmake_args': ['-DBUILD_TESTING=ON'], 'cmake_clean_cache': False, 'cmake_clean_first': False, 'cmake_force_configure': False, 'cmake_target': None, 'cmake_target_skip_unavailable': False, 'install_base': '/home/barenbo/Desktop/Code/robot/lab2/install/ros_gz_description', 'merge_install': False, 'path': '/home/barenbo/Desktop/Code/robot/lab2/ros-lab-2/ros_gz_description', 'symlink_install': False, 'test_result_base': None}
[0.525s] Level 5:colcon.colcon_core.verb:set package 'ros_gz_gazebo' build argument 'cmake_args' from command line to '['-DBUILD_TESTING=ON']'
[0.525s] Level 5:colcon.colcon_core.verb:set package 'ros_gz_gazebo' build argument 'cmake_target' from command line to 'None'
[0.525s] Level 5:colcon.colcon_core.verb:set package 'ros_gz_gazebo' build argument 'cmake_target_skip_unavailable' from command line to 'False'
[0.525s] Level 5:colcon.colcon_core.verb:set package 'ros_gz_gazebo' build argument 'cmake_clean_cache' from command line to 'False'
[0.525s] Level 5:colcon.colcon_core.verb:set package 'ros_gz_gazebo' build argument 'cmake_clean_first' from command line to 'False'
[0.525s] Level 5:colcon.colcon_core.verb:set package 'ros_gz_gazebo' build argument 'cmake_force_configure' from command line to 'False'
[0.525s] Level 5:colcon.colcon_core.verb:set package 'ros_gz_gazebo' build argument 'ament_cmake_args' from command line to 'None'
[0.525s] Level 5:colcon.colcon_core.verb:set package 'ros_gz_gazebo' build argument 'catkin_cmake_args' from command line to 'None'
[0.525s] Level 5:colcon.colcon_core.verb:set package 'ros_gz_gazebo' build argument 'catkin_skip_building_tests' from command line to 'False'
[0.525s] DEBUG:colcon.colcon_core.verb:Building package 'ros_gz_gazebo' with the following arguments: {'ament_cmake_args': None, 'build_base': '/home/barenbo/Desktop/Code/robot/lab2/build/ros_gz_gazebo', 'catkin_cmake_args': None, 'catkin_skip_building_tests': False, 'cmake_args': ['-DBUILD_TESTING=ON'], 'cmake_clean_cache': False, 'cmake_clean_first': False, 'cmake_force_configure': False, 'cmake_target': None, 'cmake_target_skip_unavailable': False, 'install_base': '/home/barenbo/Desktop/Code/robot/lab2/install/ros_gz_gazebo', 'merge_install': False, 'path': '/home/barenbo/Desktop/Code/robot/lab2/ros-lab-2/ros_gz_gazebo', 'symlink_install': False, 'test_result_base': None}
[0.525s] Level 5:colcon.colcon_core.verb:set package 'ros_gz_bringup' build argument 'cmake_args' from command line to '['-DBUILD_TESTING=ON']'
[0.525s] Level 5:colcon.colcon_core.verb:set package 'ros_gz_bringup' build argument 'cmake_target' from command line to 'None'
[0.525s] Level 5:colcon.colcon_core.verb:set package 'ros_gz_bringup' build argument 'cmake_target_skip_unavailable' from command line to 'False'
[0.525s] Level 5:colcon.colcon_core.verb:set package 'ros_gz_bringup' build argument 'cmake_clean_cache' from command line to 'False'
[0.525s] Level 5:colcon.colcon_core.verb:set package 'ros_gz_bringup' build argument 'cmake_clean_first' from command line to 'False'
[0.525s] Level 5:colcon.colcon_core.verb:set package 'ros_gz_bringup' build argument 'cmake_force_configure' from command line to 'False'
[0.525s] Level 5:colcon.colcon_core.verb:set package 'ros_gz_bringup' build argument 'ament_cmake_args' from command line to 'None'
[0.525s] Level 5:colcon.colcon_core.verb:set package 'ros_gz_bringup' build argument 'catkin_cmake_args' from command line to 'None'
[0.525s] Level 5:colcon.colcon_core.verb:set package 'ros_gz_bringup' build argument 'catkin_skip_building_tests' from command line to 'False'
[0.525s] DEBUG:colcon.colcon_core.verb:Building package 'ros_gz_bringup' with the following arguments: {'ament_cmake_args': None, 'build_base': '/home/barenbo/Desktop/Code/robot/lab2/build/ros_gz_bringup', 'catkin_cmake_args': None, 'catkin_skip_building_tests': False, 'cmake_args': ['-DBUILD_TESTING=ON'], 'cmake_clean_cache': False, 'cmake_clean_first': False, 'cmake_force_configure': False, 'cmake_target': None, 'cmake_target_skip_unavailable': False, 'install_base': '/home/barenbo/Desktop/Code/robot/lab2/install/ros_gz_bringup', 'merge_install': False, 'path': '/home/barenbo/Desktop/Code/robot/lab2/ros-lab-2/ros_gz_bringup', 'symlink_install': False, 'test_result_base': None}
[0.525s] INFO:colcon.colcon_core.executor:Executing jobs using 'parallel' executor
[0.526s] DEBUG:colcon.colcon_parallel_executor.executor.parallel:run_until_complete
[0.526s] INFO:colcon.colcon_ros.task.ament_cmake.build:Building ROS package in '/home/barenbo/Desktop/Code/robot/lab2/ros-lab-2/ros_gz_description' with build type 'ament_cmake'
[0.526s] INFO:colcon.colcon_cmake.task.cmake.build:Building CMake package in '/home/barenbo/Desktop/Code/robot/lab2/ros-lab-2/ros_gz_description'
[0.528s] INFO:colcon.colcon_core.plugin_system:Skipping extension 'colcon_core.shell.bat': Not used on non-Windows systems
[0.528s] INFO:colcon.colcon_core.shell:Skip shell extension 'powershell' for command environment: Not usable outside of PowerShell
[0.528s] DEBUG:colcon.colcon_core.shell:Skip shell extension 'dsv' for command environment
[0.535s] INFO:colcon.colcon_ros.task.ament_python.build:Building ROS package in '/home/barenbo/Desktop/Code/robot/lab2/py_pubsub' with build type 'ament_python'
[0.535s] Level 1:colcon.colcon_core.shell:create_environment_hook('py_pubsub', 'ament_prefix_path')
[0.536s] INFO:colcon.colcon_core.shell:Creating environment hook '/home/barenbo/Desktop/Code/robot/lab2/install/py_pubsub/share/py_pubsub/hook/ament_prefix_path.ps1'
[0.540s] INFO:colcon.colcon_core.shell:Creating environment descriptor '/home/barenbo/Desktop/Code/robot/lab2/install/py_pubsub/share/py_pubsub/hook/ament_prefix_path.dsv'
[0.543s] INFO:colcon.colcon_core.shell:Creating environment hook '/home/barenbo/Desktop/Code/robot/lab2/install/py_pubsub/share/py_pubsub/hook/ament_prefix_path.sh'
[0.546s] INFO:colcon.colcon_core.shell:Skip shell extension 'powershell' for command environment: Not usable outside of PowerShell
[0.546s] DEBUG:colcon.colcon_core.shell:Skip shell extension 'dsv' for command environment
[0.553s] INFO:colcon.colcon_ros.task.ament_cmake.build:Building ROS package in '/home/barenbo/Desktop/Code/robot/lab2/ros-lab-2/ros_gz_app' with build type 'ament_cmake'
[0.554s] INFO:colcon.colcon_cmake.task.cmake.build:Building CMake package in '/home/barenbo/Desktop/Code/robot/lab2/ros-lab-2/ros_gz_app'
[0.554s] INFO:colcon.colcon_core.shell:Skip shell extension 'powershell' for command environment: Not usable outside of PowerShell
[0.554s] DEBUG:colcon.colcon_core.shell:Skip shell extension 'dsv' for command environment
[0.583s] DEBUG:colcon.colcon_core.event_handler.log_command:Invoking command in '/home/barenbo/Desktop/Code/robot/lab2/build/ros_gz_description': CMAKE_PREFIX_PATH=${CMAKE_PREFIX_PATH}:/opt/ros/jazzy PS1=<ROS2-Jazzy>[\u@\h \W]$ /usr/bin/cmake --build /home/barenbo/Desktop/Code/robot/lab2/build/ros_gz_description -- -j24 -l24
[0.762s] INFO:colcon.colcon_core.task.python.build:Building Python package in '/home/barenbo/Desktop/Code/robot/lab2/py_pubsub'
[0.763s] INFO:colcon.colcon_core.shell:Skip shell extension 'powershell' for command environment: Not usable outside of PowerShell
[0.763s] DEBUG:colcon.colcon_core.shell:Skip shell extension 'dsv' for command environment
[0.795s] DEBUG:colcon.colcon_core.event_handler.log_command:Invoking command in '/home/barenbo/Desktop/Code/robot/lab2/build/ros_gz_app': CMAKE_PREFIX_PATH=${CMAKE_PREFIX_PATH}:/opt/ros/jazzy PS1=<ROS2-Jazzy>[\u@\h \W]$ /usr/bin/cmake --build /home/barenbo/Desktop/Code/robot/lab2/build/ros_gz_app -- -j24 -l24
[0.920s] DEBUG:colcon.colcon_core.event_handler.log_command:Invoked command in '/home/barenbo/Desktop/Code/robot/lab2/build/ros_gz_app' returned '0': CMAKE_PREFIX_PATH=${CMAKE_PREFIX_PATH}:/opt/ros/jazzy PS1=<ROS2-Jazzy>[\u@\h \W]$ /usr/bin/cmake --build /home/barenbo/Desktop/Code/robot/lab2/build/ros_gz_app -- -j24 -l24
[0.935s] DEBUG:colcon.colcon_core.event_handler.log_command:Invoking command in '/home/barenbo/Desktop/Code/robot/lab2/build/ros_gz_app': CMAKE_PREFIX_PATH=${CMAKE_PREFIX_PATH}:/opt/ros/jazzy PS1=<ROS2-Jazzy>[\u@\h \W]$ /usr/bin/cmake --install /home/barenbo/Desktop/Code/robot/lab2/build/ros_gz_app
[0.936s] DEBUG:colcon.colcon_core.event_handler.log_command:Invoked command in '/home/barenbo/Desktop/Code/robot/lab2/build/ros_gz_description' returned '0': CMAKE_PREFIX_PATH=${CMAKE_PREFIX_PATH}:/opt/ros/jazzy PS1=<ROS2-Jazzy>[\u@\h \W]$ /usr/bin/cmake --build /home/barenbo/Desktop/Code/robot/lab2/build/ros_gz_description -- -j24 -l24
[0.939s] DEBUG:colcon.colcon_core.event_handler.log_command:Invoking command in '/home/barenbo/Desktop/Code/robot/lab2/build/ros_gz_description': CMAKE_PREFIX_PATH=${CMAKE_PREFIX_PATH}:/opt/ros/jazzy PS1=<ROS2-Jazzy>[\u@\h \W]$ /usr/bin/cmake --install /home/barenbo/Desktop/Code/robot/lab2/build/ros_gz_description
[0.972s] Level 1:colcon.colcon_core.environment:create_environment_scripts_only(ros_gz_app)
[0.972s] DEBUG:colcon.colcon_core.event_handler.log_command:Invoked command in '/home/barenbo/Desktop/Code/robot/lab2/build/ros_gz_app' returned '0': CMAKE_PREFIX_PATH=${CMAKE_PREFIX_PATH}:/opt/ros/jazzy PS1=<ROS2-Jazzy>[\u@\h \W]$ /usr/bin/cmake --install /home/barenbo/Desktop/Code/robot/lab2/build/ros_gz_app
[0.976s] Level 1:colcon.colcon_core.environment:checking '/home/barenbo/Desktop/Code/robot/lab2/install/ros_gz_app' for CMake module files
[0.979s] Level 1:colcon.colcon_core.environment:checking '/home/barenbo/Desktop/Code/robot/lab2/install/ros_gz_app' for CMake config files
[0.980s] Level 1:colcon.colcon_core.shell:create_environment_hook('ros_gz_app', 'cmake_prefix_path')
[0.980s] INFO:colcon.colcon_core.shell:Creating environment hook '/home/barenbo/Desktop/Code/robot/lab2/install/ros_gz_app/share/ros_gz_app/hook/cmake_prefix_path.ps1'
[0.983s] INFO:colcon.colcon_core.shell:Creating environment descriptor '/home/barenbo/Desktop/Code/robot/lab2/install/ros_gz_app/share/ros_gz_app/hook/cmake_prefix_path.dsv'
[0.986s] INFO:colcon.colcon_core.shell:Creating environment hook '/home/barenbo/Desktop/Code/robot/lab2/install/ros_gz_app/share/ros_gz_app/hook/cmake_prefix_path.sh'
[0.989s] Level 1:colcon.colcon_core.environment:checking '/home/barenbo/Desktop/Code/robot/lab2/install/ros_gz_app/bin'
[0.990s] Level 1:colcon.colcon_core.environment:checking '/home/barenbo/Desktop/Code/robot/lab2/install/ros_gz_app/lib/pkgconfig/ros_gz_app.pc'
[0.990s] Level 1:colcon.colcon_core.environment:checking '/home/barenbo/Desktop/Code/robot/lab2/install/ros_gz_app/lib/python3.12/site-packages'
[0.990s] Level 1:colcon.colcon_core.environment:checking '/home/barenbo/Desktop/Code/robot/lab2/install/ros_gz_app/bin'
[0.990s] INFO:colcon.colcon_core.shell:Creating package script '/home/barenbo/Desktop/Code/robot/lab2/install/ros_gz_app/share/ros_gz_app/package.ps1'
[0.994s] INFO:colcon.colcon_core.shell:Creating package descriptor '/home/barenbo/Desktop/Code/robot/lab2/install/ros_gz_app/share/ros_gz_app/package.dsv'
[0.996s] INFO:colcon.colcon_core.shell:Creating package script '/home/barenbo/Desktop/Code/robot/lab2/install/ros_gz_app/share/ros_gz_app/package.sh'
[0.999s] INFO:colcon.colcon_core.shell:Creating package script '/home/barenbo/Desktop/Code/robot/lab2/install/ros_gz_app/share/ros_gz_app/package.bash'
[1.002s] INFO:colcon.colcon_core.shell:Creating package script '/home/barenbo/Desktop/Code/robot/lab2/install/ros_gz_app/share/ros_gz_app/package.zsh'
[1.006s] Level 1:colcon.colcon_core.environment:create_file_with_runtime_dependencies(/home/barenbo/Desktop/Code/robot/lab2/install/ros_gz_app/share/colcon-core/packages/ros_gz_app)
[1.008s] Level 1:colcon.colcon_core.environment:create_environment_scripts_only(ros_gz_app)
[1.008s] Level 1:colcon.colcon_core.environment:checking '/home/barenbo/Desktop/Code/robot/lab2/install/ros_gz_app' for CMake module files
[1.009s] Level 1:colcon.colcon_core.environment:checking '/home/barenbo/Desktop/Code/robot/lab2/install/ros_gz_app' for CMake config files
[1.010s] Level 1:colcon.colcon_core.shell:create_environment_hook('ros_gz_app', 'cmake_prefix_path')
[1.010s] INFO:colcon.colcon_core.shell:Creating environment hook '/home/barenbo/Desktop/Code/robot/lab2/install/ros_gz_app/share/ros_gz_app/hook/cmake_prefix_path.ps1'
[1.015s] INFO:colcon.colcon_core.shell:Creating environment descriptor '/home/barenbo/Desktop/Code/robot/lab2/install/ros_gz_app/share/ros_gz_app/hook/cmake_prefix_path.dsv'
[1.019s] INFO:colcon.colcon_core.shell:Creating environment hook '/home/barenbo/Desktop/Code/robot/lab2/install/ros_gz_app/share/ros_gz_app/hook/cmake_prefix_path.sh'
[1.023s] Level 1:colcon.colcon_core.environment:checking '/home/barenbo/Desktop/Code/robot/lab2/install/ros_gz_app/bin'
[1.023s] Level 1:colcon.colcon_core.environment:checking '/home/barenbo/Desktop/Code/robot/lab2/install/ros_gz_app/lib/pkgconfig/ros_gz_app.pc'
[1.024s] Level 1:colcon.colcon_core.environment:checking '/home/barenbo/Desktop/Code/robot/lab2/install/ros_gz_app/lib/python3.12/site-packages'
[1.024s] Level 1:colcon.colcon_core.environment:checking '/home/barenbo/Desktop/Code/robot/lab2/install/ros_gz_app/bin'
[1.024s] INFO:colcon.colcon_core.shell:Creating package script '/home/barenbo/Desktop/Code/robot/lab2/install/ros_gz_app/share/ros_gz_app/package.ps1'
[1.028s] INFO:colcon.colcon_core.shell:Creating package descriptor '/home/barenbo/Desktop/Code/robot/lab2/install/ros_gz_app/share/ros_gz_app/package.dsv'
[1.031s] INFO:colcon.colcon_core.shell:Creating package script '/home/barenbo/Desktop/Code/robot/lab2/install/ros_gz_app/share/ros_gz_app/package.sh'
[1.034s] INFO:colcon.colcon_core.shell:Creating package script '/home/barenbo/Desktop/Code/robot/lab2/install/ros_gz_app/share/ros_gz_app/package.bash'
[1.038s] INFO:colcon.colcon_core.shell:Creating package script '/home/barenbo/Desktop/Code/robot/lab2/install/ros_gz_app/share/ros_gz_app/package.zsh'
[1.040s] Level 1:colcon.colcon_core.environment:create_file_with_runtime_dependencies(/home/barenbo/Desktop/Code/robot/lab2/install/ros_gz_app/share/colcon-core/packages/ros_gz_app)
[1.041s] Level 1:colcon.colcon_core.environment:create_environment_scripts_only(ros_gz_description)
[1.042s] Level 1:colcon.colcon_core.environment:checking '/home/barenbo/Desktop/Code/robot/lab2/install/ros_gz_description' for CMake module files
[1.047s] Level 1:colcon.colcon_core.environment:checking '/home/barenbo/Desktop/Code/robot/lab2/install/ros_gz_description' for CMake config files
[1.049s] DEBUG:colcon.colcon_core.event_handler.log_command:Invoked command in '/home/barenbo/Desktop/Code/robot/lab2/build/ros_gz_description' returned '0': CMAKE_PREFIX_PATH=${CMAKE_PREFIX_PATH}:/opt/ros/jazzy PS1=<ROS2-Jazzy>[\u@\h \W]$ /usr/bin/cmake --install /home/barenbo/Desktop/Code/robot/lab2/build/ros_gz_description
[1.053s] Level 1:colcon.colcon_core.shell:create_environment_hook('ros_gz_description', 'cmake_prefix_path')
[1.053s] INFO:colcon.colcon_core.shell:Creating environment hook '/home/barenbo/Desktop/Code/robot/lab2/install/ros_gz_description/share/ros_gz_description/hook/cmake_prefix_path.ps1'
[1.057s] INFO:colcon.colcon_core.shell:Creating environment descriptor '/home/barenbo/Desktop/Code/robot/lab2/install/ros_gz_description/share/ros_gz_description/hook/cmake_prefix_path.dsv'
[1.059s] INFO:colcon.colcon_core.shell:Creating environment hook '/home/barenbo/Desktop/Code/robot/lab2/install/ros_gz_description/share/ros_gz_description/hook/cmake_prefix_path.sh'
[1.062s] Level 1:colcon.colcon_core.environment:checking '/home/barenbo/Desktop/Code/robot/lab2/install/ros_gz_description/bin'
[1.063s] Level 1:colcon.colcon_core.environment:checking '/home/barenbo/Desktop/Code/robot/lab2/install/ros_gz_description/lib/pkgconfig/ros_gz_description.pc'
[1.063s] Level 1:colcon.colcon_core.environment:checking '/home/barenbo/Desktop/Code/robot/lab2/install/ros_gz_description/lib/python3.12/site-packages'
[1.063s] Level 1:colcon.colcon_core.environment:checking '/home/barenbo/Desktop/Code/robot/lab2/install/ros_gz_description/bin'
[1.063s] INFO:colcon.colcon_core.shell:Creating package script '/home/barenbo/Desktop/Code/robot/lab2/install/ros_gz_description/share/ros_gz_description/package.ps1'
[1.067s] INFO:colcon.colcon_core.shell:Creating package descriptor '/home/barenbo/Desktop/Code/robot/lab2/install/ros_gz_description/share/ros_gz_description/package.dsv'
[1.069s] INFO:colcon.colcon_core.shell:Creating package script '/home/barenbo/Desktop/Code/robot/lab2/install/ros_gz_description/share/ros_gz_description/package.sh'
[1.072s] INFO:colcon.colcon_core.shell:Creating package script '/home/barenbo/Desktop/Code/robot/lab2/install/ros_gz_description/share/ros_gz_description/package.bash'
[1.075s] INFO:colcon.colcon_core.shell:Creating package script '/home/barenbo/Desktop/Code/robot/lab2/install/ros_gz_description/share/ros_gz_description/package.zsh'
[1.078s] Level 1:colcon.colcon_core.environment:create_file_with_runtime_dependencies(/home/barenbo/Desktop/Code/robot/lab2/install/ros_gz_description/share/colcon-core/packages/ros_gz_description)
[1.080s] Level 1:colcon.colcon_core.environment:create_environment_scripts_only(ros_gz_description)
[1.080s] Level 1:colcon.colcon_core.environment:checking '/home/barenbo/Desktop/Code/robot/lab2/install/ros_gz_description' for CMake module files
[1.082s] Level 1:colcon.colcon_core.environment:checking '/home/barenbo/Desktop/Code/robot/lab2/install/ros_gz_description' for CMake config files
[1.084s] Level 1:colcon.colcon_core.shell:create_environment_hook('ros_gz_description', 'cmake_prefix_path')
[1.084s] INFO:colcon.colcon_core.shell:Creating environment hook '/home/barenbo/Desktop/Code/robot/lab2/install/ros_gz_description/share/ros_gz_description/hook/cmake_prefix_path.ps1'
[1.087s] INFO:colcon.colcon_core.shell:Creating environment descriptor '/home/barenbo/Desktop/Code/robot/lab2/install/ros_gz_description/share/ros_gz_description/hook/cmake_prefix_path.dsv'
[1.089s] INFO:colcon.colcon_core.shell:Creating environment hook '/home/barenbo/Desktop/Code/robot/lab2/install/ros_gz_description/share/ros_gz_description/hook/cmake_prefix_path.sh'
[1.092s] Level 1:colcon.colcon_core.environment:checking '/home/barenbo/Desktop/Code/robot/lab2/install/ros_gz_description/bin'
[1.092s] Level 1:colcon.colcon_core.environment:checking '/home/barenbo/Desktop/Code/robot/lab2/install/ros_gz_description/lib/pkgconfig/ros_gz_description.pc'
[1.092s] Level 1:colcon.colcon_core.environment:checking '/home/barenbo/Desktop/Code/robot/lab2/install/ros_gz_description/lib/python3.12/site-packages'
[1.093s] Level 1:colcon.colcon_core.environment:checking '/home/barenbo/Desktop/Code/robot/lab2/install/ros_gz_description/bin'
[1.093s] INFO:colcon.colcon_core.shell:Creating package script '/home/barenbo/Desktop/Code/robot/lab2/install/ros_gz_description/share/ros_gz_description/package.ps1'
[1.095s] INFO:colcon.colcon_core.shell:Creating package descriptor '/home/barenbo/Desktop/Code/robot/lab2/install/ros_gz_description/share/ros_gz_description/package.dsv'
[1.098s] INFO:colcon.colcon_core.shell:Creating package script '/home/barenbo/Desktop/Code/robot/lab2/install/ros_gz_description/share/ros_gz_description/package.sh'
[1.102s] INFO:colcon.colcon_core.shell:Creating package script '/home/barenbo/Desktop/Code/robot/lab2/install/ros_gz_description/share/ros_gz_description/package.bash'
[1.105s] INFO:colcon.colcon_core.shell:Creating package script '/home/barenbo/Desktop/Code/robot/lab2/install/ros_gz_description/share/ros_gz_description/package.zsh'
[1.108s] Level 1:colcon.colcon_core.environment:create_file_with_runtime_dependencies(/home/barenbo/Desktop/Code/robot/lab2/install/ros_gz_description/share/colcon-core/packages/ros_gz_description)
[1.109s] INFO:colcon.colcon_ros.task.ament_cmake.build:Building ROS package in '/home/barenbo/Desktop/Code/robot/lab2/ros-lab-2/ros_gz_gazebo' with build type 'ament_cmake'
[1.109s] INFO:colcon.colcon_cmake.task.cmake.build:Building CMake package in '/home/barenbo/Desktop/Code/robot/lab2/ros-lab-2/ros_gz_gazebo'
[1.109s] INFO:colcon.colcon_core.shell:Skip shell extension 'powershell' for command environment: Not usable outside of PowerShell
[1.109s] DEBUG:colcon.colcon_core.shell:Skip shell extension 'dsv' for command environment
[1.137s] DEBUG:colcon.colcon_core.event_handler.log_command:Invoking command in '/home/barenbo/Desktop/Code/robot/lab2/build/ros_gz_gazebo': CMAKE_PREFIX_PATH=/home/barenbo/Desktop/Code/robot/lab2/install/ros_gz_description:/opt/ros/jazzy/opt/gz_sim_vendor:/opt/ros/jazzy/opt/gz_sensors_vendor:/opt/ros/jazzy/opt/gz_physics_vendor:/opt/ros/jazzy/opt/sdformat_vendor:/opt/ros/jazzy/opt/gz_gui_vendor:/opt/ros/jazzy/opt/gz_transport_vendor:/opt/ros/jazzy/opt/gz_rendering_vendor:/opt/ros/jazzy/opt/gz_plugin_vendor:/opt/ros/jazzy/opt/gz_fuel_tools_vendor:/opt/ros/jazzy/opt/gz_msgs_vendor:/opt/ros/jazzy/opt/gz_common_vendor:/opt/ros/jazzy/opt/gz_math_vendor:/opt/ros/jazzy/opt/gz_utils_vendor:/opt/ros/jazzy/opt/gz_tools_vendor:/opt/ros/jazzy/opt/gz_ogre_next_vendor:/opt/ros/jazzy/opt/gz_dartsim_vendor:/opt/ros/jazzy/opt/gz_cmake_vendor:/opt/ros/jazzy PS1=<ROS2-Jazzy>[\u@\h \W]$ /usr/bin/cmake --build /home/barenbo/Desktop/Code/robot/lab2/build/ros_gz_gazebo -- -j24 -l24
[1.252s] DEBUG:colcon.colcon_core.event_handler.log_command:Invoked command in '/home/barenbo/Desktop/Code/robot/lab2/build/ros_gz_gazebo' returned '0': CMAKE_PREFIX_PATH=/home/barenbo/Desktop/Code/robot/lab2/install/ros_gz_description:/opt/ros/jazzy/opt/gz_sim_vendor:/opt/ros/jazzy/opt/gz_sensors_vendor:/opt/ros/jazzy/opt/gz_physics_vendor:/opt/ros/jazzy/opt/sdformat_vendor:/opt/ros/jazzy/opt/gz_gui_vendor:/opt/ros/jazzy/opt/gz_transport_vendor:/opt/ros/jazzy/opt/gz_rendering_vendor:/opt/ros/jazzy/opt/gz_plugin_vendor:/opt/ros/jazzy/opt/gz_fuel_tools_vendor:/opt/ros/jazzy/opt/gz_msgs_vendor:/opt/ros/jazzy/opt/gz_common_vendor:/opt/ros/jazzy/opt/gz_math_vendor:/opt/ros/jazzy/opt/gz_utils_vendor:/opt/ros/jazzy/opt/gz_tools_vendor:/opt/ros/jazzy/opt/gz_ogre_next_vendor:/opt/ros/jazzy/opt/gz_dartsim_vendor:/opt/ros/jazzy/opt/gz_cmake_vendor:/opt/ros/jazzy PS1=<ROS2-Jazzy>[\u@\h \W]$ /usr/bin/cmake --build /home/barenbo/Desktop/Code/robot/lab2/build/ros_gz_gazebo -- -j24 -l24
[1.257s] DEBUG:colcon.colcon_core.event_handler.log_command:Invoking command in '/home/barenbo/Desktop/Code/robot/lab2/build/ros_gz_gazebo': CMAKE_PREFIX_PATH=/home/barenbo/Desktop/Code/robot/lab2/install/ros_gz_description:/opt/ros/jazzy/opt/gz_sim_vendor:/opt/ros/jazzy/opt/gz_sensors_vendor:/opt/ros/jazzy/opt/gz_physics_vendor:/opt/ros/jazzy/opt/sdformat_vendor:/opt/ros/jazzy/opt/gz_gui_vendor:/opt/ros/jazzy/opt/gz_transport_vendor:/opt/ros/jazzy/opt/gz_rendering_vendor:/opt/ros/jazzy/opt/gz_plugin_vendor:/opt/ros/jazzy/opt/gz_fuel_tools_vendor:/opt/ros/jazzy/opt/gz_msgs_vendor:/opt/ros/jazzy/opt/gz_common_vendor:/opt/ros/jazzy/opt/gz_math_vendor:/opt/ros/jazzy/opt/gz_utils_vendor:/opt/ros/jazzy/opt/gz_tools_vendor:/opt/ros/jazzy/opt/gz_ogre_next_vendor:/opt/ros/jazzy/opt/gz_dartsim_vendor:/opt/ros/jazzy/opt/gz_cmake_vendor:/opt/ros/jazzy PS1=<ROS2-Jazzy>[\u@\h \W]$ /usr/bin/cmake --install /home/barenbo/Desktop/Code/robot/lab2/build/ros_gz_gazebo
[1.319s] DEBUG:colcon.colcon_core.event_handler.log_command:Invoking command in '/home/barenbo/Desktop/Code/robot/lab2/py_pubsub': PS1=<ROS2-Jazzy>[\u@\h \W]$ PYTHONPATH=/home/barenbo/Desktop/Code/robot/lab2/build/py_pubsub/prefix_override:/usr/lib/python3/dist-packages/colcon_core/task/python/colcon_distutils_commands:/home/barenbo/Desktop/Code/robot/lab2/install/py_pubsub/lib/python3.12/site-packages:${PYTHONPATH} /usr/bin/python3 -W ignore:setup.py install is deprecated -W ignore:easy_install command is deprecated setup.py egg_info --egg-base ../build/py_pubsub build --build-base /home/barenbo/Desktop/Code/robot/lab2/build/py_pubsub/build install --record /home/barenbo/Desktop/Code/robot/lab2/build/py_pubsub/install.log --single-version-externally-managed install_data
[1.330s] Level 1:colcon.colcon_core.environment:create_environment_scripts_only(ros_gz_gazebo)
[1.330s] Level 1:colcon.colcon_core.environment:checking '/home/barenbo/Desktop/Code/robot/lab2/install/ros_gz_gazebo' for CMake module files
[1.331s] DEBUG:colcon.colcon_core.event_handler.log_command:Invoked command in '/home/barenbo/Desktop/Code/robot/lab2/build/ros_gz_gazebo' returned '0': CMAKE_PREFIX_PATH=/home/barenbo/Desktop/Code/robot/lab2/install/ros_gz_description:/opt/ros/jazzy/opt/gz_sim_vendor:/opt/ros/jazzy/opt/gz_sensors_vendor:/opt/ros/jazzy/opt/gz_physics_vendor:/opt/ros/jazzy/opt/sdformat_vendor:/opt/ros/jazzy/opt/gz_gui_vendor:/opt/ros/jazzy/opt/gz_transport_vendor:/opt/ros/jazzy/opt/gz_rendering_vendor:/opt/ros/jazzy/opt/gz_plugin_vendor:/opt/ros/jazzy/opt/gz_fuel_tools_vendor:/opt/ros/jazzy/opt/gz_msgs_vendor:/opt/ros/jazzy/opt/gz_common_vendor:/opt/ros/jazzy/opt/gz_math_vendor:/opt/ros/jazzy/opt/gz_utils_vendor:/opt/ros/jazzy/opt/gz_tools_vendor:/opt/ros/jazzy/opt/gz_ogre_next_vendor:/opt/ros/jazzy/opt/gz_dartsim_vendor:/opt/ros/jazzy/opt/gz_cmake_vendor:/opt/ros/jazzy PS1=<ROS2-Jazzy>[\u@\h \W]$ /usr/bin/cmake --install /home/barenbo/Desktop/Code/robot/lab2/build/ros_gz_gazebo
[1.336s] Level 1:colcon.colcon_core.environment:checking '/home/barenbo/Desktop/Code/robot/lab2/install/ros_gz_gazebo' for CMake config files
[1.340s] Level 1:colcon.colcon_core.shell:create_environment_hook('ros_gz_gazebo', 'cmake_prefix_path')
[1.340s] INFO:colcon.colcon_core.shell:Creating environment hook '/home/barenbo/Desktop/Code/robot/lab2/install/ros_gz_gazebo/share/ros_gz_gazebo/hook/cmake_prefix_path.ps1'
[1.343s] INFO:colcon.colcon_core.shell:Creating environment descriptor '/home/barenbo/Desktop/Code/robot/lab2/install/ros_gz_gazebo/share/ros_gz_gazebo/hook/cmake_prefix_path.dsv'
[1.346s] INFO:colcon.colcon_core.shell:Creating environment hook '/home/barenbo/Desktop/Code/robot/lab2/install/ros_gz_gazebo/share/ros_gz_gazebo/hook/cmake_prefix_path.sh'
[1.349s] Level 1:colcon.colcon_core.environment:checking '/home/barenbo/Desktop/Code/robot/lab2/install/ros_gz_gazebo/lib'
[1.349s] Level 1:colcon.colcon_core.environment:checking '/home/barenbo/Desktop/Code/robot/lab2/install/ros_gz_gazebo/bin'
[1.350s] Level 1:colcon.colcon_core.environment:checking '/home/barenbo/Desktop/Code/robot/lab2/install/ros_gz_gazebo/lib/pkgconfig/ros_gz_gazebo.pc'
[1.350s] Level 1:colcon.colcon_core.environment:checking '/home/barenbo/Desktop/Code/robot/lab2/install/ros_gz_gazebo/lib/python3.12/site-packages'
[1.351s] Level 1:colcon.colcon_core.environment:checking '/home/barenbo/Desktop/Code/robot/lab2/install/ros_gz_gazebo/bin'
[1.351s] INFO:colcon.colcon_core.shell:Creating package script '/home/barenbo/Desktop/Code/robot/lab2/install/ros_gz_gazebo/share/ros_gz_gazebo/package.ps1'
[1.354s] INFO:colcon.colcon_core.shell:Creating package descriptor '/home/barenbo/Desktop/Code/robot/lab2/install/ros_gz_gazebo/share/ros_gz_gazebo/package.dsv'
[1.357s] INFO:colcon.colcon_core.shell:Creating package script '/home/barenbo/Desktop/Code/robot/lab2/install/ros_gz_gazebo/share/ros_gz_gazebo/package.sh'
[1.359s] INFO:colcon.colcon_core.shell:Creating package script '/home/barenbo/Desktop/Code/robot/lab2/install/ros_gz_gazebo/share/ros_gz_gazebo/package.bash'
[1.361s] INFO:colcon.colcon_core.shell:Creating package script '/home/barenbo/Desktop/Code/robot/lab2/install/ros_gz_gazebo/share/ros_gz_gazebo/package.zsh'
[1.363s] Level 1:colcon.colcon_core.environment:create_file_with_runtime_dependencies(/home/barenbo/Desktop/Code/robot/lab2/install/ros_gz_gazebo/share/colcon-core/packages/ros_gz_gazebo)
[1.366s] Level 1:colcon.colcon_core.environment:create_environment_scripts_only(ros_gz_gazebo)
[1.366s] Level 1:colcon.colcon_core.environment:checking '/home/barenbo/Desktop/Code/robot/lab2/install/ros_gz_gazebo' for CMake module files
[1.367s] Level 1:colcon.colcon_core.environment:checking '/home/barenbo/Desktop/Code/robot/lab2/install/ros_gz_gazebo' for CMake config files
[1.371s] Level 1:colcon.colcon_core.shell:create_environment_hook('ros_gz_gazebo', 'cmake_prefix_path')
[1.371s] INFO:colcon.colcon_core.shell:Creating environment hook '/home/barenbo/Desktop/Code/robot/lab2/install/ros_gz_gazebo/share/ros_gz_gazebo/hook/cmake_prefix_path.ps1'
[1.373s] INFO:colcon.colcon_core.shell:Creating environment descriptor '/home/barenbo/Desktop/Code/robot/lab2/install/ros_gz_gazebo/share/ros_gz_gazebo/hook/cmake_prefix_path.dsv'
[1.375s] INFO:colcon.colcon_core.shell:Creating environment hook '/home/barenbo/Desktop/Code/robot/lab2/install/ros_gz_gazebo/share/ros_gz_gazebo/hook/cmake_prefix_path.sh'
[1.378s] Level 1:colcon.colcon_core.environment:checking '/home/barenbo/Desktop/Code/robot/lab2/install/ros_gz_gazebo/lib'
[1.378s] Level 1:colcon.colcon_core.environment:checking '/home/barenbo/Desktop/Code/robot/lab2/install/ros_gz_gazebo/bin'
[1.378s] Level 1:colcon.colcon_core.environment:checking '/home/barenbo/Desktop/Code/robot/lab2/install/ros_gz_gazebo/lib/pkgconfig/ros_gz_gazebo.pc'
[1.379s] Level 1:colcon.colcon_core.environment:checking '/home/barenbo/Desktop/Code/robot/lab2/install/ros_gz_gazebo/lib/python3.12/site-packages'
[1.379s] Level 1:colcon.colcon_core.environment:checking '/home/barenbo/Desktop/Code/robot/lab2/install/ros_gz_gazebo/bin'
[1.379s] INFO:colcon.colcon_core.shell:Creating package script '/home/barenbo/Desktop/Code/robot/lab2/install/ros_gz_gazebo/share/ros_gz_gazebo/package.ps1'
[1.382s] INFO:colcon.colcon_core.shell:Creating package descriptor '/home/barenbo/Desktop/Code/robot/lab2/install/ros_gz_gazebo/share/ros_gz_gazebo/package.dsv'
[1.384s] INFO:colcon.colcon_core.shell:Creating package script '/home/barenbo/Desktop/Code/robot/lab2/install/ros_gz_gazebo/share/ros_gz_gazebo/package.sh'
[1.386s] INFO:colcon.colcon_core.shell:Creating package script '/home/barenbo/Desktop/Code/robot/lab2/install/ros_gz_gazebo/share/ros_gz_gazebo/package.bash'
[1.387s] INFO:colcon.colcon_core.shell:Creating package script '/home/barenbo/Desktop/Code/robot/lab2/install/ros_gz_gazebo/share/ros_gz_gazebo/package.zsh'
[1.389s] Level 1:colcon.colcon_core.environment:create_file_with_runtime_dependencies(/home/barenbo/Desktop/Code/robot/lab2/install/ros_gz_gazebo/share/colcon-core/packages/ros_gz_gazebo)
[1.391s] INFO:colcon.colcon_ros.task.ament_cmake.build:Building ROS package in '/home/barenbo/Desktop/Code/robot/lab2/ros-lab-2/ros_gz_bringup' with build type 'ament_cmake'
[1.391s] INFO:colcon.colcon_cmake.task.cmake.build:Building CMake package in '/home/barenbo/Desktop/Code/robot/lab2/ros-lab-2/ros_gz_bringup'
[1.391s] INFO:colcon.colcon_core.shell:Skip shell extension 'powershell' for command environment: Not usable outside of PowerShell
[1.391s] DEBUG:colcon.colcon_core.shell:Skip shell extension 'dsv' for command environment
[1.414s] DEBUG:colcon.colcon_core.event_handler.log_command:Invoking command in '/home/barenbo/Desktop/Code/robot/lab2/build/ros_gz_bringup': AMENT_PREFIX_PATH=/home/barenbo/Desktop/Code/robot/lab2/install/ros_gz_gazebo:${AMENT_PREFIX_PATH} CMAKE_PREFIX_PATH=/home/barenbo/Desktop/Code/robot/lab2/install/ros_gz_gazebo:/home/barenbo/Desktop/Code/robot/lab2/install/ros_gz_description:/opt/ros/jazzy/opt/gz_sim_vendor:/opt/ros/jazzy/opt/gz_sensors_vendor:/opt/ros/jazzy/opt/gz_physics_vendor:/opt/ros/jazzy/opt/sdformat_vendor:/opt/ros/jazzy/opt/gz_gui_vendor:/opt/ros/jazzy/opt/gz_transport_vendor:/opt/ros/jazzy/opt/gz_rendering_vendor:/opt/ros/jazzy/opt/gz_plugin_vendor:/opt/ros/jazzy/opt/gz_fuel_tools_vendor:/opt/ros/jazzy/opt/gz_msgs_vendor:/opt/ros/jazzy/opt/gz_common_vendor:/opt/ros/jazzy/opt/gz_math_vendor:/opt/ros/jazzy/opt/gz_utils_vendor:/opt/ros/jazzy/opt/gz_tools_vendor:/opt/ros/jazzy/opt/gz_ogre_next_vendor:/opt/ros/jazzy/opt/gz_dartsim_vendor:/opt/ros/jazzy/opt/gz_cmake_vendor:/opt/ros/jazzy GZ_SIM_PLUGIN_PATH=/home/barenbo/Desktop/Code/robot/lab2/install/ros_gz_gazebo/lib/ros_gz_gazebo GZ_SIM_RESOURCE_PATH=/home/barenbo/Desktop/Code/robot/lab2/install/ros_gz_gazebo/share/ros_gz_gazebo/worlds PS1=<ROS2-Jazzy>[\u@\h \W]$ /usr/bin/cmake --build /home/barenbo/Desktop/Code/robot/lab2/build/ros_gz_bringup -- -j24 -l24
[1.446s] DEBUG:colcon.colcon_core.event_handler.log_command:Invoked command in '/home/barenbo/Desktop/Code/robot/lab2/build/ros_gz_bringup' returned '0': AMENT_PREFIX_PATH=/home/barenbo/Desktop/Code/robot/lab2/install/ros_gz_gazebo:${AMENT_PREFIX_PATH} CMAKE_PREFIX_PATH=/home/barenbo/Desktop/Code/robot/lab2/install/ros_gz_gazebo:/home/barenbo/Desktop/Code/robot/lab2/install/ros_gz_description:/opt/ros/jazzy/opt/gz_sim_vendor:/opt/ros/jazzy/opt/gz_sensors_vendor:/opt/ros/jazzy/opt/gz_physics_vendor:/opt/ros/jazzy/opt/sdformat_vendor:/opt/ros/jazzy/opt/gz_gui_vendor:/opt/ros/jazzy/opt/gz_transport_vendor:/opt/ros/jazzy/opt/gz_rendering_vendor:/opt/ros/jazzy/opt/gz_plugin_vendor:/opt/ros/jazzy/opt/gz_fuel_tools_vendor:/opt/ros/jazzy/opt/gz_msgs_vendor:/opt/ros/jazzy/opt/gz_common_vendor:/opt/ros/jazzy/opt/gz_math_vendor:/opt/ros/jazzy/opt/gz_utils_vendor:/opt/ros/jazzy/opt/gz_tools_vendor:/opt/ros/jazzy/opt/gz_ogre_next_vendor:/opt/ros/jazzy/opt/gz_dartsim_vendor:/opt/ros/jazzy/opt/gz_cmake_vendor:/opt/ros/jazzy GZ_SIM_PLUGIN_PATH=/home/barenbo/Desktop/Code/robot/lab2/install/ros_gz_gazebo/lib/ros_gz_gazebo GZ_SIM_RESOURCE_PATH=/home/barenbo/Desktop/Code/robot/lab2/install/ros_gz_gazebo/share/ros_gz_gazebo/worlds PS1=<ROS2-Jazzy>[\u@\h \W]$ /usr/bin/cmake --build /home/barenbo/Desktop/Code/robot/lab2/build/ros_gz_bringup -- -j24 -l24
[1.449s] DEBUG:colcon.colcon_core.event_handler.log_command:Invoking command in '/home/barenbo/Desktop/Code/robot/lab2/build/ros_gz_bringup': AMENT_PREFIX_PATH=/home/barenbo/Desktop/Code/robot/lab2/install/ros_gz_gazebo:${AMENT_PREFIX_PATH} CMAKE_PREFIX_PATH=/home/barenbo/Desktop/Code/robot/lab2/install/ros_gz_gazebo:/home/barenbo/Desktop/Code/robot/lab2/install/ros_gz_description:/opt/ros/jazzy/opt/gz_sim_vendor:/opt/ros/jazzy/opt/gz_sensors_vendor:/opt/ros/jazzy/opt/gz_physics_vendor:/opt/ros/jazzy/opt/sdformat_vendor:/opt/ros/jazzy/opt/gz_gui_vendor:/opt/ros/jazzy/opt/gz_transport_vendor:/opt/ros/jazzy/opt/gz_rendering_vendor:/opt/ros/jazzy/opt/gz_plugin_vendor:/opt/ros/jazzy/opt/gz_fuel_tools_vendor:/opt/ros/jazzy/opt/gz_msgs_vendor:/opt/ros/jazzy/opt/gz_common_vendor:/opt/ros/jazzy/opt/gz_math_vendor:/opt/ros/jazzy/opt/gz_utils_vendor:/opt/ros/jazzy/opt/gz_tools_vendor:/opt/ros/jazzy/opt/gz_ogre_next_vendor:/opt/ros/jazzy/opt/gz_dartsim_vendor:/opt/ros/jazzy/opt/gz_cmake_vendor:/opt/ros/jazzy GZ_SIM_PLUGIN_PATH=/home/barenbo/Desktop/Code/robot/lab2/install/ros_gz_gazebo/lib/ros_gz_gazebo GZ_SIM_RESOURCE_PATH=/home/barenbo/Desktop/Code/robot/lab2/install/ros_gz_gazebo/share/ros_gz_gazebo/worlds PS1=<ROS2-Jazzy>[\u@\h \W]$ /usr/bin/cmake --install /home/barenbo/Desktop/Code/robot/lab2/build/ros_gz_bringup
[1.480s] Level 1:colcon.colcon_core.environment:create_environment_scripts_only(ros_gz_bringup)
[1.480s] Level 1:colcon.colcon_core.environment:checking '/home/barenbo/Desktop/Code/robot/lab2/install/ros_gz_bringup' for CMake module files
[1.480s] DEBUG:colcon.colcon_core.event_handler.log_command:Invoked command in '/home/barenbo/Desktop/Code/robot/lab2/build/ros_gz_bringup' returned '0': AMENT_PREFIX_PATH=/home/barenbo/Desktop/Code/robot/lab2/install/ros_gz_gazebo:${AMENT_PREFIX_PATH} CMAKE_PREFIX_PATH=/home/barenbo/Desktop/Code/robot/lab2/install/ros_gz_gazebo:/home/barenbo/Desktop/Code/robot/lab2/install/ros_gz_description:/opt/ros/jazzy/opt/gz_sim_vendor:/opt/ros/jazzy/opt/gz_sensors_vendor:/opt/ros/jazzy/opt/gz_physics_vendor:/opt/ros/jazzy/opt/sdformat_vendor:/opt/ros/jazzy/opt/gz_gui_vendor:/opt/ros/jazzy/opt/gz_transport_vendor:/opt/ros/jazzy/opt/gz_rendering_vendor:/opt/ros/jazzy/opt/gz_plugin_vendor:/opt/ros/jazzy/opt/gz_fuel_tools_vendor:/opt/ros/jazzy/opt/gz_msgs_vendor:/opt/ros/jazzy/opt/gz_common_vendor:/opt/ros/jazzy/opt/gz_math_vendor:/opt/ros/jazzy/opt/gz_utils_vendor:/opt/ros/jazzy/opt/gz_tools_vendor:/opt/ros/jazzy/opt/gz_ogre_next_vendor:/opt/ros/jazzy/opt/gz_dartsim_vendor:/opt/ros/jazzy/opt/gz_cmake_vendor:/opt/ros/jazzy GZ_SIM_PLUGIN_PATH=/home/barenbo/Desktop/Code/robot/lab2/install/ros_gz_gazebo/lib/ros_gz_gazebo GZ_SIM_RESOURCE_PATH=/home/barenbo/Desktop/Code/robot/lab2/install/ros_gz_gazebo/share/ros_gz_gazebo/worlds PS1=<ROS2-Jazzy>[\u@\h \W]$ /usr/bin/cmake --install /home/barenbo/Desktop/Code/robot/lab2/build/ros_gz_bringup
[1.483s] Level 1:colcon.colcon_core.environment:checking '/home/barenbo/Desktop/Code/robot/lab2/install/ros_gz_bringup' for CMake config files
[1.486s] Level 1:colcon.colcon_core.shell:create_environment_hook('ros_gz_bringup', 'cmake_prefix_path')
[1.486s] INFO:colcon.colcon_core.shell:Creating environment hook '/home/barenbo/Desktop/Code/robot/lab2/install/ros_gz_bringup/share/ros_gz_bringup/hook/cmake_prefix_path.ps1'
[1.488s] INFO:colcon.colcon_core.shell:Creating environment descriptor '/home/barenbo/Desktop/Code/robot/lab2/install/ros_gz_bringup/share/ros_gz_bringup/hook/cmake_prefix_path.dsv'
[1.489s] INFO:colcon.colcon_core.shell:Creating environment hook '/home/barenbo/Desktop/Code/robot/lab2/install/ros_gz_bringup/share/ros_gz_bringup/hook/cmake_prefix_path.sh'
[1.492s] Level 1:colcon.colcon_core.environment:checking '/home/barenbo/Desktop/Code/robot/lab2/install/ros_gz_bringup/bin'
[1.492s] Level 1:colcon.colcon_core.environment:checking '/home/barenbo/Desktop/Code/robot/lab2/install/ros_gz_bringup/lib/pkgconfig/ros_gz_bringup.pc'
[1.492s] Level 1:colcon.colcon_core.environment:checking '/home/barenbo/Desktop/Code/robot/lab2/install/ros_gz_bringup/lib/python3.12/site-packages'
[1.492s] Level 1:colcon.colcon_core.environment:checking '/home/barenbo/Desktop/Code/robot/lab2/install/ros_gz_bringup/bin'
[1.492s] INFO:colcon.colcon_core.shell:Creating package script '/home/barenbo/Desktop/Code/robot/lab2/install/ros_gz_bringup/share/ros_gz_bringup/package.ps1'
[1.494s] INFO:colcon.colcon_core.shell:Creating package descriptor '/home/barenbo/Desktop/Code/robot/lab2/install/ros_gz_bringup/share/ros_gz_bringup/package.dsv'
[1.496s] INFO:colcon.colcon_core.shell:Creating package script '/home/barenbo/Desktop/Code/robot/lab2/install/ros_gz_bringup/share/ros_gz_bringup/package.sh'
[1.498s] INFO:colcon.colcon_core.shell:Creating package script '/home/barenbo/Desktop/Code/robot/lab2/install/ros_gz_bringup/share/ros_gz_bringup/package.bash'
[1.500s] INFO:colcon.colcon_core.shell:Creating package script '/home/barenbo/Desktop/Code/robot/lab2/install/ros_gz_bringup/share/ros_gz_bringup/package.zsh'
[1.502s] Level 1:colcon.colcon_core.environment:create_file_with_runtime_dependencies(/home/barenbo/Desktop/Code/robot/lab2/install/ros_gz_bringup/share/colcon-core/packages/ros_gz_bringup)
[1.505s] Level 1:colcon.colcon_core.environment:create_environment_scripts_only(ros_gz_bringup)
[1.506s] Level 1:colcon.colcon_core.environment:checking '/home/barenbo/Desktop/Code/robot/lab2/install/ros_gz_bringup' for CMake module files
[1.507s] Level 1:colcon.colcon_core.environment:checking '/home/barenbo/Desktop/Code/robot/lab2/install/ros_gz_bringup' for CMake config files
[1.510s] Level 1:colcon.colcon_core.shell:create_environment_hook('ros_gz_bringup', 'cmake_prefix_path')
[1.510s] INFO:colcon.colcon_core.shell:Creating environment hook '/home/barenbo/Desktop/Code/robot/lab2/install/ros_gz_bringup/share/ros_gz_bringup/hook/cmake_prefix_path.ps1'
[1.512s] INFO:colcon.colcon_core.shell:Creating environment descriptor '/home/barenbo/Desktop/Code/robot/lab2/install/ros_gz_bringup/share/ros_gz_bringup/hook/cmake_prefix_path.dsv'
[1.514s] INFO:colcon.colcon_core.shell:Creating environment hook '/home/barenbo/Desktop/Code/robot/lab2/install/ros_gz_bringup/share/ros_gz_bringup/hook/cmake_prefix_path.sh'
[1.517s] Level 1:colcon.colcon_core.environment:checking '/home/barenbo/Desktop/Code/robot/lab2/install/ros_gz_bringup/bin'
[1.517s] Level 1:colcon.colcon_core.environment:checking '/home/barenbo/Desktop/Code/robot/lab2/install/ros_gz_bringup/lib/pkgconfig/ros_gz_bringup.pc'
[1.517s] Level 1:colcon.colcon_core.environment:checking '/home/barenbo/Desktop/Code/robot/lab2/install/ros_gz_bringup/lib/python3.12/site-packages'
[1.517s] Level 1:colcon.colcon_core.environment:checking '/home/barenbo/Desktop/Code/robot/lab2/install/ros_gz_bringup/bin'
[1.517s] INFO:colcon.colcon_core.shell:Creating package script '/home/barenbo/Desktop/Code/robot/lab2/install/ros_gz_bringup/share/ros_gz_bringup/package.ps1'
[1.519s] INFO:colcon.colcon_core.shell:Creating package descriptor '/home/barenbo/Desktop/Code/robot/lab2/install/ros_gz_bringup/share/ros_gz_bringup/package.dsv'
[1.521s] INFO:colcon.colcon_core.shell:Creating package script '/home/barenbo/Desktop/Code/robot/lab2/install/ros_gz_bringup/share/ros_gz_bringup/package.sh'
[1.523s] INFO:colcon.colcon_core.shell:Creating package script '/home/barenbo/Desktop/Code/robot/lab2/install/ros_gz_bringup/share/ros_gz_bringup/package.bash'
[1.525s] INFO:colcon.colcon_core.shell:Creating package script '/home/barenbo/Desktop/Code/robot/lab2/install/ros_gz_bringup/share/ros_gz_bringup/package.zsh'
[1.526s] Level 1:colcon.colcon_core.environment:create_file_with_runtime_dependencies(/home/barenbo/Desktop/Code/robot/lab2/install/ros_gz_bringup/share/colcon-core/packages/ros_gz_bringup)
[1.797s] Level 1:colcon.colcon_core.environment:checking '/home/barenbo/Desktop/Code/robot/lab2/install/py_pubsub' for CMake module files
[1.797s] DEBUG:colcon.colcon_core.event_handler.log_command:Invoked command in '/home/barenbo/Desktop/Code/robot/lab2/py_pubsub' returned '0': PS1=<ROS2-Jazzy>[\u@\h \W]$ PYTHONPATH=/home/barenbo/Desktop/Code/robot/lab2/build/py_pubsub/prefix_override:/usr/lib/python3/dist-packages/colcon_core/task/python/colcon_distutils_commands:/home/barenbo/Desktop/Code/robot/lab2/install/py_pubsub/lib/python3.12/site-packages:${PYTHONPATH} /usr/bin/python3 -W ignore:setup.py install is deprecated -W ignore:easy_install command is deprecated setup.py egg_info --egg-base ../build/py_pubsub build --build-base /home/barenbo/Desktop/Code/robot/lab2/build/py_pubsub/build install --record /home/barenbo/Desktop/Code/robot/lab2/build/py_pubsub/install.log --single-version-externally-managed install_data
[1.801s] Level 1:colcon.colcon_core.environment:checking '/home/barenbo/Desktop/Code/robot/lab2/install/py_pubsub' for CMake config files
[1.806s] Level 1:colcon.colcon_core.environment:checking '/home/barenbo/Desktop/Code/robot/lab2/install/py_pubsub/lib'
[1.806s] Level 1:colcon.colcon_core.environment:checking '/home/barenbo/Desktop/Code/robot/lab2/install/py_pubsub/bin'
[1.807s] Level 1:colcon.colcon_core.environment:checking '/home/barenbo/Desktop/Code/robot/lab2/install/py_pubsub/lib/pkgconfig/py_pubsub.pc'
[1.807s] Level 1:colcon.colcon_core.environment:checking '/home/barenbo/Desktop/Code/robot/lab2/install/py_pubsub/lib/python3.12/site-packages'
[1.807s] Level 1:colcon.colcon_core.shell:create_environment_hook('py_pubsub', 'pythonpath')
[1.807s] INFO:colcon.colcon_core.shell:Creating environment hook '/home/barenbo/Desktop/Code/robot/lab2/install/py_pubsub/share/py_pubsub/hook/pythonpath.ps1'
[1.810s] INFO:colcon.colcon_core.shell:Creating environment descriptor '/home/barenbo/Desktop/Code/robot/lab2/install/py_pubsub/share/py_pubsub/hook/pythonpath.dsv'
[1.812s] INFO:colcon.colcon_core.shell:Creating environment hook '/home/barenbo/Desktop/Code/robot/lab2/install/py_pubsub/share/py_pubsub/hook/pythonpath.sh'
[1.815s] Level 1:colcon.colcon_core.environment:checking '/home/barenbo/Desktop/Code/robot/lab2/install/py_pubsub/bin'
[1.815s] Level 1:colcon.colcon_core.environment:create_environment_scripts_only(py_pubsub)
[1.815s] INFO:colcon.colcon_core.shell:Creating package script '/home/barenbo/Desktop/Code/robot/lab2/install/py_pubsub/share/py_pubsub/package.ps1'
[1.817s] INFO:colcon.colcon_core.shell:Creating package descriptor '/home/barenbo/Desktop/Code/robot/lab2/install/py_pubsub/share/py_pubsub/package.dsv'
[1.820s] INFO:colcon.colcon_core.shell:Creating package script '/home/barenbo/Desktop/Code/robot/lab2/install/py_pubsub/share/py_pubsub/package.sh'
[1.823s] INFO:colcon.colcon_core.shell:Creating package script '/home/barenbo/Desktop/Code/robot/lab2/install/py_pubsub/share/py_pubsub/package.bash'
[1.826s] INFO:colcon.colcon_core.shell:Creating package script '/home/barenbo/Desktop/Code/robot/lab2/install/py_pubsub/share/py_pubsub/package.zsh'
[1.829s] Level 1:colcon.colcon_core.environment:create_file_with_runtime_dependencies(/home/barenbo/Desktop/Code/robot/lab2/install/py_pubsub/share/colcon-core/packages/py_pubsub)
[1.831s] DEBUG:colcon.colcon_parallel_executor.executor.parallel:closing loop
[1.831s] DEBUG:colcon.colcon_parallel_executor.executor.parallel:loop closed
[1.832s] DEBUG:colcon.colcon_parallel_executor.executor.parallel:run_until_complete finished with '0'
[1.832s] DEBUG:colcon.colcon_core.event_reactor:joining thread
[1.910s] INFO:colcon.colcon_core.plugin_system:Skipping extension 'colcon_notification.desktop_notification.notify_send': Could not find 'notify-send'
[1.911s] INFO:colcon.colcon_core.plugin_system:Skipping extension 'colcon_notification.desktop_notification.terminal_notifier': Not used on non-Darwin systems
[1.911s] INFO:colcon.colcon_core.plugin_system:Skipping extension 'colcon_notification.desktop_notification.win32': Not used on non-Windows systems
[1.911s] INFO:colcon.colcon_notification.desktop_notification:Sending desktop notification using 'notify2'
[1.931s] DEBUG:colcon.colcon_core.event_reactor:joined thread
[1.931s] INFO:colcon.colcon_core.shell:Creating prefix script '/home/barenbo/Desktop/Code/robot/lab2/install/local_setup.ps1'
[1.937s] INFO:colcon.colcon_core.shell:Creating prefix util module '/home/barenbo/Desktop/Code/robot/lab2/install/_local_setup_util_ps1.py'
[1.943s] INFO:colcon.colcon_core.shell:Creating prefix chain script '/home/barenbo/Desktop/Code/robot/lab2/install/setup.ps1'
[1.948s] INFO:colcon.colcon_core.shell:Creating prefix script '/home/barenbo/Desktop/Code/robot/lab2/install/local_setup.sh'
[1.951s] INFO:colcon.colcon_core.shell:Creating prefix util module '/home/barenbo/Desktop/Code/robot/lab2/install/_local_setup_util_sh.py'
[1.955s] INFO:colcon.colcon_core.shell:Creating prefix chain script '/home/barenbo/Desktop/Code/robot/lab2/install/setup.sh'
[1.960s] INFO:colcon.colcon_core.shell:Creating prefix script '/home/barenbo/Desktop/Code/robot/lab2/install/local_setup.bash'
[1.964s] INFO:colcon.colcon_core.shell:Creating prefix chain script '/home/barenbo/Desktop/Code/robot/lab2/install/setup.bash'
[1.968s] INFO:colcon.colcon_core.shell:Creating prefix script '/home/barenbo/Desktop/Code/robot/lab2/install/local_setup.zsh'
[1.972s] INFO:colcon.colcon_core.shell:Creating prefix chain script '/home/barenbo/Desktop/Code/robot/lab2/install/setup.zsh'
